{"uid":"3946664b748089d7","name":"test_run[test_case2]","fullName":"QAAppAllure#test_run","historyId":"32af4ec8e9cafd504009bd2f5d73ba78","time":{"start":1746189763014,"stop":1746189830812,"duration":67798},"description":"\nRuns a test for each test case, either manually defined or dynamically fetched.\n","descriptionHtml":"<p>Runs a test for each test case, either manually defined or dynamically fetched.</p>\n","status":"failed","statusMessage":"Failed: ❌ Test 'Last Configuration Started' failed.","statusTrace":"test_case = {'body_type': 'SUV', 'market_code': 'AT/de', 'model_code': 'X296', 'model_name': 'EQS', ...}\nscreenshot_dir = '/home/runner/work/QA-Perso/QA-Perso/Tests'\n\n    @pytest.mark.parametrize(\"test_case\", all_test_cases)\n    def test_run(test_case, screenshot_dir):\n        \"\"\"\n        Runs a test for each test case, either manually defined or dynamically fetched.\n        \"\"\"\n        test_name = test_case['test_name']\n        market_code = test_case.get('market_code', 'BE/nl')\n        model_code = test_case.get('model_code', None)\n        model_name = test_case.get('model_name', None)\n        body_type = test_case.get('body_type', None)\n        urls = test_case.get('urls', {})\n    \n        # Log test case details\n        logging.info(f\"Running test case: {json.dumps(test_case, indent=2)}\")\n    \n        # Validate URLs\n        if not urls or 'HOME_PAGE' not in urls or not urls['HOME_PAGE']:\n            logging.error(f\"❌ Missing HOME_PAGE URL for test '{test_name}' (market: {market_code}, model: {model_code}).\")\n            allure.attach(f\"❌ Missing HOME_PAGE URL for test '{test_name}' (market: {market_code}, model: {model_code}).\")\n            return\n    \n    \n        # Generar ID único y consistente para Allure\n        uid_raw = f\"{test_name}_{market_code}_{model_code or 'unknown'}\"\n        uid_hashed = hashlib.md5(uid_raw.encode()).hexdigest()\n        allure.dynamic.id(uid_hashed)\n    \n        # Define browser options and create driver\n        options = build_chrome_options()\n        driver = create_driver(options)\n    \n        try:\n            # Set Allure suite hierarchy\n            allure.dynamic.parent_suite(f\"{market_code}\")  # Parent Suite\n            allure.dynamic.suite(f\"{test_name}\")  # Suite\n            allure.dynamic.sub_suite(f\"{model_code or 'N/A'} - {model_name or 'N/A'} ({body_type or 'N/A'})\")  # Sub-Suite\n    \n            # Add dynamic tags\n            allure.dynamic.tag(test_name)\n            allure.dynamic.tag(market_code)\n            if model_code:\n                allure.dynamic.tag(model_code)\n            if body_type:\n                allure.dynamic.tag(body_type)\n            if model_name:\n                allure.dynamic.tag(model_name)\n    \n            # Attach URLs to Allure\n            allure.attach(\n                json.dumps(urls, indent=2),\n                name=f\"URLs for {model_name or 'N/A'} ({body_type or 'N/A'})\",\n                attachment_type=allure.attachment_type.JSON\n            )\n    \n            # Extract base test name\n            base_test_name = test_name.split(\" - \")[0]\n    \n            # Run the test logic for the current model\n            try:\n                api_and_xhr = create_api_and_xhr(driver)\n                if api_and_xhr is None or api_and_xhr[1] is None:\n                    logging.error(\"❌ Failed to initialize API and XHR capturer.\")\n                    allure.attach(\"❌ Failed to initialize API and XHR capturer.\", name=\"Initialization Error\", attachment_type=allure.attachment_type.TEXT)\n                    return\n                if base_test_name in test_mapping:\n>                   run_test(driver, base_test_name, market_code, model_code, model_name, body_type, 1, urls, api_and_xhr, screenshot_dir)\n\nQAAppAllure.py:281: \n_ _ _ _ _ _ _ _ _ _ _ _ _ _ _ _ _ _ _ _ _ _ _ _ _ _ _ _ _ _ _ _ _ _ _ _ _ _ _ _ \n\ndriver = <selenium.webdriver.chrome.webdriver.WebDriver (session=\"cd14c28c38950653bb644722e37dbcec\")>\ntest_name = 'Last Configuration Started', market_code = 'AT/de'\nmodel_code = 'X296', model_name = 'EQS', body_type = 'SUV', attempt = 1\nurls = {'BODY_TYPE': 'SUV', 'CONFIGURATOR': 'https://www.mercedes-benz.at/passengercars/mercedes-benz-cars/car-configurator.h...Cci/AT/de/bm/2966231,2966241,2966341,2966441', 'HOME_PAGE': 'https://www.mercedes-benz.at/', 'MODEL_CODE': 'X296', ...}\napi_and_xhr = (<App.vehicle_api.VehicleAPI object at 0x7fcf41770a50>, <App.XHRResponseCapturer.XHRResponseCapturer object at 0x7fcf41956570>)\nscreenshot_dir = '/home/runner/work/QA-Perso/QA-Perso/Tests'\n\n    def run_test(driver, test_name, market_code, model_code, model_name, body_type, attempt, urls, api_and_xhr, screenshot_dir):\n        vehicle_api, xhr_capturer = api_and_xhr\n        test_success = False\n    \n        if not urls or 'HOME_PAGE' not in urls or not urls['HOME_PAGE']:\n            allure.attach(f\"❌ Could not fetch valid URLs for test '{test_name}' (market: {market_code}, model: {model_code})\")\n            pytest.fail(f\"Missing HOME_PAGE URL for test '{test_name}'\")\n    \n        allure.step(f\"\uD83C\uDF10 Fetched URLs from API for test '{test_name}':\\n\"\n                    f\"Model Name: {urls.get('MODEL_NAME', 'N/A')}\\n\"\n                    f\"Body Type: {urls.get('BODY_TYPE', 'N/A')}\\n\"\n                    f\"URLs:\\n{json.dumps(urls, indent=2)}\")\n    \n        # BFV Logic\n        if 'CONFIGURATOR' not in urls or not urls['CONFIGURATOR']:\n            if test_name in [\"BFV1\", \"BFV2\", \"BFV3\", \"Last Configuration Started\", \"Last Configuration Completed\"]:\n                message = f\"❌ Skipping test '{test_name}' due to lack of CONFIGURATOR URL.\"\n                logging.warning(message)\n                allure.dynamic.description(message)\n                pytest.skip(message)\n    \n        if 'ONLINE_SHOP' not in urls or not urls['ONLINE_SHOP']:\n            if test_name in [\"BFV2\", \"BFV3\", \"Last Seen PDP\", \"Last Seen SRP\"]:\n                message = f\"❌ Skipping test '{test_name}' due to lack of ONLINE_SHOP URL.\"\n                logging.warning(message)\n                allure.dynamic.description(message)\n                pytest.skip(message)\n    \n        if 'TEST_DRIVE' not in urls or not urls['TEST_DRIVE']:\n            if test_name == \"BFV3\":\n                message = f\"❌ Skipping test '{test_name}' due to lack of TEST_DRIVE URL.\"\n                logging.warning(message)\n                allure.dynamic.description(message)\n                pytest.skip(message)\n    \n        try:\n            driver.get(urls['HOME_PAGE'])\n            WebDriverWait(driver, 15).until(lambda d: d.execute_script(\"return document.readyState\") == \"complete\")\n            logging.info(f\"\uD83C\uDF0D Navigated to: {urls['HOME_PAGE']}\")\n        except Exception as e:\n            logging.error(f\"❌ Error navigating to HOME_PAGE: {e}\")\n            pytest.fail(f\"Error navigating to HOME_PAGE: {e}\")\n    \n        try:\n            WebDriverWait(driver, 6).until(\n                EC.presence_of_element_located((By.CSS_SELECTOR, \"cmm-cookie-banner\"))\n            )\n            time.sleep(2)\n            logging.info(\"✅ Cookie banner detected.\")\n            driver.execute_script(\"\"\"\n                document.querySelector(\"cmm-cookie-banner\").shadowRoot.querySelector(\"wb7-button.button--accept-all\").click();\n            \"\"\")\n            allure.step(\"✅ Clicked on accept cookies.\")\n        except Exception as ex:\n            allure.attach(\"❌ Cookie banner not found or already accepted.\")\n    \n        # Execute test\n        if test_name in test_mapping:\n            test_instance = test_mapping[test_name](driver, urls)\n            test_instance.run()\n            allure.step(f\"✅ {test_name} test completed.\")\n            time.sleep(4)\n    \n            test_success = verify_personalization_and_capture(\n                driver, test_name, model_name, body_type, attempt, screenshot_dir,\n                test_success, xhr_capturer, urls\n            )\n    \n        if not test_success:\n            failure_message = f\"❌ Test '{test_name}' failed.\"\n            logging.error(failure_message)\n            allure.attach(failure_message, name=\"Test Failure\", attachment_type=allure.attachment_type.TEXT)\n>           pytest.fail(failure_message)\nE           Failed: ❌ Test 'Last Configuration Started' failed.\n\nQAAppAllure.py:174: Failed","flaky":false,"newFailed":false,"newBroken":false,"newPassed":false,"retriesCount":5,"retriesStatusChange":false,"beforeStages":[{"name":"screenshot_dir","time":{"start":1746189763013,"stop":1746189763013,"duration":0},"status":"passed","steps":[],"attachments":[],"parameters":[],"shouldDisplayMessage":false,"attachmentsCount":0,"stepsCount":0,"hasContent":false,"attachmentStep":false}],"testStage":{"description":"\nRuns a test for each test case, either manually defined or dynamically fetched.\n","status":"failed","statusMessage":"Failed: ❌ Test 'Last Configuration Started' failed.","statusTrace":"test_case = {'body_type': 'SUV', 'market_code': 'AT/de', 'model_code': 'X296', 'model_name': 'EQS', ...}\nscreenshot_dir = '/home/runner/work/QA-Perso/QA-Perso/Tests'\n\n    @pytest.mark.parametrize(\"test_case\", all_test_cases)\n    def test_run(test_case, screenshot_dir):\n        \"\"\"\n        Runs a test for each test case, either manually defined or dynamically fetched.\n        \"\"\"\n        test_name = test_case['test_name']\n        market_code = test_case.get('market_code', 'BE/nl')\n        model_code = test_case.get('model_code', None)\n        model_name = test_case.get('model_name', None)\n        body_type = test_case.get('body_type', None)\n        urls = test_case.get('urls', {})\n    \n        # Log test case details\n        logging.info(f\"Running test case: {json.dumps(test_case, indent=2)}\")\n    \n        # Validate URLs\n        if not urls or 'HOME_PAGE' not in urls or not urls['HOME_PAGE']:\n            logging.error(f\"❌ Missing HOME_PAGE URL for test '{test_name}' (market: {market_code}, model: {model_code}).\")\n            allure.attach(f\"❌ Missing HOME_PAGE URL for test '{test_name}' (market: {market_code}, model: {model_code}).\")\n            return\n    \n    \n        # Generar ID único y consistente para Allure\n        uid_raw = f\"{test_name}_{market_code}_{model_code or 'unknown'}\"\n        uid_hashed = hashlib.md5(uid_raw.encode()).hexdigest()\n        allure.dynamic.id(uid_hashed)\n    \n        # Define browser options and create driver\n        options = build_chrome_options()\n        driver = create_driver(options)\n    \n        try:\n            # Set Allure suite hierarchy\n            allure.dynamic.parent_suite(f\"{market_code}\")  # Parent Suite\n            allure.dynamic.suite(f\"{test_name}\")  # Suite\n            allure.dynamic.sub_suite(f\"{model_code or 'N/A'} - {model_name or 'N/A'} ({body_type or 'N/A'})\")  # Sub-Suite\n    \n            # Add dynamic tags\n            allure.dynamic.tag(test_name)\n            allure.dynamic.tag(market_code)\n            if model_code:\n                allure.dynamic.tag(model_code)\n            if body_type:\n                allure.dynamic.tag(body_type)\n            if model_name:\n                allure.dynamic.tag(model_name)\n    \n            # Attach URLs to Allure\n            allure.attach(\n                json.dumps(urls, indent=2),\n                name=f\"URLs for {model_name or 'N/A'} ({body_type or 'N/A'})\",\n                attachment_type=allure.attachment_type.JSON\n            )\n    \n            # Extract base test name\n            base_test_name = test_name.split(\" - \")[0]\n    \n            # Run the test logic for the current model\n            try:\n                api_and_xhr = create_api_and_xhr(driver)\n                if api_and_xhr is None or api_and_xhr[1] is None:\n                    logging.error(\"❌ Failed to initialize API and XHR capturer.\")\n                    allure.attach(\"❌ Failed to initialize API and XHR capturer.\", name=\"Initialization Error\", attachment_type=allure.attachment_type.TEXT)\n                    return\n                if base_test_name in test_mapping:\n>                   run_test(driver, base_test_name, market_code, model_code, model_name, body_type, 1, urls, api_and_xhr, screenshot_dir)\n\nQAAppAllure.py:281: \n_ _ _ _ _ _ _ _ _ _ _ _ _ _ _ _ _ _ _ _ _ _ _ _ _ _ _ _ _ _ _ _ _ _ _ _ _ _ _ _ \n\ndriver = <selenium.webdriver.chrome.webdriver.WebDriver (session=\"cd14c28c38950653bb644722e37dbcec\")>\ntest_name = 'Last Configuration Started', market_code = 'AT/de'\nmodel_code = 'X296', model_name = 'EQS', body_type = 'SUV', attempt = 1\nurls = {'BODY_TYPE': 'SUV', 'CONFIGURATOR': 'https://www.mercedes-benz.at/passengercars/mercedes-benz-cars/car-configurator.h...Cci/AT/de/bm/2966231,2966241,2966341,2966441', 'HOME_PAGE': 'https://www.mercedes-benz.at/', 'MODEL_CODE': 'X296', ...}\napi_and_xhr = (<App.vehicle_api.VehicleAPI object at 0x7fcf41770a50>, <App.XHRResponseCapturer.XHRResponseCapturer object at 0x7fcf41956570>)\nscreenshot_dir = '/home/runner/work/QA-Perso/QA-Perso/Tests'\n\n    def run_test(driver, test_name, market_code, model_code, model_name, body_type, attempt, urls, api_and_xhr, screenshot_dir):\n        vehicle_api, xhr_capturer = api_and_xhr\n        test_success = False\n    \n        if not urls or 'HOME_PAGE' not in urls or not urls['HOME_PAGE']:\n            allure.attach(f\"❌ Could not fetch valid URLs for test '{test_name}' (market: {market_code}, model: {model_code})\")\n            pytest.fail(f\"Missing HOME_PAGE URL for test '{test_name}'\")\n    \n        allure.step(f\"\uD83C\uDF10 Fetched URLs from API for test '{test_name}':\\n\"\n                    f\"Model Name: {urls.get('MODEL_NAME', 'N/A')}\\n\"\n                    f\"Body Type: {urls.get('BODY_TYPE', 'N/A')}\\n\"\n                    f\"URLs:\\n{json.dumps(urls, indent=2)}\")\n    \n        # BFV Logic\n        if 'CONFIGURATOR' not in urls or not urls['CONFIGURATOR']:\n            if test_name in [\"BFV1\", \"BFV2\", \"BFV3\", \"Last Configuration Started\", \"Last Configuration Completed\"]:\n                message = f\"❌ Skipping test '{test_name}' due to lack of CONFIGURATOR URL.\"\n                logging.warning(message)\n                allure.dynamic.description(message)\n                pytest.skip(message)\n    \n        if 'ONLINE_SHOP' not in urls or not urls['ONLINE_SHOP']:\n            if test_name in [\"BFV2\", \"BFV3\", \"Last Seen PDP\", \"Last Seen SRP\"]:\n                message = f\"❌ Skipping test '{test_name}' due to lack of ONLINE_SHOP URL.\"\n                logging.warning(message)\n                allure.dynamic.description(message)\n                pytest.skip(message)\n    \n        if 'TEST_DRIVE' not in urls or not urls['TEST_DRIVE']:\n            if test_name == \"BFV3\":\n                message = f\"❌ Skipping test '{test_name}' due to lack of TEST_DRIVE URL.\"\n                logging.warning(message)\n                allure.dynamic.description(message)\n                pytest.skip(message)\n    \n        try:\n            driver.get(urls['HOME_PAGE'])\n            WebDriverWait(driver, 15).until(lambda d: d.execute_script(\"return document.readyState\") == \"complete\")\n            logging.info(f\"\uD83C\uDF0D Navigated to: {urls['HOME_PAGE']}\")\n        except Exception as e:\n            logging.error(f\"❌ Error navigating to HOME_PAGE: {e}\")\n            pytest.fail(f\"Error navigating to HOME_PAGE: {e}\")\n    \n        try:\n            WebDriverWait(driver, 6).until(\n                EC.presence_of_element_located((By.CSS_SELECTOR, \"cmm-cookie-banner\"))\n            )\n            time.sleep(2)\n            logging.info(\"✅ Cookie banner detected.\")\n            driver.execute_script(\"\"\"\n                document.querySelector(\"cmm-cookie-banner\").shadowRoot.querySelector(\"wb7-button.button--accept-all\").click();\n            \"\"\")\n            allure.step(\"✅ Clicked on accept cookies.\")\n        except Exception as ex:\n            allure.attach(\"❌ Cookie banner not found or already accepted.\")\n    \n        # Execute test\n        if test_name in test_mapping:\n            test_instance = test_mapping[test_name](driver, urls)\n            test_instance.run()\n            allure.step(f\"✅ {test_name} test completed.\")\n            time.sleep(4)\n    \n            test_success = verify_personalization_and_capture(\n                driver, test_name, model_name, body_type, attempt, screenshot_dir,\n                test_success, xhr_capturer, urls\n            )\n    \n        if not test_success:\n            failure_message = f\"❌ Test '{test_name}' failed.\"\n            logging.error(failure_message)\n            allure.attach(failure_message, name=\"Test Failure\", attachment_type=allure.attachment_type.TEXT)\n>           pytest.fail(failure_message)\nE           Failed: ❌ Test 'Last Configuration Started' failed.\n\nQAAppAllure.py:174: Failed","steps":[{"name":"Setting up stealth mode for the browser","time":{"start":1746189764117,"stop":1746189764212,"duration":95},"status":"passed","steps":[],"attachments":[],"parameters":[],"shouldDisplayMessage":false,"attachmentsCount":0,"stepsCount":0,"hasContent":false,"attachmentStep":false},{"name":"Enabling network logging","time":{"start":1746189764212,"stop":1746189764220,"duration":8},"status":"passed","steps":[],"attachments":[],"parameters":[],"shouldDisplayMessage":false,"attachmentsCount":0,"stepsCount":0,"hasContent":false,"attachmentStep":false},{"name":"Perform Last Configuration Started Test Logic","time":{"start":1746189782925,"stop":1746189791732,"duration":8807},"status":"broken","statusMessage":"selenium.common.exceptions.NoSuchElementException: Message: no such element: Unable to locate element: {\"method\":\"css selector\",\"selector\":\"#cc-app-container-main > div.cc-app-container__main-frame.cc-grid-container > div.cc-app-container__navigation.ng-star-inserted > cc-navigation > nav > div > ul > li:nth-child(3) > ccwb-text > a\"}\n  (Session info: chrome=135.0.7049.114); For documentation on this error, please visit: https://www.selenium.dev/documentation/webdriver/troubleshooting/errors#no-such-element-exception\nStacktrace:\n#0 0x555e93d5f75a <unknown>\n#1 0x555e938124b0 <unknown>\n#2 0x555e938639b3 <unknown>\n#3 0x555e93863bd1 <unknown>\n#4 0x555e938574b6 <unknown>\n#5 0x555e938895bd <unknown>\n#6 0x555e9385736a <unknown>\n#7 0x555e9388975e <unknown>\n#8 0x555e938af5e0 <unknown>\n#9 0x555e93889363 <unknown>\n#10 0x555e93855d63 <unknown>\n#11 0x555e938569c1 <unknown>\n#12 0x555e93d24a6b <unknown>\n#13 0x555e93d28951 <unknown>\n#14 0x555e93d0cb62 <unknown>\n#15 0x555e93d294c4 <unknown>\n#16 0x555e93cf113f <unknown>\n#17 0x555e93d4d6f8 <unknown>\n#18 0x555e93d4d8d6 <unknown>\n#19 0x555e93d5e5a6 <unknown>\n#20 0x7f096fe9caa4 <unknown>\n#21 0x7f096ff29c3c <unknown>\n\n","statusTrace":"  File \"/home/runner/.cache/pypoetry/virtualenvs/qa-allure-reporting-O8BnsWFA-py3.13/lib/python3.13/site-packages/allure_commons/_allure.py\", line 202, in impl\n    return func(*a, **kw)\n  File \"/home/runner/work/QA-Perso/QA-Perso/TestsCodes/test_LastConfigStarted.py\", line 68, in perform_LCStarted_test\n    main_frame = shadow_root.find_element(By.CSS_SELECTOR, '#cc-app-container-main > div.cc-app-container__main-frame.cc-grid-container > div.cc-app-container__navigation.ng-star-inserted > cc-navigation > nav > div > ul > li:nth-child(3) > ccwb-text > a')\n  File \"/home/runner/.cache/pypoetry/virtualenvs/qa-allure-reporting-O8BnsWFA-py3.13/lib/python3.13/site-packages/selenium/webdriver/remote/shadowroot.py\", line 79, in find_element\n    return self._execute(Command.FIND_ELEMENT_FROM_SHADOW_ROOT, {\"using\": by, \"value\": value})[\"value\"]\n           ~~~~~~~~~~~~~^^^^^^^^^^^^^^^^^^^^^^^^^^^^^^^^^^^^^^^^^^^^^^^^^^^^^^^^^^^^^^^^^^^^^^\n  File \"/home/runner/.cache/pypoetry/virtualenvs/qa-allure-reporting-O8BnsWFA-py3.13/lib/python3.13/site-packages/selenium/webdriver/remote/shadowroot.py\", line 133, in _execute\n    return self.session.execute(command, params)\n           ~~~~~~~~~~~~~~~~~~~~^^^^^^^^^^^^^^^^^\n  File \"/home/runner/.cache/pypoetry/virtualenvs/qa-allure-reporting-O8BnsWFA-py3.13/lib/python3.13/site-packages/selenium/webdriver/remote/webdriver.py\", line 429, in execute\n    self.error_handler.check_response(response)\n    ~~~~~~~~~~~~~~~~~~~~~~~~~~~~~~~~~^^^^^^^^^^\n  File \"/home/runner/.cache/pypoetry/virtualenvs/qa-allure-reporting-O8BnsWFA-py3.13/lib/python3.13/site-packages/selenium/webdriver/remote/errorhandler.py\", line 232, in check_response\n    raise exception_class(message, screen, stacktrace)\n","steps":[{"name":"\uD83C\uDF0D Navigated to: https://www.mercedes-benz.at/passengercars/mercedes-benz-cars/car-configurator.html/motorization/CCci/AT/de/bm/2966231,2966241,2966341,2966441","time":{"start":1746189782925,"stop":1746189791165,"duration":8240},"status":"passed","steps":[],"attachments":[],"parameters":[],"shouldDisplayMessage":false,"attachmentsCount":0,"stepsCount":0,"hasContent":false,"attachmentStep":false},{"name":"✅ Executed actions in configurator","time":{"start":1746189791165,"stop":1746189791731,"duration":566},"status":"broken","statusMessage":"selenium.common.exceptions.NoSuchElementException: Message: no such element: Unable to locate element: {\"method\":\"css selector\",\"selector\":\"#cc-app-container-main > div.cc-app-container__main-frame.cc-grid-container > div.cc-app-container__navigation.ng-star-inserted > cc-navigation > nav > div > ul > li:nth-child(3) > ccwb-text > a\"}\n  (Session info: chrome=135.0.7049.114); For documentation on this error, please visit: https://www.selenium.dev/documentation/webdriver/troubleshooting/errors#no-such-element-exception\nStacktrace:\n#0 0x555e93d5f75a <unknown>\n#1 0x555e938124b0 <unknown>\n#2 0x555e938639b3 <unknown>\n#3 0x555e93863bd1 <unknown>\n#4 0x555e938574b6 <unknown>\n#5 0x555e938895bd <unknown>\n#6 0x555e9385736a <unknown>\n#7 0x555e9388975e <unknown>\n#8 0x555e938af5e0 <unknown>\n#9 0x555e93889363 <unknown>\n#10 0x555e93855d63 <unknown>\n#11 0x555e938569c1 <unknown>\n#12 0x555e93d24a6b <unknown>\n#13 0x555e93d28951 <unknown>\n#14 0x555e93d0cb62 <unknown>\n#15 0x555e93d294c4 <unknown>\n#16 0x555e93cf113f <unknown>\n#17 0x555e93d4d6f8 <unknown>\n#18 0x555e93d4d8d6 <unknown>\n#19 0x555e93d5e5a6 <unknown>\n#20 0x7f096fe9caa4 <unknown>\n#21 0x7f096ff29c3c <unknown>\n\n","statusTrace":"  File \"/home/runner/work/QA-Perso/QA-Perso/TestsCodes/test_LastConfigStarted.py\", line 68, in perform_LCStarted_test\n    main_frame = shadow_root.find_element(By.CSS_SELECTOR, '#cc-app-container-main > div.cc-app-container__main-frame.cc-grid-container > div.cc-app-container__navigation.ng-star-inserted > cc-navigation > nav > div > ul > li:nth-child(3) > ccwb-text > a')\n  File \"/home/runner/.cache/pypoetry/virtualenvs/qa-allure-reporting-O8BnsWFA-py3.13/lib/python3.13/site-packages/selenium/webdriver/remote/shadowroot.py\", line 79, in find_element\n    return self._execute(Command.FIND_ELEMENT_FROM_SHADOW_ROOT, {\"using\": by, \"value\": value})[\"value\"]\n           ~~~~~~~~~~~~~^^^^^^^^^^^^^^^^^^^^^^^^^^^^^^^^^^^^^^^^^^^^^^^^^^^^^^^^^^^^^^^^^^^^^^\n  File \"/home/runner/.cache/pypoetry/virtualenvs/qa-allure-reporting-O8BnsWFA-py3.13/lib/python3.13/site-packages/selenium/webdriver/remote/shadowroot.py\", line 133, in _execute\n    return self.session.execute(command, params)\n           ~~~~~~~~~~~~~~~~~~~~^^^^^^^^^^^^^^^^^\n  File \"/home/runner/.cache/pypoetry/virtualenvs/qa-allure-reporting-O8BnsWFA-py3.13/lib/python3.13/site-packages/selenium/webdriver/remote/webdriver.py\", line 429, in execute\n    self.error_handler.check_response(response)\n    ~~~~~~~~~~~~~~~~~~~~~~~~~~~~~~~~~^^^^^^^^^^\n  File \"/home/runner/.cache/pypoetry/virtualenvs/qa-allure-reporting-O8BnsWFA-py3.13/lib/python3.13/site-packages/selenium/webdriver/remote/errorhandler.py\", line 232, in check_response\n    raise exception_class(message, screen, stacktrace)\n","steps":[],"attachments":[],"parameters":[],"shouldDisplayMessage":true,"attachmentsCount":0,"stepsCount":0,"hasContent":true,"attachmentStep":false}],"attachments":[],"parameters":[],"shouldDisplayMessage":false,"attachmentsCount":0,"stepsCount":2,"hasContent":true,"attachmentStep":false},{"name":"Perform Last Configuration Started Test Logic","time":{"start":1746189791734,"stop":1746189798535,"duration":6801},"status":"broken","statusMessage":"selenium.common.exceptions.NoSuchElementException: Message: no such element: Unable to locate element: {\"method\":\"css selector\",\"selector\":\"#cc-app-container-main > div.cc-app-container__main-frame.cc-grid-container > div.cc-app-container__navigation.ng-star-inserted > cc-navigation > nav > div > ul > li:nth-child(3) > ccwb-text > a\"}\n  (Session info: chrome=135.0.7049.114); For documentation on this error, please visit: https://www.selenium.dev/documentation/webdriver/troubleshooting/errors#no-such-element-exception\nStacktrace:\n#0 0x555e93d5f75a <unknown>\n#1 0x555e938124b0 <unknown>\n#2 0x555e938639b3 <unknown>\n#3 0x555e93863bd1 <unknown>\n#4 0x555e938574b6 <unknown>\n#5 0x555e938895bd <unknown>\n#6 0x555e9385736a <unknown>\n#7 0x555e9388975e <unknown>\n#8 0x555e938af5e0 <unknown>\n#9 0x555e93889363 <unknown>\n#10 0x555e93855d63 <unknown>\n#11 0x555e938569c1 <unknown>\n#12 0x555e93d24a6b <unknown>\n#13 0x555e93d28951 <unknown>\n#14 0x555e93d0cb62 <unknown>\n#15 0x555e93d294c4 <unknown>\n#16 0x555e93cf113f <unknown>\n#17 0x555e93d4d6f8 <unknown>\n#18 0x555e93d4d8d6 <unknown>\n#19 0x555e93d5e5a6 <unknown>\n#20 0x7f096fe9caa4 <unknown>\n#21 0x7f096ff29c3c <unknown>\n\n","statusTrace":"  File \"/home/runner/.cache/pypoetry/virtualenvs/qa-allure-reporting-O8BnsWFA-py3.13/lib/python3.13/site-packages/allure_commons/_allure.py\", line 202, in impl\n    return func(*a, **kw)\n  File \"/home/runner/work/QA-Perso/QA-Perso/TestsCodes/test_LastConfigStarted.py\", line 68, in perform_LCStarted_test\n    main_frame = shadow_root.find_element(By.CSS_SELECTOR, '#cc-app-container-main > div.cc-app-container__main-frame.cc-grid-container > div.cc-app-container__navigation.ng-star-inserted > cc-navigation > nav > div > ul > li:nth-child(3) > ccwb-text > a')\n  File \"/home/runner/.cache/pypoetry/virtualenvs/qa-allure-reporting-O8BnsWFA-py3.13/lib/python3.13/site-packages/selenium/webdriver/remote/shadowroot.py\", line 79, in find_element\n    return self._execute(Command.FIND_ELEMENT_FROM_SHADOW_ROOT, {\"using\": by, \"value\": value})[\"value\"]\n           ~~~~~~~~~~~~~^^^^^^^^^^^^^^^^^^^^^^^^^^^^^^^^^^^^^^^^^^^^^^^^^^^^^^^^^^^^^^^^^^^^^^\n  File \"/home/runner/.cache/pypoetry/virtualenvs/qa-allure-reporting-O8BnsWFA-py3.13/lib/python3.13/site-packages/selenium/webdriver/remote/shadowroot.py\", line 133, in _execute\n    return self.session.execute(command, params)\n           ~~~~~~~~~~~~~~~~~~~~^^^^^^^^^^^^^^^^^\n  File \"/home/runner/.cache/pypoetry/virtualenvs/qa-allure-reporting-O8BnsWFA-py3.13/lib/python3.13/site-packages/selenium/webdriver/remote/webdriver.py\", line 429, in execute\n    self.error_handler.check_response(response)\n    ~~~~~~~~~~~~~~~~~~~~~~~~~~~~~~~~~^^^^^^^^^^\n  File \"/home/runner/.cache/pypoetry/virtualenvs/qa-allure-reporting-O8BnsWFA-py3.13/lib/python3.13/site-packages/selenium/webdriver/remote/errorhandler.py\", line 232, in check_response\n    raise exception_class(message, screen, stacktrace)\n","steps":[{"name":"\uD83C\uDF0D Navigated to: https://www.mercedes-benz.at/passengercars/mercedes-benz-cars/car-configurator.html/motorization/CCci/AT/de/bm/2966231,2966241,2966341,2966441","time":{"start":1746189791735,"stop":1746189798223,"duration":6488},"status":"passed","steps":[],"attachments":[],"parameters":[],"shouldDisplayMessage":false,"attachmentsCount":0,"stepsCount":0,"hasContent":false,"attachmentStep":false},{"name":"✅ Executed actions in configurator","time":{"start":1746189798223,"stop":1746189798534,"duration":311},"status":"broken","statusMessage":"selenium.common.exceptions.NoSuchElementException: Message: no such element: Unable to locate element: {\"method\":\"css selector\",\"selector\":\"#cc-app-container-main > div.cc-app-container__main-frame.cc-grid-container > div.cc-app-container__navigation.ng-star-inserted > cc-navigation > nav > div > ul > li:nth-child(3) > ccwb-text > a\"}\n  (Session info: chrome=135.0.7049.114); For documentation on this error, please visit: https://www.selenium.dev/documentation/webdriver/troubleshooting/errors#no-such-element-exception\nStacktrace:\n#0 0x555e93d5f75a <unknown>\n#1 0x555e938124b0 <unknown>\n#2 0x555e938639b3 <unknown>\n#3 0x555e93863bd1 <unknown>\n#4 0x555e938574b6 <unknown>\n#5 0x555e938895bd <unknown>\n#6 0x555e9385736a <unknown>\n#7 0x555e9388975e <unknown>\n#8 0x555e938af5e0 <unknown>\n#9 0x555e93889363 <unknown>\n#10 0x555e93855d63 <unknown>\n#11 0x555e938569c1 <unknown>\n#12 0x555e93d24a6b <unknown>\n#13 0x555e93d28951 <unknown>\n#14 0x555e93d0cb62 <unknown>\n#15 0x555e93d294c4 <unknown>\n#16 0x555e93cf113f <unknown>\n#17 0x555e93d4d6f8 <unknown>\n#18 0x555e93d4d8d6 <unknown>\n#19 0x555e93d5e5a6 <unknown>\n#20 0x7f096fe9caa4 <unknown>\n#21 0x7f096ff29c3c <unknown>\n\n","statusTrace":"  File \"/home/runner/work/QA-Perso/QA-Perso/TestsCodes/test_LastConfigStarted.py\", line 68, in perform_LCStarted_test\n    main_frame = shadow_root.find_element(By.CSS_SELECTOR, '#cc-app-container-main > div.cc-app-container__main-frame.cc-grid-container > div.cc-app-container__navigation.ng-star-inserted > cc-navigation > nav > div > ul > li:nth-child(3) > ccwb-text > a')\n  File \"/home/runner/.cache/pypoetry/virtualenvs/qa-allure-reporting-O8BnsWFA-py3.13/lib/python3.13/site-packages/selenium/webdriver/remote/shadowroot.py\", line 79, in find_element\n    return self._execute(Command.FIND_ELEMENT_FROM_SHADOW_ROOT, {\"using\": by, \"value\": value})[\"value\"]\n           ~~~~~~~~~~~~~^^^^^^^^^^^^^^^^^^^^^^^^^^^^^^^^^^^^^^^^^^^^^^^^^^^^^^^^^^^^^^^^^^^^^^\n  File \"/home/runner/.cache/pypoetry/virtualenvs/qa-allure-reporting-O8BnsWFA-py3.13/lib/python3.13/site-packages/selenium/webdriver/remote/shadowroot.py\", line 133, in _execute\n    return self.session.execute(command, params)\n           ~~~~~~~~~~~~~~~~~~~~^^^^^^^^^^^^^^^^^\n  File \"/home/runner/.cache/pypoetry/virtualenvs/qa-allure-reporting-O8BnsWFA-py3.13/lib/python3.13/site-packages/selenium/webdriver/remote/webdriver.py\", line 429, in execute\n    self.error_handler.check_response(response)\n    ~~~~~~~~~~~~~~~~~~~~~~~~~~~~~~~~~^^^^^^^^^^\n  File \"/home/runner/.cache/pypoetry/virtualenvs/qa-allure-reporting-O8BnsWFA-py3.13/lib/python3.13/site-packages/selenium/webdriver/remote/errorhandler.py\", line 232, in check_response\n    raise exception_class(message, screen, stacktrace)\n","steps":[],"attachments":[],"parameters":[],"shouldDisplayMessage":true,"attachmentsCount":0,"stepsCount":0,"hasContent":true,"attachmentStep":false}],"attachments":[],"parameters":[],"shouldDisplayMessage":false,"attachmentsCount":0,"stepsCount":2,"hasContent":true,"attachmentStep":false},{"name":"Perform Last Configuration Started Test Logic","time":{"start":1746189798537,"stop":1746189804305,"duration":5768},"status":"broken","statusMessage":"selenium.common.exceptions.NoSuchElementException: Message: no such element: Unable to locate element: {\"method\":\"css selector\",\"selector\":\"#cc-app-container-main > div.cc-app-container__main-frame.cc-grid-container > div.cc-app-container__navigation.ng-star-inserted > cc-navigation > nav > div > ul > li:nth-child(3) > ccwb-text > a\"}\n  (Session info: chrome=135.0.7049.114); For documentation on this error, please visit: https://www.selenium.dev/documentation/webdriver/troubleshooting/errors#no-such-element-exception\nStacktrace:\n#0 0x555e93d5f75a <unknown>\n#1 0x555e938124b0 <unknown>\n#2 0x555e938639b3 <unknown>\n#3 0x555e93863bd1 <unknown>\n#4 0x555e938574b6 <unknown>\n#5 0x555e938895bd <unknown>\n#6 0x555e9385736a <unknown>\n#7 0x555e9388975e <unknown>\n#8 0x555e938af5e0 <unknown>\n#9 0x555e93889363 <unknown>\n#10 0x555e93855d63 <unknown>\n#11 0x555e938569c1 <unknown>\n#12 0x555e93d24a6b <unknown>\n#13 0x555e93d28951 <unknown>\n#14 0x555e93d0cb62 <unknown>\n#15 0x555e93d294c4 <unknown>\n#16 0x555e93cf113f <unknown>\n#17 0x555e93d4d6f8 <unknown>\n#18 0x555e93d4d8d6 <unknown>\n#19 0x555e93d5e5a6 <unknown>\n#20 0x7f096fe9caa4 <unknown>\n#21 0x7f096ff29c3c <unknown>\n\n","statusTrace":"  File \"/home/runner/.cache/pypoetry/virtualenvs/qa-allure-reporting-O8BnsWFA-py3.13/lib/python3.13/site-packages/allure_commons/_allure.py\", line 202, in impl\n    return func(*a, **kw)\n  File \"/home/runner/work/QA-Perso/QA-Perso/TestsCodes/test_LastConfigStarted.py\", line 68, in perform_LCStarted_test\n    main_frame = shadow_root.find_element(By.CSS_SELECTOR, '#cc-app-container-main > div.cc-app-container__main-frame.cc-grid-container > div.cc-app-container__navigation.ng-star-inserted > cc-navigation > nav > div > ul > li:nth-child(3) > ccwb-text > a')\n  File \"/home/runner/.cache/pypoetry/virtualenvs/qa-allure-reporting-O8BnsWFA-py3.13/lib/python3.13/site-packages/selenium/webdriver/remote/shadowroot.py\", line 79, in find_element\n    return self._execute(Command.FIND_ELEMENT_FROM_SHADOW_ROOT, {\"using\": by, \"value\": value})[\"value\"]\n           ~~~~~~~~~~~~~^^^^^^^^^^^^^^^^^^^^^^^^^^^^^^^^^^^^^^^^^^^^^^^^^^^^^^^^^^^^^^^^^^^^^^\n  File \"/home/runner/.cache/pypoetry/virtualenvs/qa-allure-reporting-O8BnsWFA-py3.13/lib/python3.13/site-packages/selenium/webdriver/remote/shadowroot.py\", line 133, in _execute\n    return self.session.execute(command, params)\n           ~~~~~~~~~~~~~~~~~~~~^^^^^^^^^^^^^^^^^\n  File \"/home/runner/.cache/pypoetry/virtualenvs/qa-allure-reporting-O8BnsWFA-py3.13/lib/python3.13/site-packages/selenium/webdriver/remote/webdriver.py\", line 429, in execute\n    self.error_handler.check_response(response)\n    ~~~~~~~~~~~~~~~~~~~~~~~~~~~~~~~~~^^^^^^^^^^\n  File \"/home/runner/.cache/pypoetry/virtualenvs/qa-allure-reporting-O8BnsWFA-py3.13/lib/python3.13/site-packages/selenium/webdriver/remote/errorhandler.py\", line 232, in check_response\n    raise exception_class(message, screen, stacktrace)\n","steps":[{"name":"\uD83C\uDF0D Navigated to: https://www.mercedes-benz.at/passengercars/mercedes-benz-cars/car-configurator.html/motorization/CCci/AT/de/bm/2966231,2966241,2966341,2966441","time":{"start":1746189798537,"stop":1746189804120,"duration":5583},"status":"passed","steps":[],"attachments":[],"parameters":[],"shouldDisplayMessage":false,"attachmentsCount":0,"stepsCount":0,"hasContent":false,"attachmentStep":false},{"name":"✅ Executed actions in configurator","time":{"start":1746189804120,"stop":1746189804304,"duration":184},"status":"broken","statusMessage":"selenium.common.exceptions.NoSuchElementException: Message: no such element: Unable to locate element: {\"method\":\"css selector\",\"selector\":\"#cc-app-container-main > div.cc-app-container__main-frame.cc-grid-container > div.cc-app-container__navigation.ng-star-inserted > cc-navigation > nav > div > ul > li:nth-child(3) > ccwb-text > a\"}\n  (Session info: chrome=135.0.7049.114); For documentation on this error, please visit: https://www.selenium.dev/documentation/webdriver/troubleshooting/errors#no-such-element-exception\nStacktrace:\n#0 0x555e93d5f75a <unknown>\n#1 0x555e938124b0 <unknown>\n#2 0x555e938639b3 <unknown>\n#3 0x555e93863bd1 <unknown>\n#4 0x555e938574b6 <unknown>\n#5 0x555e938895bd <unknown>\n#6 0x555e9385736a <unknown>\n#7 0x555e9388975e <unknown>\n#8 0x555e938af5e0 <unknown>\n#9 0x555e93889363 <unknown>\n#10 0x555e93855d63 <unknown>\n#11 0x555e938569c1 <unknown>\n#12 0x555e93d24a6b <unknown>\n#13 0x555e93d28951 <unknown>\n#14 0x555e93d0cb62 <unknown>\n#15 0x555e93d294c4 <unknown>\n#16 0x555e93cf113f <unknown>\n#17 0x555e93d4d6f8 <unknown>\n#18 0x555e93d4d8d6 <unknown>\n#19 0x555e93d5e5a6 <unknown>\n#20 0x7f096fe9caa4 <unknown>\n#21 0x7f096ff29c3c <unknown>\n\n","statusTrace":"  File \"/home/runner/work/QA-Perso/QA-Perso/TestsCodes/test_LastConfigStarted.py\", line 68, in perform_LCStarted_test\n    main_frame = shadow_root.find_element(By.CSS_SELECTOR, '#cc-app-container-main > div.cc-app-container__main-frame.cc-grid-container > div.cc-app-container__navigation.ng-star-inserted > cc-navigation > nav > div > ul > li:nth-child(3) > ccwb-text > a')\n  File \"/home/runner/.cache/pypoetry/virtualenvs/qa-allure-reporting-O8BnsWFA-py3.13/lib/python3.13/site-packages/selenium/webdriver/remote/shadowroot.py\", line 79, in find_element\n    return self._execute(Command.FIND_ELEMENT_FROM_SHADOW_ROOT, {\"using\": by, \"value\": value})[\"value\"]\n           ~~~~~~~~~~~~~^^^^^^^^^^^^^^^^^^^^^^^^^^^^^^^^^^^^^^^^^^^^^^^^^^^^^^^^^^^^^^^^^^^^^^\n  File \"/home/runner/.cache/pypoetry/virtualenvs/qa-allure-reporting-O8BnsWFA-py3.13/lib/python3.13/site-packages/selenium/webdriver/remote/shadowroot.py\", line 133, in _execute\n    return self.session.execute(command, params)\n           ~~~~~~~~~~~~~~~~~~~~^^^^^^^^^^^^^^^^^\n  File \"/home/runner/.cache/pypoetry/virtualenvs/qa-allure-reporting-O8BnsWFA-py3.13/lib/python3.13/site-packages/selenium/webdriver/remote/webdriver.py\", line 429, in execute\n    self.error_handler.check_response(response)\n    ~~~~~~~~~~~~~~~~~~~~~~~~~~~~~~~~~^^^^^^^^^^\n  File \"/home/runner/.cache/pypoetry/virtualenvs/qa-allure-reporting-O8BnsWFA-py3.13/lib/python3.13/site-packages/selenium/webdriver/remote/errorhandler.py\", line 232, in check_response\n    raise exception_class(message, screen, stacktrace)\n","steps":[],"attachments":[],"parameters":[],"shouldDisplayMessage":true,"attachmentsCount":0,"stepsCount":0,"hasContent":true,"attachmentStep":false}],"attachments":[],"parameters":[],"shouldDisplayMessage":false,"attachmentsCount":0,"stepsCount":2,"hasContent":true,"attachmentStep":false},{"name":"Perform Last Configuration Started Test Logic","time":{"start":1746189804307,"stop":1746189809930,"duration":5623},"status":"broken","statusMessage":"selenium.common.exceptions.NoSuchElementException: Message: no such element: Unable to locate element: {\"method\":\"css selector\",\"selector\":\"#cc-app-container-main > div.cc-app-container__main-frame.cc-grid-container > div.cc-app-container__navigation.ng-star-inserted > cc-navigation > nav > div > ul > li:nth-child(3) > ccwb-text > a\"}\n  (Session info: chrome=135.0.7049.114); For documentation on this error, please visit: https://www.selenium.dev/documentation/webdriver/troubleshooting/errors#no-such-element-exception\nStacktrace:\n#0 0x555e93d5f75a <unknown>\n#1 0x555e938124b0 <unknown>\n#2 0x555e938639b3 <unknown>\n#3 0x555e93863bd1 <unknown>\n#4 0x555e938574b6 <unknown>\n#5 0x555e938895bd <unknown>\n#6 0x555e9385736a <unknown>\n#7 0x555e9388975e <unknown>\n#8 0x555e938af5e0 <unknown>\n#9 0x555e93889363 <unknown>\n#10 0x555e93855d63 <unknown>\n#11 0x555e938569c1 <unknown>\n#12 0x555e93d24a6b <unknown>\n#13 0x555e93d28951 <unknown>\n#14 0x555e93d0cb62 <unknown>\n#15 0x555e93d294c4 <unknown>\n#16 0x555e93cf113f <unknown>\n#17 0x555e93d4d6f8 <unknown>\n#18 0x555e93d4d8d6 <unknown>\n#19 0x555e93d5e5a6 <unknown>\n#20 0x7f096fe9caa4 <unknown>\n#21 0x7f096ff29c3c <unknown>\n\n","statusTrace":"  File \"/home/runner/.cache/pypoetry/virtualenvs/qa-allure-reporting-O8BnsWFA-py3.13/lib/python3.13/site-packages/allure_commons/_allure.py\", line 202, in impl\n    return func(*a, **kw)\n  File \"/home/runner/work/QA-Perso/QA-Perso/TestsCodes/test_LastConfigStarted.py\", line 68, in perform_LCStarted_test\n    main_frame = shadow_root.find_element(By.CSS_SELECTOR, '#cc-app-container-main > div.cc-app-container__main-frame.cc-grid-container > div.cc-app-container__navigation.ng-star-inserted > cc-navigation > nav > div > ul > li:nth-child(3) > ccwb-text > a')\n  File \"/home/runner/.cache/pypoetry/virtualenvs/qa-allure-reporting-O8BnsWFA-py3.13/lib/python3.13/site-packages/selenium/webdriver/remote/shadowroot.py\", line 79, in find_element\n    return self._execute(Command.FIND_ELEMENT_FROM_SHADOW_ROOT, {\"using\": by, \"value\": value})[\"value\"]\n           ~~~~~~~~~~~~~^^^^^^^^^^^^^^^^^^^^^^^^^^^^^^^^^^^^^^^^^^^^^^^^^^^^^^^^^^^^^^^^^^^^^^\n  File \"/home/runner/.cache/pypoetry/virtualenvs/qa-allure-reporting-O8BnsWFA-py3.13/lib/python3.13/site-packages/selenium/webdriver/remote/shadowroot.py\", line 133, in _execute\n    return self.session.execute(command, params)\n           ~~~~~~~~~~~~~~~~~~~~^^^^^^^^^^^^^^^^^\n  File \"/home/runner/.cache/pypoetry/virtualenvs/qa-allure-reporting-O8BnsWFA-py3.13/lib/python3.13/site-packages/selenium/webdriver/remote/webdriver.py\", line 429, in execute\n    self.error_handler.check_response(response)\n    ~~~~~~~~~~~~~~~~~~~~~~~~~~~~~~~~~^^^^^^^^^^\n  File \"/home/runner/.cache/pypoetry/virtualenvs/qa-allure-reporting-O8BnsWFA-py3.13/lib/python3.13/site-packages/selenium/webdriver/remote/errorhandler.py\", line 232, in check_response\n    raise exception_class(message, screen, stacktrace)\n","steps":[{"name":"\uD83C\uDF0D Navigated to: https://www.mercedes-benz.at/passengercars/mercedes-benz-cars/car-configurator.html/motorization/CCci/AT/de/bm/2966231,2966241,2966341,2966441","time":{"start":1746189804307,"stop":1746189809676,"duration":5369},"status":"passed","steps":[],"attachments":[],"parameters":[],"shouldDisplayMessage":false,"attachmentsCount":0,"stepsCount":0,"hasContent":false,"attachmentStep":false},{"name":"✅ Executed actions in configurator","time":{"start":1746189809676,"stop":1746189809929,"duration":253},"status":"broken","statusMessage":"selenium.common.exceptions.NoSuchElementException: Message: no such element: Unable to locate element: {\"method\":\"css selector\",\"selector\":\"#cc-app-container-main > div.cc-app-container__main-frame.cc-grid-container > div.cc-app-container__navigation.ng-star-inserted > cc-navigation > nav > div > ul > li:nth-child(3) > ccwb-text > a\"}\n  (Session info: chrome=135.0.7049.114); For documentation on this error, please visit: https://www.selenium.dev/documentation/webdriver/troubleshooting/errors#no-such-element-exception\nStacktrace:\n#0 0x555e93d5f75a <unknown>\n#1 0x555e938124b0 <unknown>\n#2 0x555e938639b3 <unknown>\n#3 0x555e93863bd1 <unknown>\n#4 0x555e938574b6 <unknown>\n#5 0x555e938895bd <unknown>\n#6 0x555e9385736a <unknown>\n#7 0x555e9388975e <unknown>\n#8 0x555e938af5e0 <unknown>\n#9 0x555e93889363 <unknown>\n#10 0x555e93855d63 <unknown>\n#11 0x555e938569c1 <unknown>\n#12 0x555e93d24a6b <unknown>\n#13 0x555e93d28951 <unknown>\n#14 0x555e93d0cb62 <unknown>\n#15 0x555e93d294c4 <unknown>\n#16 0x555e93cf113f <unknown>\n#17 0x555e93d4d6f8 <unknown>\n#18 0x555e93d4d8d6 <unknown>\n#19 0x555e93d5e5a6 <unknown>\n#20 0x7f096fe9caa4 <unknown>\n#21 0x7f096ff29c3c <unknown>\n\n","statusTrace":"  File \"/home/runner/work/QA-Perso/QA-Perso/TestsCodes/test_LastConfigStarted.py\", line 68, in perform_LCStarted_test\n    main_frame = shadow_root.find_element(By.CSS_SELECTOR, '#cc-app-container-main > div.cc-app-container__main-frame.cc-grid-container > div.cc-app-container__navigation.ng-star-inserted > cc-navigation > nav > div > ul > li:nth-child(3) > ccwb-text > a')\n  File \"/home/runner/.cache/pypoetry/virtualenvs/qa-allure-reporting-O8BnsWFA-py3.13/lib/python3.13/site-packages/selenium/webdriver/remote/shadowroot.py\", line 79, in find_element\n    return self._execute(Command.FIND_ELEMENT_FROM_SHADOW_ROOT, {\"using\": by, \"value\": value})[\"value\"]\n           ~~~~~~~~~~~~~^^^^^^^^^^^^^^^^^^^^^^^^^^^^^^^^^^^^^^^^^^^^^^^^^^^^^^^^^^^^^^^^^^^^^^\n  File \"/home/runner/.cache/pypoetry/virtualenvs/qa-allure-reporting-O8BnsWFA-py3.13/lib/python3.13/site-packages/selenium/webdriver/remote/shadowroot.py\", line 133, in _execute\n    return self.session.execute(command, params)\n           ~~~~~~~~~~~~~~~~~~~~^^^^^^^^^^^^^^^^^\n  File \"/home/runner/.cache/pypoetry/virtualenvs/qa-allure-reporting-O8BnsWFA-py3.13/lib/python3.13/site-packages/selenium/webdriver/remote/webdriver.py\", line 429, in execute\n    self.error_handler.check_response(response)\n    ~~~~~~~~~~~~~~~~~~~~~~~~~~~~~~~~~^^^^^^^^^^\n  File \"/home/runner/.cache/pypoetry/virtualenvs/qa-allure-reporting-O8BnsWFA-py3.13/lib/python3.13/site-packages/selenium/webdriver/remote/errorhandler.py\", line 232, in check_response\n    raise exception_class(message, screen, stacktrace)\n","steps":[],"attachments":[],"parameters":[],"shouldDisplayMessage":true,"attachmentsCount":0,"stepsCount":0,"hasContent":true,"attachmentStep":false}],"attachments":[],"parameters":[],"shouldDisplayMessage":false,"attachmentsCount":0,"stepsCount":2,"hasContent":true,"attachmentStep":false},{"name":"Perform Last Configuration Started Test Logic","time":{"start":1746189809934,"stop":1746189815761,"duration":5827},"status":"broken","statusMessage":"selenium.common.exceptions.NoSuchElementException: Message: no such element: Unable to locate element: {\"method\":\"css selector\",\"selector\":\"#cc-app-container-main > div.cc-app-container__main-frame.cc-grid-container > div.cc-app-container__navigation.ng-star-inserted > cc-navigation > nav > div > ul > li:nth-child(3) > ccwb-text > a\"}\n  (Session info: chrome=135.0.7049.114); For documentation on this error, please visit: https://www.selenium.dev/documentation/webdriver/troubleshooting/errors#no-such-element-exception\nStacktrace:\n#0 0x555e93d5f75a <unknown>\n#1 0x555e938124b0 <unknown>\n#2 0x555e938639b3 <unknown>\n#3 0x555e93863bd1 <unknown>\n#4 0x555e938574b6 <unknown>\n#5 0x555e938895bd <unknown>\n#6 0x555e9385736a <unknown>\n#7 0x555e9388975e <unknown>\n#8 0x555e938af5e0 <unknown>\n#9 0x555e93889363 <unknown>\n#10 0x555e93855d63 <unknown>\n#11 0x555e938569c1 <unknown>\n#12 0x555e93d24a6b <unknown>\n#13 0x555e93d28951 <unknown>\n#14 0x555e93d0cb62 <unknown>\n#15 0x555e93d294c4 <unknown>\n#16 0x555e93cf113f <unknown>\n#17 0x555e93d4d6f8 <unknown>\n#18 0x555e93d4d8d6 <unknown>\n#19 0x555e93d5e5a6 <unknown>\n#20 0x7f096fe9caa4 <unknown>\n#21 0x7f096ff29c3c <unknown>\n\n","statusTrace":"  File \"/home/runner/.cache/pypoetry/virtualenvs/qa-allure-reporting-O8BnsWFA-py3.13/lib/python3.13/site-packages/allure_commons/_allure.py\", line 202, in impl\n    return func(*a, **kw)\n  File \"/home/runner/work/QA-Perso/QA-Perso/TestsCodes/test_LastConfigStarted.py\", line 68, in perform_LCStarted_test\n    main_frame = shadow_root.find_element(By.CSS_SELECTOR, '#cc-app-container-main > div.cc-app-container__main-frame.cc-grid-container > div.cc-app-container__navigation.ng-star-inserted > cc-navigation > nav > div > ul > li:nth-child(3) > ccwb-text > a')\n  File \"/home/runner/.cache/pypoetry/virtualenvs/qa-allure-reporting-O8BnsWFA-py3.13/lib/python3.13/site-packages/selenium/webdriver/remote/shadowroot.py\", line 79, in find_element\n    return self._execute(Command.FIND_ELEMENT_FROM_SHADOW_ROOT, {\"using\": by, \"value\": value})[\"value\"]\n           ~~~~~~~~~~~~~^^^^^^^^^^^^^^^^^^^^^^^^^^^^^^^^^^^^^^^^^^^^^^^^^^^^^^^^^^^^^^^^^^^^^^\n  File \"/home/runner/.cache/pypoetry/virtualenvs/qa-allure-reporting-O8BnsWFA-py3.13/lib/python3.13/site-packages/selenium/webdriver/remote/shadowroot.py\", line 133, in _execute\n    return self.session.execute(command, params)\n           ~~~~~~~~~~~~~~~~~~~~^^^^^^^^^^^^^^^^^\n  File \"/home/runner/.cache/pypoetry/virtualenvs/qa-allure-reporting-O8BnsWFA-py3.13/lib/python3.13/site-packages/selenium/webdriver/remote/webdriver.py\", line 429, in execute\n    self.error_handler.check_response(response)\n    ~~~~~~~~~~~~~~~~~~~~~~~~~~~~~~~~~^^^^^^^^^^\n  File \"/home/runner/.cache/pypoetry/virtualenvs/qa-allure-reporting-O8BnsWFA-py3.13/lib/python3.13/site-packages/selenium/webdriver/remote/errorhandler.py\", line 232, in check_response\n    raise exception_class(message, screen, stacktrace)\n","steps":[{"name":"\uD83C\uDF0D Navigated to: https://www.mercedes-benz.at/passengercars/mercedes-benz-cars/car-configurator.html/motorization/CCci/AT/de/bm/2966231,2966241,2966341,2966441","time":{"start":1746189809934,"stop":1746189815281,"duration":5347},"status":"passed","steps":[],"attachments":[],"parameters":[],"shouldDisplayMessage":false,"attachmentsCount":0,"stepsCount":0,"hasContent":false,"attachmentStep":false},{"name":"✅ Executed actions in configurator","time":{"start":1746189815281,"stop":1746189815760,"duration":479},"status":"broken","statusMessage":"selenium.common.exceptions.NoSuchElementException: Message: no such element: Unable to locate element: {\"method\":\"css selector\",\"selector\":\"#cc-app-container-main > div.cc-app-container__main-frame.cc-grid-container > div.cc-app-container__navigation.ng-star-inserted > cc-navigation > nav > div > ul > li:nth-child(3) > ccwb-text > a\"}\n  (Session info: chrome=135.0.7049.114); For documentation on this error, please visit: https://www.selenium.dev/documentation/webdriver/troubleshooting/errors#no-such-element-exception\nStacktrace:\n#0 0x555e93d5f75a <unknown>\n#1 0x555e938124b0 <unknown>\n#2 0x555e938639b3 <unknown>\n#3 0x555e93863bd1 <unknown>\n#4 0x555e938574b6 <unknown>\n#5 0x555e938895bd <unknown>\n#6 0x555e9385736a <unknown>\n#7 0x555e9388975e <unknown>\n#8 0x555e938af5e0 <unknown>\n#9 0x555e93889363 <unknown>\n#10 0x555e93855d63 <unknown>\n#11 0x555e938569c1 <unknown>\n#12 0x555e93d24a6b <unknown>\n#13 0x555e93d28951 <unknown>\n#14 0x555e93d0cb62 <unknown>\n#15 0x555e93d294c4 <unknown>\n#16 0x555e93cf113f <unknown>\n#17 0x555e93d4d6f8 <unknown>\n#18 0x555e93d4d8d6 <unknown>\n#19 0x555e93d5e5a6 <unknown>\n#20 0x7f096fe9caa4 <unknown>\n#21 0x7f096ff29c3c <unknown>\n\n","statusTrace":"  File \"/home/runner/work/QA-Perso/QA-Perso/TestsCodes/test_LastConfigStarted.py\", line 68, in perform_LCStarted_test\n    main_frame = shadow_root.find_element(By.CSS_SELECTOR, '#cc-app-container-main > div.cc-app-container__main-frame.cc-grid-container > div.cc-app-container__navigation.ng-star-inserted > cc-navigation > nav > div > ul > li:nth-child(3) > ccwb-text > a')\n  File \"/home/runner/.cache/pypoetry/virtualenvs/qa-allure-reporting-O8BnsWFA-py3.13/lib/python3.13/site-packages/selenium/webdriver/remote/shadowroot.py\", line 79, in find_element\n    return self._execute(Command.FIND_ELEMENT_FROM_SHADOW_ROOT, {\"using\": by, \"value\": value})[\"value\"]\n           ~~~~~~~~~~~~~^^^^^^^^^^^^^^^^^^^^^^^^^^^^^^^^^^^^^^^^^^^^^^^^^^^^^^^^^^^^^^^^^^^^^^\n  File \"/home/runner/.cache/pypoetry/virtualenvs/qa-allure-reporting-O8BnsWFA-py3.13/lib/python3.13/site-packages/selenium/webdriver/remote/shadowroot.py\", line 133, in _execute\n    return self.session.execute(command, params)\n           ~~~~~~~~~~~~~~~~~~~~^^^^^^^^^^^^^^^^^\n  File \"/home/runner/.cache/pypoetry/virtualenvs/qa-allure-reporting-O8BnsWFA-py3.13/lib/python3.13/site-packages/selenium/webdriver/remote/webdriver.py\", line 429, in execute\n    self.error_handler.check_response(response)\n    ~~~~~~~~~~~~~~~~~~~~~~~~~~~~~~~~~^^^^^^^^^^\n  File \"/home/runner/.cache/pypoetry/virtualenvs/qa-allure-reporting-O8BnsWFA-py3.13/lib/python3.13/site-packages/selenium/webdriver/remote/errorhandler.py\", line 232, in check_response\n    raise exception_class(message, screen, stacktrace)\n","steps":[],"attachments":[],"parameters":[],"shouldDisplayMessage":true,"attachmentsCount":0,"stepsCount":0,"hasContent":true,"attachmentStep":false}],"attachments":[],"parameters":[],"shouldDisplayMessage":false,"attachmentsCount":0,"stepsCount":2,"hasContent":true,"attachmentStep":false},{"name":"\uD83D\uDD0D Verifying personalized image...","time":{"start":1746189819764,"stop":1746189829960,"duration":10196},"status":"passed","steps":[{"name":"❌ Image not found in the specified selector. Error: Message: \n","time":{"start":1746189829960,"stop":1746189829960,"duration":0},"status":"passed","steps":[],"attachments":[{"uid":"9080c5f7f6ade7e4","name":"Expected Image Source","source":"9080c5f7f6ade7e4.txt","type":"text/plain","size":37},{"uid":"a602e4a14ada547c","name":"Image Verification Error","source":"a602e4a14ada547c.txt","type":"text/plain","size":17}],"parameters":[],"shouldDisplayMessage":false,"attachmentsCount":2,"stepsCount":0,"hasContent":true,"attachmentStep":false}],"attachments":[],"parameters":[],"shouldDisplayMessage":false,"attachmentsCount":2,"stepsCount":1,"hasContent":true,"attachmentStep":false},{"name":"\uD83D\uDD0D Debugging campaign images...","time":{"start":1746189829960,"stop":1746189829976,"duration":16},"status":"passed","steps":[],"attachments":[{"uid":"a18613ccf95219e0","name":"Campaign Images","source":"a18613ccf95219e0.txt","type":"text/plain","size":0}],"parameters":[],"shouldDisplayMessage":false,"attachmentsCount":1,"stepsCount":0,"hasContent":true,"attachmentStep":false},{"name":"\uD83D\uDCDC Scrolling to specific elements and capturing screenshot","time":{"start":1746189829976,"stop":1746189830136,"duration":160},"status":"passed","steps":[],"attachments":[{"uid":"6758c69b3989a8c4","name":"Scroll Error","source":"6758c69b3989a8c4.txt","type":"text/plain","size":907}],"parameters":[],"shouldDisplayMessage":false,"attachmentsCount":1,"stepsCount":0,"hasContent":true,"attachmentStep":false},{"name":"✅ Screenshot captured and saved","time":{"start":1746189830566,"stop":1746189830572,"duration":6},"status":"passed","steps":[],"attachments":[{"uid":"15ea3c8f3c85262e","name":"Final Screenshot","source":"15ea3c8f3c85262e.png","type":"image/png","size":448033}],"parameters":[],"shouldDisplayMessage":false,"attachmentsCount":1,"stepsCount":0,"hasContent":true,"attachmentStep":false}],"attachments":[{"uid":"958125007c77dab","name":"URLs for EQS (SUV)","source":"958125007c77dab.json","type":"application/json","size":771},{"uid":"9660a5bca95ca69c","name":"Test Failure","source":"9660a5bca95ca69c.txt","type":"text/plain","size":45},{"uid":"bcac3fb3ac2990be","name":"log","source":"bcac3fb3ac2990be.txt","type":"text/plain","size":39275}],"parameters":[],"shouldDisplayMessage":true,"attachmentsCount":8,"stepsCount":22,"hasContent":true,"attachmentStep":false},"afterStages":[],"labels":[{"name":"as_id","value":"f09556381562c7cc49f489446805941a"},{"name":"parentSuite","value":"AT/de"},{"name":"suite","value":"Last Configuration Started"},{"name":"subSuite","value":"X296 - EQS (SUV)"},{"name":"tag","value":"Last Configuration Started"},{"name":"tag","value":"AT/de"},{"name":"tag","value":"X296"},{"name":"tag","value":"SUV"},{"name":"tag","value":"EQS"},{"name":"host","value":"fv-az1781-652"},{"name":"thread","value":"2267-MainThread"},{"name":"framework","value":"pytest"},{"name":"language","value":"cpython3"},{"name":"package","value":"QAAppAllure"},{"name":"resultFormat","value":"allure2"}],"parameters":[{"name":"test_case","value":"{'test_name': 'Last Configuration Started', 'market_code': 'AT/de', 'model_code': 'X296', 'model_name': 'EQS', 'body_type': 'SUV', 'urls': {'MODEL_CODE': 'X296', 'PRODUCT_PAGE': 'https://www.mercedes-benz.at/passengercars/models/suv/eqs/overview.html', 'CONFIGURATOR': 'https://www.mercedes-benz.at/passengercars/mercedes-benz-cars/car-configurator.html/motorization/CCci/AT/de/bm/2966231,2966241,2966341,2966441', 'ONLINE_SHOP': 'https://www.mercedes-benz.at/passengercars/buy/new-car/search-results.html/vehicleCategory-new-passenger-cars/brand-Mercedes-Benz/modelIdentifier-EQS/?emhsortType=price-asc&emhbodyType=SUV_OFFROADER&emhfuelType=ELECTRIC', 'TEST_DRIVE': 'https://www.mercedes-benz.at/passengercars/mercedes-benz-cars/online-testdrive.html#/dealer?context=OWPC&modelSeries=X296&modelType=ALL', 'HOME_PAGE': 'https://www.mercedes-benz.at/', 'BODY_TYPE': 'SUV', 'MODEL_NAME': 'EQS'}}"}],"links":[],"hidden":false,"retry":false,"extra":{"severity":"normal","retries":[{"uid":"6ed07537df0a95a8","status":"failed","statusDetails":"Failed: ❌ Test 'Last Configuration Started' failed.","time":{"start":1746189695717,"stop":1746189762992,"duration":67275}},{"uid":"cdf6c03b804e37b2","status":"failed","statusDetails":"Failed: ❌ Test 'Last Configuration Started' failed.","time":{"start":1746189626997,"stop":1746189695690,"duration":68693}},{"uid":"d55740a9a14177c1","status":"failed","statusDetails":"Failed: ❌ Test 'Last Configuration Started' failed.","time":{"start":1746189556263,"stop":1746189626953,"duration":70690}},{"uid":"945f94d6ad5961ae","status":"failed","statusDetails":"Failed: ❌ Test 'Last Configuration Started' failed.","time":{"start":1746189482810,"stop":1746189556201,"duration":73391}},{"uid":"e1fe420a816e88ea","status":"failed","statusDetails":"Failed: ❌ Test 'Last Configuration Started' failed.","time":{"start":1746189407838,"stop":1746189482715,"duration":74877}}],"categories":[{"name":"Product defects","matchedStatuses":[],"flaky":false}],"tags":["SUV","EQS","AT/de","Last Configuration Started","X296"]},"source":"3946664b748089d7.json","parameterValues":["{'test_name': 'Last Configuration Started', 'market_code': 'AT/de', 'model_code': 'X296', 'model_name': 'EQS', 'body_type': 'SUV', 'urls': {'MODEL_CODE': 'X296', 'PRODUCT_PAGE': 'https://www.mercedes-benz.at/passengercars/models/suv/eqs/overview.html', 'CONFIGURATOR': 'https://www.mercedes-benz.at/passengercars/mercedes-benz-cars/car-configurator.html/motorization/CCci/AT/de/bm/2966231,2966241,2966341,2966441', 'ONLINE_SHOP': 'https://www.mercedes-benz.at/passengercars/buy/new-car/search-results.html/vehicleCategory-new-passenger-cars/brand-Mercedes-Benz/modelIdentifier-EQS/?emhsortType=price-asc&emhbodyType=SUV_OFFROADER&emhfuelType=ELECTRIC', 'TEST_DRIVE': 'https://www.mercedes-benz.at/passengercars/mercedes-benz-cars/online-testdrive.html#/dealer?context=OWPC&modelSeries=X296&modelType=ALL', 'HOME_PAGE': 'https://www.mercedes-benz.at/', 'BODY_TYPE': 'SUV', 'MODEL_NAME': 'EQS'}}"]}