{"uid":"eb8211a08d8890f6","name":"test_run[test_case3]","fullName":"QAAppAllure#test_run","historyId":"74124e18cdb3c539f8dce932d2665831","time":{"start":1746190165729,"stop":1746190229300,"duration":63571},"description":"\nRuns a test for each test case, either manually defined or dynamically fetched.\n","descriptionHtml":"<p>Runs a test for each test case, either manually defined or dynamically fetched.</p>\n","status":"failed","statusMessage":"Failed: ❌ Test 'Last Configuration Started' failed.","statusTrace":"test_case = {'body_type': 'SALOON', 'market_code': 'AT/de', 'model_code': 'W223', 'model_name': 'S-CLASS', ...}\nscreenshot_dir = '/home/runner/work/QA-Perso/QA-Perso/Tests'\n\n    @pytest.mark.parametrize(\"test_case\", all_test_cases)\n    def test_run(test_case, screenshot_dir):\n        \"\"\"\n        Runs a test for each test case, either manually defined or dynamically fetched.\n        \"\"\"\n        test_name = test_case['test_name']\n        market_code = test_case.get('market_code', 'BE/nl')\n        model_code = test_case.get('model_code', None)\n        model_name = test_case.get('model_name', None)\n        body_type = test_case.get('body_type', None)\n        urls = test_case.get('urls', {})\n    \n        # Log test case details\n        logging.info(f\"Running test case: {json.dumps(test_case, indent=2)}\")\n    \n        # Validate URLs\n        if not urls or 'HOME_PAGE' not in urls or not urls['HOME_PAGE']:\n            logging.error(f\"❌ Missing HOME_PAGE URL for test '{test_name}' (market: {market_code}, model: {model_code}).\")\n            allure.attach(f\"❌ Missing HOME_PAGE URL for test '{test_name}' (market: {market_code}, model: {model_code}).\")\n            return\n    \n    \n        # Generar ID único y consistente para Allure\n        uid_raw = f\"{test_name}_{market_code}_{model_code or 'unknown'}\"\n        uid_hashed = hashlib.md5(uid_raw.encode()).hexdigest()\n        allure.dynamic.id(uid_hashed)\n    \n        # Define browser options and create driver\n        options = build_chrome_options()\n        driver = create_driver(options)\n    \n        try:\n            # Set Allure suite hierarchy\n            allure.dynamic.parent_suite(f\"{market_code}\")  # Parent Suite\n            allure.dynamic.suite(f\"{test_name}\")  # Suite\n            allure.dynamic.sub_suite(f\"{model_code or 'N/A'} - {model_name or 'N/A'} ({body_type or 'N/A'})\")  # Sub-Suite\n    \n            # Add dynamic tags\n            allure.dynamic.tag(test_name)\n            allure.dynamic.tag(market_code)\n            if model_code:\n                allure.dynamic.tag(model_code)\n            if body_type:\n                allure.dynamic.tag(body_type)\n            if model_name:\n                allure.dynamic.tag(model_name)\n    \n            # Attach URLs to Allure\n            allure.attach(\n                json.dumps(urls, indent=2),\n                name=f\"URLs for {model_name or 'N/A'} ({body_type or 'N/A'})\",\n                attachment_type=allure.attachment_type.JSON\n            )\n    \n            # Extract base test name\n            base_test_name = test_name.split(\" - \")[0]\n    \n            # Run the test logic for the current model\n            try:\n                api_and_xhr = create_api_and_xhr(driver)\n                if api_and_xhr is None or api_and_xhr[1] is None:\n                    logging.error(\"❌ Failed to initialize API and XHR capturer.\")\n                    allure.attach(\"❌ Failed to initialize API and XHR capturer.\", name=\"Initialization Error\", attachment_type=allure.attachment_type.TEXT)\n                    return\n                if base_test_name in test_mapping:\n>                   run_test(driver, base_test_name, market_code, model_code, model_name, body_type, 1, urls, api_and_xhr, screenshot_dir)\n\nQAAppAllure.py:281: \n_ _ _ _ _ _ _ _ _ _ _ _ _ _ _ _ _ _ _ _ _ _ _ _ _ _ _ _ _ _ _ _ _ _ _ _ _ _ _ _ \n\ndriver = <selenium.webdriver.chrome.webdriver.WebDriver (session=\"7f0661705ff2a43755e525d2aa012915\")>\ntest_name = 'Last Configuration Started', market_code = 'AT/de'\nmodel_code = 'W223', model_name = 'S-CLASS', body_type = 'SALOON', attempt = 1\nurls = {'BODY_TYPE': 'SALOON', 'CONFIGURATOR': 'https://www.mercedes-benz.at/passengercars/mercedes-benz-cars/car-configurato...l/motorization/CCci/AT/de/S-KLASSE/LIMOUSINE', 'HOME_PAGE': 'https://www.mercedes-benz.at/', 'MODEL_CODE': 'W223', ...}\napi_and_xhr = (<App.vehicle_api.VehicleAPI object at 0x7fcf41925d90>, <App.XHRResponseCapturer.XHRResponseCapturer object at 0x7fcf417a3b60>)\nscreenshot_dir = '/home/runner/work/QA-Perso/QA-Perso/Tests'\n\n    def run_test(driver, test_name, market_code, model_code, model_name, body_type, attempt, urls, api_and_xhr, screenshot_dir):\n        vehicle_api, xhr_capturer = api_and_xhr\n        test_success = False\n    \n        if not urls or 'HOME_PAGE' not in urls or not urls['HOME_PAGE']:\n            allure.attach(f\"❌ Could not fetch valid URLs for test '{test_name}' (market: {market_code}, model: {model_code})\")\n            pytest.fail(f\"Missing HOME_PAGE URL for test '{test_name}'\")\n    \n        allure.step(f\"\uD83C\uDF10 Fetched URLs from API for test '{test_name}':\\n\"\n                    f\"Model Name: {urls.get('MODEL_NAME', 'N/A')}\\n\"\n                    f\"Body Type: {urls.get('BODY_TYPE', 'N/A')}\\n\"\n                    f\"URLs:\\n{json.dumps(urls, indent=2)}\")\n    \n        # BFV Logic\n        if 'CONFIGURATOR' not in urls or not urls['CONFIGURATOR']:\n            if test_name in [\"BFV1\", \"BFV2\", \"BFV3\", \"Last Configuration Started\", \"Last Configuration Completed\"]:\n                message = f\"❌ Skipping test '{test_name}' due to lack of CONFIGURATOR URL.\"\n                logging.warning(message)\n                allure.dynamic.description(message)\n                pytest.skip(message)\n    \n        if 'ONLINE_SHOP' not in urls or not urls['ONLINE_SHOP']:\n            if test_name in [\"BFV2\", \"BFV3\", \"Last Seen PDP\", \"Last Seen SRP\"]:\n                message = f\"❌ Skipping test '{test_name}' due to lack of ONLINE_SHOP URL.\"\n                logging.warning(message)\n                allure.dynamic.description(message)\n                pytest.skip(message)\n    \n        if 'TEST_DRIVE' not in urls or not urls['TEST_DRIVE']:\n            if test_name == \"BFV3\":\n                message = f\"❌ Skipping test '{test_name}' due to lack of TEST_DRIVE URL.\"\n                logging.warning(message)\n                allure.dynamic.description(message)\n                pytest.skip(message)\n    \n        try:\n            driver.get(urls['HOME_PAGE'])\n            WebDriverWait(driver, 15).until(lambda d: d.execute_script(\"return document.readyState\") == \"complete\")\n            logging.info(f\"\uD83C\uDF0D Navigated to: {urls['HOME_PAGE']}\")\n        except Exception as e:\n            logging.error(f\"❌ Error navigating to HOME_PAGE: {e}\")\n            pytest.fail(f\"Error navigating to HOME_PAGE: {e}\")\n    \n        try:\n            WebDriverWait(driver, 6).until(\n                EC.presence_of_element_located((By.CSS_SELECTOR, \"cmm-cookie-banner\"))\n            )\n            time.sleep(2)\n            logging.info(\"✅ Cookie banner detected.\")\n            driver.execute_script(\"\"\"\n                document.querySelector(\"cmm-cookie-banner\").shadowRoot.querySelector(\"wb7-button.button--accept-all\").click();\n            \"\"\")\n            allure.step(\"✅ Clicked on accept cookies.\")\n        except Exception as ex:\n            allure.attach(\"❌ Cookie banner not found or already accepted.\")\n    \n        # Execute test\n        if test_name in test_mapping:\n            test_instance = test_mapping[test_name](driver, urls)\n            test_instance.run()\n            allure.step(f\"✅ {test_name} test completed.\")\n            time.sleep(4)\n    \n            test_success = verify_personalization_and_capture(\n                driver, test_name, model_name, body_type, attempt, screenshot_dir,\n                test_success, xhr_capturer, urls\n            )\n    \n        if not test_success:\n            failure_message = f\"❌ Test '{test_name}' failed.\"\n            logging.error(failure_message)\n            allure.attach(failure_message, name=\"Test Failure\", attachment_type=allure.attachment_type.TEXT)\n>           pytest.fail(failure_message)\nE           Failed: ❌ Test 'Last Configuration Started' failed.\n\nQAAppAllure.py:174: Failed","flaky":false,"newFailed":false,"newBroken":false,"newPassed":false,"retriesCount":5,"retriesStatusChange":false,"beforeStages":[{"name":"screenshot_dir","time":{"start":1746190165729,"stop":1746190165729,"duration":0},"status":"passed","steps":[],"attachments":[],"parameters":[],"shouldDisplayMessage":false,"attachmentsCount":0,"stepsCount":0,"hasContent":false,"attachmentStep":false}],"testStage":{"description":"\nRuns a test for each test case, either manually defined or dynamically fetched.\n","status":"failed","statusMessage":"Failed: ❌ Test 'Last Configuration Started' failed.","statusTrace":"test_case = {'body_type': 'SALOON', 'market_code': 'AT/de', 'model_code': 'W223', 'model_name': 'S-CLASS', ...}\nscreenshot_dir = '/home/runner/work/QA-Perso/QA-Perso/Tests'\n\n    @pytest.mark.parametrize(\"test_case\", all_test_cases)\n    def test_run(test_case, screenshot_dir):\n        \"\"\"\n        Runs a test for each test case, either manually defined or dynamically fetched.\n        \"\"\"\n        test_name = test_case['test_name']\n        market_code = test_case.get('market_code', 'BE/nl')\n        model_code = test_case.get('model_code', None)\n        model_name = test_case.get('model_name', None)\n        body_type = test_case.get('body_type', None)\n        urls = test_case.get('urls', {})\n    \n        # Log test case details\n        logging.info(f\"Running test case: {json.dumps(test_case, indent=2)}\")\n    \n        # Validate URLs\n        if not urls or 'HOME_PAGE' not in urls or not urls['HOME_PAGE']:\n            logging.error(f\"❌ Missing HOME_PAGE URL for test '{test_name}' (market: {market_code}, model: {model_code}).\")\n            allure.attach(f\"❌ Missing HOME_PAGE URL for test '{test_name}' (market: {market_code}, model: {model_code}).\")\n            return\n    \n    \n        # Generar ID único y consistente para Allure\n        uid_raw = f\"{test_name}_{market_code}_{model_code or 'unknown'}\"\n        uid_hashed = hashlib.md5(uid_raw.encode()).hexdigest()\n        allure.dynamic.id(uid_hashed)\n    \n        # Define browser options and create driver\n        options = build_chrome_options()\n        driver = create_driver(options)\n    \n        try:\n            # Set Allure suite hierarchy\n            allure.dynamic.parent_suite(f\"{market_code}\")  # Parent Suite\n            allure.dynamic.suite(f\"{test_name}\")  # Suite\n            allure.dynamic.sub_suite(f\"{model_code or 'N/A'} - {model_name or 'N/A'} ({body_type or 'N/A'})\")  # Sub-Suite\n    \n            # Add dynamic tags\n            allure.dynamic.tag(test_name)\n            allure.dynamic.tag(market_code)\n            if model_code:\n                allure.dynamic.tag(model_code)\n            if body_type:\n                allure.dynamic.tag(body_type)\n            if model_name:\n                allure.dynamic.tag(model_name)\n    \n            # Attach URLs to Allure\n            allure.attach(\n                json.dumps(urls, indent=2),\n                name=f\"URLs for {model_name or 'N/A'} ({body_type or 'N/A'})\",\n                attachment_type=allure.attachment_type.JSON\n            )\n    \n            # Extract base test name\n            base_test_name = test_name.split(\" - \")[0]\n    \n            # Run the test logic for the current model\n            try:\n                api_and_xhr = create_api_and_xhr(driver)\n                if api_and_xhr is None or api_and_xhr[1] is None:\n                    logging.error(\"❌ Failed to initialize API and XHR capturer.\")\n                    allure.attach(\"❌ Failed to initialize API and XHR capturer.\", name=\"Initialization Error\", attachment_type=allure.attachment_type.TEXT)\n                    return\n                if base_test_name in test_mapping:\n>                   run_test(driver, base_test_name, market_code, model_code, model_name, body_type, 1, urls, api_and_xhr, screenshot_dir)\n\nQAAppAllure.py:281: \n_ _ _ _ _ _ _ _ _ _ _ _ _ _ _ _ _ _ _ _ _ _ _ _ _ _ _ _ _ _ _ _ _ _ _ _ _ _ _ _ \n\ndriver = <selenium.webdriver.chrome.webdriver.WebDriver (session=\"7f0661705ff2a43755e525d2aa012915\")>\ntest_name = 'Last Configuration Started', market_code = 'AT/de'\nmodel_code = 'W223', model_name = 'S-CLASS', body_type = 'SALOON', attempt = 1\nurls = {'BODY_TYPE': 'SALOON', 'CONFIGURATOR': 'https://www.mercedes-benz.at/passengercars/mercedes-benz-cars/car-configurato...l/motorization/CCci/AT/de/S-KLASSE/LIMOUSINE', 'HOME_PAGE': 'https://www.mercedes-benz.at/', 'MODEL_CODE': 'W223', ...}\napi_and_xhr = (<App.vehicle_api.VehicleAPI object at 0x7fcf41925d90>, <App.XHRResponseCapturer.XHRResponseCapturer object at 0x7fcf417a3b60>)\nscreenshot_dir = '/home/runner/work/QA-Perso/QA-Perso/Tests'\n\n    def run_test(driver, test_name, market_code, model_code, model_name, body_type, attempt, urls, api_and_xhr, screenshot_dir):\n        vehicle_api, xhr_capturer = api_and_xhr\n        test_success = False\n    \n        if not urls or 'HOME_PAGE' not in urls or not urls['HOME_PAGE']:\n            allure.attach(f\"❌ Could not fetch valid URLs for test '{test_name}' (market: {market_code}, model: {model_code})\")\n            pytest.fail(f\"Missing HOME_PAGE URL for test '{test_name}'\")\n    \n        allure.step(f\"\uD83C\uDF10 Fetched URLs from API for test '{test_name}':\\n\"\n                    f\"Model Name: {urls.get('MODEL_NAME', 'N/A')}\\n\"\n                    f\"Body Type: {urls.get('BODY_TYPE', 'N/A')}\\n\"\n                    f\"URLs:\\n{json.dumps(urls, indent=2)}\")\n    \n        # BFV Logic\n        if 'CONFIGURATOR' not in urls or not urls['CONFIGURATOR']:\n            if test_name in [\"BFV1\", \"BFV2\", \"BFV3\", \"Last Configuration Started\", \"Last Configuration Completed\"]:\n                message = f\"❌ Skipping test '{test_name}' due to lack of CONFIGURATOR URL.\"\n                logging.warning(message)\n                allure.dynamic.description(message)\n                pytest.skip(message)\n    \n        if 'ONLINE_SHOP' not in urls or not urls['ONLINE_SHOP']:\n            if test_name in [\"BFV2\", \"BFV3\", \"Last Seen PDP\", \"Last Seen SRP\"]:\n                message = f\"❌ Skipping test '{test_name}' due to lack of ONLINE_SHOP URL.\"\n                logging.warning(message)\n                allure.dynamic.description(message)\n                pytest.skip(message)\n    \n        if 'TEST_DRIVE' not in urls or not urls['TEST_DRIVE']:\n            if test_name == \"BFV3\":\n                message = f\"❌ Skipping test '{test_name}' due to lack of TEST_DRIVE URL.\"\n                logging.warning(message)\n                allure.dynamic.description(message)\n                pytest.skip(message)\n    \n        try:\n            driver.get(urls['HOME_PAGE'])\n            WebDriverWait(driver, 15).until(lambda d: d.execute_script(\"return document.readyState\") == \"complete\")\n            logging.info(f\"\uD83C\uDF0D Navigated to: {urls['HOME_PAGE']}\")\n        except Exception as e:\n            logging.error(f\"❌ Error navigating to HOME_PAGE: {e}\")\n            pytest.fail(f\"Error navigating to HOME_PAGE: {e}\")\n    \n        try:\n            WebDriverWait(driver, 6).until(\n                EC.presence_of_element_located((By.CSS_SELECTOR, \"cmm-cookie-banner\"))\n            )\n            time.sleep(2)\n            logging.info(\"✅ Cookie banner detected.\")\n            driver.execute_script(\"\"\"\n                document.querySelector(\"cmm-cookie-banner\").shadowRoot.querySelector(\"wb7-button.button--accept-all\").click();\n            \"\"\")\n            allure.step(\"✅ Clicked on accept cookies.\")\n        except Exception as ex:\n            allure.attach(\"❌ Cookie banner not found or already accepted.\")\n    \n        # Execute test\n        if test_name in test_mapping:\n            test_instance = test_mapping[test_name](driver, urls)\n            test_instance.run()\n            allure.step(f\"✅ {test_name} test completed.\")\n            time.sleep(4)\n    \n            test_success = verify_personalization_and_capture(\n                driver, test_name, model_name, body_type, attempt, screenshot_dir,\n                test_success, xhr_capturer, urls\n            )\n    \n        if not test_success:\n            failure_message = f\"❌ Test '{test_name}' failed.\"\n            logging.error(failure_message)\n            allure.attach(failure_message, name=\"Test Failure\", attachment_type=allure.attachment_type.TEXT)\n>           pytest.fail(failure_message)\nE           Failed: ❌ Test 'Last Configuration Started' failed.\n\nQAAppAllure.py:174: Failed","steps":[{"name":"Setting up stealth mode for the browser","time":{"start":1746190167035,"stop":1746190167158,"duration":123},"status":"passed","steps":[],"attachments":[],"parameters":[],"shouldDisplayMessage":false,"attachmentsCount":0,"stepsCount":0,"hasContent":false,"attachmentStep":false},{"name":"Enabling network logging","time":{"start":1746190167158,"stop":1746190167161,"duration":3},"status":"passed","steps":[],"attachments":[],"parameters":[],"shouldDisplayMessage":false,"attachmentsCount":0,"stepsCount":0,"hasContent":false,"attachmentStep":false},{"name":"Perform Last Configuration Started Test Logic","time":{"start":1746190184262,"stop":1746190191975,"duration":7713},"status":"broken","statusMessage":"selenium.common.exceptions.NoSuchElementException: Message: no such element: Unable to locate element: {\"method\":\"css selector\",\"selector\":\"#cc-app-container-main > div.cc-app-container__main-frame.cc-grid-container > div.cc-app-container__navigation.ng-star-inserted > cc-navigation > nav > div > ul > li:nth-child(3) > ccwb-text > a\"}\n  (Session info: chrome=135.0.7049.114); For documentation on this error, please visit: https://www.selenium.dev/documentation/webdriver/troubleshooting/errors#no-such-element-exception\nStacktrace:\n#0 0x55e1cb12275a <unknown>\n#1 0x55e1cabd54b0 <unknown>\n#2 0x55e1cac269b3 <unknown>\n#3 0x55e1cac26bd1 <unknown>\n#4 0x55e1cac1a4b6 <unknown>\n#5 0x55e1cac4c5bd <unknown>\n#6 0x55e1cac1a36a <unknown>\n#7 0x55e1cac4c75e <unknown>\n#8 0x55e1cac725e0 <unknown>\n#9 0x55e1cac4c363 <unknown>\n#10 0x55e1cac18d63 <unknown>\n#11 0x55e1cac199c1 <unknown>\n#12 0x55e1cb0e7a6b <unknown>\n#13 0x55e1cb0eb951 <unknown>\n#14 0x55e1cb0cfb62 <unknown>\n#15 0x55e1cb0ec4c4 <unknown>\n#16 0x55e1cb0b413f <unknown>\n#17 0x55e1cb1106f8 <unknown>\n#18 0x55e1cb1108d6 <unknown>\n#19 0x55e1cb1215a6 <unknown>\n#20 0x7fd42b29caa4 <unknown>\n#21 0x7fd42b329c3c <unknown>\n\n","statusTrace":"  File \"/home/runner/.cache/pypoetry/virtualenvs/qa-allure-reporting-O8BnsWFA-py3.13/lib/python3.13/site-packages/allure_commons/_allure.py\", line 202, in impl\n    return func(*a, **kw)\n  File \"/home/runner/work/QA-Perso/QA-Perso/TestsCodes/test_LastConfigStarted.py\", line 68, in perform_LCStarted_test\n    main_frame = shadow_root.find_element(By.CSS_SELECTOR, '#cc-app-container-main > div.cc-app-container__main-frame.cc-grid-container > div.cc-app-container__navigation.ng-star-inserted > cc-navigation > nav > div > ul > li:nth-child(3) > ccwb-text > a')\n  File \"/home/runner/.cache/pypoetry/virtualenvs/qa-allure-reporting-O8BnsWFA-py3.13/lib/python3.13/site-packages/selenium/webdriver/remote/shadowroot.py\", line 79, in find_element\n    return self._execute(Command.FIND_ELEMENT_FROM_SHADOW_ROOT, {\"using\": by, \"value\": value})[\"value\"]\n           ~~~~~~~~~~~~~^^^^^^^^^^^^^^^^^^^^^^^^^^^^^^^^^^^^^^^^^^^^^^^^^^^^^^^^^^^^^^^^^^^^^^\n  File \"/home/runner/.cache/pypoetry/virtualenvs/qa-allure-reporting-O8BnsWFA-py3.13/lib/python3.13/site-packages/selenium/webdriver/remote/shadowroot.py\", line 133, in _execute\n    return self.session.execute(command, params)\n           ~~~~~~~~~~~~~~~~~~~~^^^^^^^^^^^^^^^^^\n  File \"/home/runner/.cache/pypoetry/virtualenvs/qa-allure-reporting-O8BnsWFA-py3.13/lib/python3.13/site-packages/selenium/webdriver/remote/webdriver.py\", line 429, in execute\n    self.error_handler.check_response(response)\n    ~~~~~~~~~~~~~~~~~~~~~~~~~~~~~~~~~^^^^^^^^^^\n  File \"/home/runner/.cache/pypoetry/virtualenvs/qa-allure-reporting-O8BnsWFA-py3.13/lib/python3.13/site-packages/selenium/webdriver/remote/errorhandler.py\", line 232, in check_response\n    raise exception_class(message, screen, stacktrace)\n","steps":[{"name":"\uD83C\uDF0D Navigated to: https://www.mercedes-benz.at/passengercars/mercedes-benz-cars/car-configurator.html/motorization/CCci/AT/de/S-KLASSE/LIMOUSINE","time":{"start":1746190184262,"stop":1746190191724,"duration":7462},"status":"passed","steps":[],"attachments":[],"parameters":[],"shouldDisplayMessage":false,"attachmentsCount":0,"stepsCount":0,"hasContent":false,"attachmentStep":false},{"name":"✅ Executed actions in configurator","time":{"start":1746190191724,"stop":1746190191974,"duration":250},"status":"broken","statusMessage":"selenium.common.exceptions.NoSuchElementException: Message: no such element: Unable to locate element: {\"method\":\"css selector\",\"selector\":\"#cc-app-container-main > div.cc-app-container__main-frame.cc-grid-container > div.cc-app-container__navigation.ng-star-inserted > cc-navigation > nav > div > ul > li:nth-child(3) > ccwb-text > a\"}\n  (Session info: chrome=135.0.7049.114); For documentation on this error, please visit: https://www.selenium.dev/documentation/webdriver/troubleshooting/errors#no-such-element-exception\nStacktrace:\n#0 0x55e1cb12275a <unknown>\n#1 0x55e1cabd54b0 <unknown>\n#2 0x55e1cac269b3 <unknown>\n#3 0x55e1cac26bd1 <unknown>\n#4 0x55e1cac1a4b6 <unknown>\n#5 0x55e1cac4c5bd <unknown>\n#6 0x55e1cac1a36a <unknown>\n#7 0x55e1cac4c75e <unknown>\n#8 0x55e1cac725e0 <unknown>\n#9 0x55e1cac4c363 <unknown>\n#10 0x55e1cac18d63 <unknown>\n#11 0x55e1cac199c1 <unknown>\n#12 0x55e1cb0e7a6b <unknown>\n#13 0x55e1cb0eb951 <unknown>\n#14 0x55e1cb0cfb62 <unknown>\n#15 0x55e1cb0ec4c4 <unknown>\n#16 0x55e1cb0b413f <unknown>\n#17 0x55e1cb1106f8 <unknown>\n#18 0x55e1cb1108d6 <unknown>\n#19 0x55e1cb1215a6 <unknown>\n#20 0x7fd42b29caa4 <unknown>\n#21 0x7fd42b329c3c <unknown>\n\n","statusTrace":"  File \"/home/runner/work/QA-Perso/QA-Perso/TestsCodes/test_LastConfigStarted.py\", line 68, in perform_LCStarted_test\n    main_frame = shadow_root.find_element(By.CSS_SELECTOR, '#cc-app-container-main > div.cc-app-container__main-frame.cc-grid-container > div.cc-app-container__navigation.ng-star-inserted > cc-navigation > nav > div > ul > li:nth-child(3) > ccwb-text > a')\n  File \"/home/runner/.cache/pypoetry/virtualenvs/qa-allure-reporting-O8BnsWFA-py3.13/lib/python3.13/site-packages/selenium/webdriver/remote/shadowroot.py\", line 79, in find_element\n    return self._execute(Command.FIND_ELEMENT_FROM_SHADOW_ROOT, {\"using\": by, \"value\": value})[\"value\"]\n           ~~~~~~~~~~~~~^^^^^^^^^^^^^^^^^^^^^^^^^^^^^^^^^^^^^^^^^^^^^^^^^^^^^^^^^^^^^^^^^^^^^^\n  File \"/home/runner/.cache/pypoetry/virtualenvs/qa-allure-reporting-O8BnsWFA-py3.13/lib/python3.13/site-packages/selenium/webdriver/remote/shadowroot.py\", line 133, in _execute\n    return self.session.execute(command, params)\n           ~~~~~~~~~~~~~~~~~~~~^^^^^^^^^^^^^^^^^\n  File \"/home/runner/.cache/pypoetry/virtualenvs/qa-allure-reporting-O8BnsWFA-py3.13/lib/python3.13/site-packages/selenium/webdriver/remote/webdriver.py\", line 429, in execute\n    self.error_handler.check_response(response)\n    ~~~~~~~~~~~~~~~~~~~~~~~~~~~~~~~~~^^^^^^^^^^\n  File \"/home/runner/.cache/pypoetry/virtualenvs/qa-allure-reporting-O8BnsWFA-py3.13/lib/python3.13/site-packages/selenium/webdriver/remote/errorhandler.py\", line 232, in check_response\n    raise exception_class(message, screen, stacktrace)\n","steps":[],"attachments":[],"parameters":[],"shouldDisplayMessage":true,"attachmentsCount":0,"stepsCount":0,"hasContent":true,"attachmentStep":false}],"attachments":[],"parameters":[],"shouldDisplayMessage":false,"attachmentsCount":0,"stepsCount":2,"hasContent":true,"attachmentStep":false},{"name":"Perform Last Configuration Started Test Logic","time":{"start":1746190191976,"stop":1746190197875,"duration":5899},"status":"broken","statusMessage":"selenium.common.exceptions.NoSuchElementException: Message: no such element: Unable to locate element: {\"method\":\"css selector\",\"selector\":\"#cc-app-container-main > div.cc-app-container__main-frame.cc-grid-container > div.cc-app-container__navigation.ng-star-inserted > cc-navigation > nav > div > ul > li:nth-child(3) > ccwb-text > a\"}\n  (Session info: chrome=135.0.7049.114); For documentation on this error, please visit: https://www.selenium.dev/documentation/webdriver/troubleshooting/errors#no-such-element-exception\nStacktrace:\n#0 0x55e1cb12275a <unknown>\n#1 0x55e1cabd54b0 <unknown>\n#2 0x55e1cac269b3 <unknown>\n#3 0x55e1cac26bd1 <unknown>\n#4 0x55e1cac1a4b6 <unknown>\n#5 0x55e1cac4c5bd <unknown>\n#6 0x55e1cac1a36a <unknown>\n#7 0x55e1cac4c75e <unknown>\n#8 0x55e1cac725e0 <unknown>\n#9 0x55e1cac4c363 <unknown>\n#10 0x55e1cac18d63 <unknown>\n#11 0x55e1cac199c1 <unknown>\n#12 0x55e1cb0e7a6b <unknown>\n#13 0x55e1cb0eb951 <unknown>\n#14 0x55e1cb0cfb62 <unknown>\n#15 0x55e1cb0ec4c4 <unknown>\n#16 0x55e1cb0b413f <unknown>\n#17 0x55e1cb1106f8 <unknown>\n#18 0x55e1cb1108d6 <unknown>\n#19 0x55e1cb1215a6 <unknown>\n#20 0x7fd42b29caa4 <unknown>\n#21 0x7fd42b329c3c <unknown>\n\n","statusTrace":"  File \"/home/runner/.cache/pypoetry/virtualenvs/qa-allure-reporting-O8BnsWFA-py3.13/lib/python3.13/site-packages/allure_commons/_allure.py\", line 202, in impl\n    return func(*a, **kw)\n  File \"/home/runner/work/QA-Perso/QA-Perso/TestsCodes/test_LastConfigStarted.py\", line 68, in perform_LCStarted_test\n    main_frame = shadow_root.find_element(By.CSS_SELECTOR, '#cc-app-container-main > div.cc-app-container__main-frame.cc-grid-container > div.cc-app-container__navigation.ng-star-inserted > cc-navigation > nav > div > ul > li:nth-child(3) > ccwb-text > a')\n  File \"/home/runner/.cache/pypoetry/virtualenvs/qa-allure-reporting-O8BnsWFA-py3.13/lib/python3.13/site-packages/selenium/webdriver/remote/shadowroot.py\", line 79, in find_element\n    return self._execute(Command.FIND_ELEMENT_FROM_SHADOW_ROOT, {\"using\": by, \"value\": value})[\"value\"]\n           ~~~~~~~~~~~~~^^^^^^^^^^^^^^^^^^^^^^^^^^^^^^^^^^^^^^^^^^^^^^^^^^^^^^^^^^^^^^^^^^^^^^\n  File \"/home/runner/.cache/pypoetry/virtualenvs/qa-allure-reporting-O8BnsWFA-py3.13/lib/python3.13/site-packages/selenium/webdriver/remote/shadowroot.py\", line 133, in _execute\n    return self.session.execute(command, params)\n           ~~~~~~~~~~~~~~~~~~~~^^^^^^^^^^^^^^^^^\n  File \"/home/runner/.cache/pypoetry/virtualenvs/qa-allure-reporting-O8BnsWFA-py3.13/lib/python3.13/site-packages/selenium/webdriver/remote/webdriver.py\", line 429, in execute\n    self.error_handler.check_response(response)\n    ~~~~~~~~~~~~~~~~~~~~~~~~~~~~~~~~~^^^^^^^^^^\n  File \"/home/runner/.cache/pypoetry/virtualenvs/qa-allure-reporting-O8BnsWFA-py3.13/lib/python3.13/site-packages/selenium/webdriver/remote/errorhandler.py\", line 232, in check_response\n    raise exception_class(message, screen, stacktrace)\n","steps":[{"name":"\uD83C\uDF0D Navigated to: https://www.mercedes-benz.at/passengercars/mercedes-benz-cars/car-configurator.html/motorization/CCci/AT/de/S-KLASSE/LIMOUSINE","time":{"start":1746190191976,"stop":1746190197773,"duration":5797},"status":"passed","steps":[],"attachments":[],"parameters":[],"shouldDisplayMessage":false,"attachmentsCount":0,"stepsCount":0,"hasContent":false,"attachmentStep":false},{"name":"✅ Executed actions in configurator","time":{"start":1746190197773,"stop":1746190197875,"duration":102},"status":"broken","statusMessage":"selenium.common.exceptions.NoSuchElementException: Message: no such element: Unable to locate element: {\"method\":\"css selector\",\"selector\":\"#cc-app-container-main > div.cc-app-container__main-frame.cc-grid-container > div.cc-app-container__navigation.ng-star-inserted > cc-navigation > nav > div > ul > li:nth-child(3) > ccwb-text > a\"}\n  (Session info: chrome=135.0.7049.114); For documentation on this error, please visit: https://www.selenium.dev/documentation/webdriver/troubleshooting/errors#no-such-element-exception\nStacktrace:\n#0 0x55e1cb12275a <unknown>\n#1 0x55e1cabd54b0 <unknown>\n#2 0x55e1cac269b3 <unknown>\n#3 0x55e1cac26bd1 <unknown>\n#4 0x55e1cac1a4b6 <unknown>\n#5 0x55e1cac4c5bd <unknown>\n#6 0x55e1cac1a36a <unknown>\n#7 0x55e1cac4c75e <unknown>\n#8 0x55e1cac725e0 <unknown>\n#9 0x55e1cac4c363 <unknown>\n#10 0x55e1cac18d63 <unknown>\n#11 0x55e1cac199c1 <unknown>\n#12 0x55e1cb0e7a6b <unknown>\n#13 0x55e1cb0eb951 <unknown>\n#14 0x55e1cb0cfb62 <unknown>\n#15 0x55e1cb0ec4c4 <unknown>\n#16 0x55e1cb0b413f <unknown>\n#17 0x55e1cb1106f8 <unknown>\n#18 0x55e1cb1108d6 <unknown>\n#19 0x55e1cb1215a6 <unknown>\n#20 0x7fd42b29caa4 <unknown>\n#21 0x7fd42b329c3c <unknown>\n\n","statusTrace":"  File \"/home/runner/work/QA-Perso/QA-Perso/TestsCodes/test_LastConfigStarted.py\", line 68, in perform_LCStarted_test\n    main_frame = shadow_root.find_element(By.CSS_SELECTOR, '#cc-app-container-main > div.cc-app-container__main-frame.cc-grid-container > div.cc-app-container__navigation.ng-star-inserted > cc-navigation > nav > div > ul > li:nth-child(3) > ccwb-text > a')\n  File \"/home/runner/.cache/pypoetry/virtualenvs/qa-allure-reporting-O8BnsWFA-py3.13/lib/python3.13/site-packages/selenium/webdriver/remote/shadowroot.py\", line 79, in find_element\n    return self._execute(Command.FIND_ELEMENT_FROM_SHADOW_ROOT, {\"using\": by, \"value\": value})[\"value\"]\n           ~~~~~~~~~~~~~^^^^^^^^^^^^^^^^^^^^^^^^^^^^^^^^^^^^^^^^^^^^^^^^^^^^^^^^^^^^^^^^^^^^^^\n  File \"/home/runner/.cache/pypoetry/virtualenvs/qa-allure-reporting-O8BnsWFA-py3.13/lib/python3.13/site-packages/selenium/webdriver/remote/shadowroot.py\", line 133, in _execute\n    return self.session.execute(command, params)\n           ~~~~~~~~~~~~~~~~~~~~^^^^^^^^^^^^^^^^^\n  File \"/home/runner/.cache/pypoetry/virtualenvs/qa-allure-reporting-O8BnsWFA-py3.13/lib/python3.13/site-packages/selenium/webdriver/remote/webdriver.py\", line 429, in execute\n    self.error_handler.check_response(response)\n    ~~~~~~~~~~~~~~~~~~~~~~~~~~~~~~~~~^^^^^^^^^^\n  File \"/home/runner/.cache/pypoetry/virtualenvs/qa-allure-reporting-O8BnsWFA-py3.13/lib/python3.13/site-packages/selenium/webdriver/remote/errorhandler.py\", line 232, in check_response\n    raise exception_class(message, screen, stacktrace)\n","steps":[],"attachments":[],"parameters":[],"shouldDisplayMessage":true,"attachmentsCount":0,"stepsCount":0,"hasContent":true,"attachmentStep":false}],"attachments":[],"parameters":[],"shouldDisplayMessage":false,"attachmentsCount":0,"stepsCount":2,"hasContent":true,"attachmentStep":false},{"name":"Perform Last Configuration Started Test Logic","time":{"start":1746190197876,"stop":1746190202738,"duration":4862},"status":"broken","statusMessage":"selenium.common.exceptions.NoSuchElementException: Message: no such element: Unable to locate element: {\"method\":\"css selector\",\"selector\":\"#cc-app-container-main > div.cc-app-container__main-frame.cc-grid-container > div.cc-app-container__navigation.ng-star-inserted > cc-navigation > nav > div > ul > li:nth-child(3) > ccwb-text > a\"}\n  (Session info: chrome=135.0.7049.114); For documentation on this error, please visit: https://www.selenium.dev/documentation/webdriver/troubleshooting/errors#no-such-element-exception\nStacktrace:\n#0 0x55e1cb12275a <unknown>\n#1 0x55e1cabd54b0 <unknown>\n#2 0x55e1cac269b3 <unknown>\n#3 0x55e1cac26bd1 <unknown>\n#4 0x55e1cac1a4b6 <unknown>\n#5 0x55e1cac4c5bd <unknown>\n#6 0x55e1cac1a36a <unknown>\n#7 0x55e1cac4c75e <unknown>\n#8 0x55e1cac725e0 <unknown>\n#9 0x55e1cac4c363 <unknown>\n#10 0x55e1cac18d63 <unknown>\n#11 0x55e1cac199c1 <unknown>\n#12 0x55e1cb0e7a6b <unknown>\n#13 0x55e1cb0eb951 <unknown>\n#14 0x55e1cb0cfb62 <unknown>\n#15 0x55e1cb0ec4c4 <unknown>\n#16 0x55e1cb0b413f <unknown>\n#17 0x55e1cb1106f8 <unknown>\n#18 0x55e1cb1108d6 <unknown>\n#19 0x55e1cb1215a6 <unknown>\n#20 0x7fd42b29caa4 <unknown>\n#21 0x7fd42b329c3c <unknown>\n\n","statusTrace":"  File \"/home/runner/.cache/pypoetry/virtualenvs/qa-allure-reporting-O8BnsWFA-py3.13/lib/python3.13/site-packages/allure_commons/_allure.py\", line 202, in impl\n    return func(*a, **kw)\n  File \"/home/runner/work/QA-Perso/QA-Perso/TestsCodes/test_LastConfigStarted.py\", line 68, in perform_LCStarted_test\n    main_frame = shadow_root.find_element(By.CSS_SELECTOR, '#cc-app-container-main > div.cc-app-container__main-frame.cc-grid-container > div.cc-app-container__navigation.ng-star-inserted > cc-navigation > nav > div > ul > li:nth-child(3) > ccwb-text > a')\n  File \"/home/runner/.cache/pypoetry/virtualenvs/qa-allure-reporting-O8BnsWFA-py3.13/lib/python3.13/site-packages/selenium/webdriver/remote/shadowroot.py\", line 79, in find_element\n    return self._execute(Command.FIND_ELEMENT_FROM_SHADOW_ROOT, {\"using\": by, \"value\": value})[\"value\"]\n           ~~~~~~~~~~~~~^^^^^^^^^^^^^^^^^^^^^^^^^^^^^^^^^^^^^^^^^^^^^^^^^^^^^^^^^^^^^^^^^^^^^^\n  File \"/home/runner/.cache/pypoetry/virtualenvs/qa-allure-reporting-O8BnsWFA-py3.13/lib/python3.13/site-packages/selenium/webdriver/remote/shadowroot.py\", line 133, in _execute\n    return self.session.execute(command, params)\n           ~~~~~~~~~~~~~~~~~~~~^^^^^^^^^^^^^^^^^\n  File \"/home/runner/.cache/pypoetry/virtualenvs/qa-allure-reporting-O8BnsWFA-py3.13/lib/python3.13/site-packages/selenium/webdriver/remote/webdriver.py\", line 429, in execute\n    self.error_handler.check_response(response)\n    ~~~~~~~~~~~~~~~~~~~~~~~~~~~~~~~~~^^^^^^^^^^\n  File \"/home/runner/.cache/pypoetry/virtualenvs/qa-allure-reporting-O8BnsWFA-py3.13/lib/python3.13/site-packages/selenium/webdriver/remote/errorhandler.py\", line 232, in check_response\n    raise exception_class(message, screen, stacktrace)\n","steps":[{"name":"\uD83C\uDF0D Navigated to: https://www.mercedes-benz.at/passengercars/mercedes-benz-cars/car-configurator.html/motorization/CCci/AT/de/S-KLASSE/LIMOUSINE","time":{"start":1746190197876,"stop":1746190202624,"duration":4748},"status":"passed","steps":[],"attachments":[],"parameters":[],"shouldDisplayMessage":false,"attachmentsCount":0,"stepsCount":0,"hasContent":false,"attachmentStep":false},{"name":"✅ Executed actions in configurator","time":{"start":1746190202624,"stop":1746190202737,"duration":113},"status":"broken","statusMessage":"selenium.common.exceptions.NoSuchElementException: Message: no such element: Unable to locate element: {\"method\":\"css selector\",\"selector\":\"#cc-app-container-main > div.cc-app-container__main-frame.cc-grid-container > div.cc-app-container__navigation.ng-star-inserted > cc-navigation > nav > div > ul > li:nth-child(3) > ccwb-text > a\"}\n  (Session info: chrome=135.0.7049.114); For documentation on this error, please visit: https://www.selenium.dev/documentation/webdriver/troubleshooting/errors#no-such-element-exception\nStacktrace:\n#0 0x55e1cb12275a <unknown>\n#1 0x55e1cabd54b0 <unknown>\n#2 0x55e1cac269b3 <unknown>\n#3 0x55e1cac26bd1 <unknown>\n#4 0x55e1cac1a4b6 <unknown>\n#5 0x55e1cac4c5bd <unknown>\n#6 0x55e1cac1a36a <unknown>\n#7 0x55e1cac4c75e <unknown>\n#8 0x55e1cac725e0 <unknown>\n#9 0x55e1cac4c363 <unknown>\n#10 0x55e1cac18d63 <unknown>\n#11 0x55e1cac199c1 <unknown>\n#12 0x55e1cb0e7a6b <unknown>\n#13 0x55e1cb0eb951 <unknown>\n#14 0x55e1cb0cfb62 <unknown>\n#15 0x55e1cb0ec4c4 <unknown>\n#16 0x55e1cb0b413f <unknown>\n#17 0x55e1cb1106f8 <unknown>\n#18 0x55e1cb1108d6 <unknown>\n#19 0x55e1cb1215a6 <unknown>\n#20 0x7fd42b29caa4 <unknown>\n#21 0x7fd42b329c3c <unknown>\n\n","statusTrace":"  File \"/home/runner/work/QA-Perso/QA-Perso/TestsCodes/test_LastConfigStarted.py\", line 68, in perform_LCStarted_test\n    main_frame = shadow_root.find_element(By.CSS_SELECTOR, '#cc-app-container-main > div.cc-app-container__main-frame.cc-grid-container > div.cc-app-container__navigation.ng-star-inserted > cc-navigation > nav > div > ul > li:nth-child(3) > ccwb-text > a')\n  File \"/home/runner/.cache/pypoetry/virtualenvs/qa-allure-reporting-O8BnsWFA-py3.13/lib/python3.13/site-packages/selenium/webdriver/remote/shadowroot.py\", line 79, in find_element\n    return self._execute(Command.FIND_ELEMENT_FROM_SHADOW_ROOT, {\"using\": by, \"value\": value})[\"value\"]\n           ~~~~~~~~~~~~~^^^^^^^^^^^^^^^^^^^^^^^^^^^^^^^^^^^^^^^^^^^^^^^^^^^^^^^^^^^^^^^^^^^^^^\n  File \"/home/runner/.cache/pypoetry/virtualenvs/qa-allure-reporting-O8BnsWFA-py3.13/lib/python3.13/site-packages/selenium/webdriver/remote/shadowroot.py\", line 133, in _execute\n    return self.session.execute(command, params)\n           ~~~~~~~~~~~~~~~~~~~~^^^^^^^^^^^^^^^^^\n  File \"/home/runner/.cache/pypoetry/virtualenvs/qa-allure-reporting-O8BnsWFA-py3.13/lib/python3.13/site-packages/selenium/webdriver/remote/webdriver.py\", line 429, in execute\n    self.error_handler.check_response(response)\n    ~~~~~~~~~~~~~~~~~~~~~~~~~~~~~~~~~^^^^^^^^^^\n  File \"/home/runner/.cache/pypoetry/virtualenvs/qa-allure-reporting-O8BnsWFA-py3.13/lib/python3.13/site-packages/selenium/webdriver/remote/errorhandler.py\", line 232, in check_response\n    raise exception_class(message, screen, stacktrace)\n","steps":[],"attachments":[],"parameters":[],"shouldDisplayMessage":true,"attachmentsCount":0,"stepsCount":0,"hasContent":true,"attachmentStep":false}],"attachments":[],"parameters":[],"shouldDisplayMessage":false,"attachmentsCount":0,"stepsCount":2,"hasContent":true,"attachmentStep":false},{"name":"Perform Last Configuration Started Test Logic","time":{"start":1746190202739,"stop":1746190207737,"duration":4998},"status":"broken","statusMessage":"selenium.common.exceptions.NoSuchElementException: Message: no such element: Unable to locate element: {\"method\":\"css selector\",\"selector\":\"#cc-app-container-main > div.cc-app-container__main-frame.cc-grid-container > div.cc-app-container__navigation.ng-star-inserted > cc-navigation > nav > div > ul > li:nth-child(3) > ccwb-text > a\"}\n  (Session info: chrome=135.0.7049.114); For documentation on this error, please visit: https://www.selenium.dev/documentation/webdriver/troubleshooting/errors#no-such-element-exception\nStacktrace:\n#0 0x55e1cb12275a <unknown>\n#1 0x55e1cabd54b0 <unknown>\n#2 0x55e1cac269b3 <unknown>\n#3 0x55e1cac26bd1 <unknown>\n#4 0x55e1cac1a4b6 <unknown>\n#5 0x55e1cac4c5bd <unknown>\n#6 0x55e1cac1a36a <unknown>\n#7 0x55e1cac4c75e <unknown>\n#8 0x55e1cac725e0 <unknown>\n#9 0x55e1cac4c363 <unknown>\n#10 0x55e1cac18d63 <unknown>\n#11 0x55e1cac199c1 <unknown>\n#12 0x55e1cb0e7a6b <unknown>\n#13 0x55e1cb0eb951 <unknown>\n#14 0x55e1cb0cfb62 <unknown>\n#15 0x55e1cb0ec4c4 <unknown>\n#16 0x55e1cb0b413f <unknown>\n#17 0x55e1cb1106f8 <unknown>\n#18 0x55e1cb1108d6 <unknown>\n#19 0x55e1cb1215a6 <unknown>\n#20 0x7fd42b29caa4 <unknown>\n#21 0x7fd42b329c3c <unknown>\n\n","statusTrace":"  File \"/home/runner/.cache/pypoetry/virtualenvs/qa-allure-reporting-O8BnsWFA-py3.13/lib/python3.13/site-packages/allure_commons/_allure.py\", line 202, in impl\n    return func(*a, **kw)\n  File \"/home/runner/work/QA-Perso/QA-Perso/TestsCodes/test_LastConfigStarted.py\", line 68, in perform_LCStarted_test\n    main_frame = shadow_root.find_element(By.CSS_SELECTOR, '#cc-app-container-main > div.cc-app-container__main-frame.cc-grid-container > div.cc-app-container__navigation.ng-star-inserted > cc-navigation > nav > div > ul > li:nth-child(3) > ccwb-text > a')\n  File \"/home/runner/.cache/pypoetry/virtualenvs/qa-allure-reporting-O8BnsWFA-py3.13/lib/python3.13/site-packages/selenium/webdriver/remote/shadowroot.py\", line 79, in find_element\n    return self._execute(Command.FIND_ELEMENT_FROM_SHADOW_ROOT, {\"using\": by, \"value\": value})[\"value\"]\n           ~~~~~~~~~~~~~^^^^^^^^^^^^^^^^^^^^^^^^^^^^^^^^^^^^^^^^^^^^^^^^^^^^^^^^^^^^^^^^^^^^^^\n  File \"/home/runner/.cache/pypoetry/virtualenvs/qa-allure-reporting-O8BnsWFA-py3.13/lib/python3.13/site-packages/selenium/webdriver/remote/shadowroot.py\", line 133, in _execute\n    return self.session.execute(command, params)\n           ~~~~~~~~~~~~~~~~~~~~^^^^^^^^^^^^^^^^^\n  File \"/home/runner/.cache/pypoetry/virtualenvs/qa-allure-reporting-O8BnsWFA-py3.13/lib/python3.13/site-packages/selenium/webdriver/remote/webdriver.py\", line 429, in execute\n    self.error_handler.check_response(response)\n    ~~~~~~~~~~~~~~~~~~~~~~~~~~~~~~~~~^^^^^^^^^^\n  File \"/home/runner/.cache/pypoetry/virtualenvs/qa-allure-reporting-O8BnsWFA-py3.13/lib/python3.13/site-packages/selenium/webdriver/remote/errorhandler.py\", line 232, in check_response\n    raise exception_class(message, screen, stacktrace)\n","steps":[{"name":"\uD83C\uDF0D Navigated to: https://www.mercedes-benz.at/passengercars/mercedes-benz-cars/car-configurator.html/motorization/CCci/AT/de/S-KLASSE/LIMOUSINE","time":{"start":1746190202739,"stop":1746190207489,"duration":4750},"status":"passed","steps":[],"attachments":[],"parameters":[],"shouldDisplayMessage":false,"attachmentsCount":0,"stepsCount":0,"hasContent":false,"attachmentStep":false},{"name":"✅ Executed actions in configurator","time":{"start":1746190207490,"stop":1746190207736,"duration":246},"status":"broken","statusMessage":"selenium.common.exceptions.NoSuchElementException: Message: no such element: Unable to locate element: {\"method\":\"css selector\",\"selector\":\"#cc-app-container-main > div.cc-app-container__main-frame.cc-grid-container > div.cc-app-container__navigation.ng-star-inserted > cc-navigation > nav > div > ul > li:nth-child(3) > ccwb-text > a\"}\n  (Session info: chrome=135.0.7049.114); For documentation on this error, please visit: https://www.selenium.dev/documentation/webdriver/troubleshooting/errors#no-such-element-exception\nStacktrace:\n#0 0x55e1cb12275a <unknown>\n#1 0x55e1cabd54b0 <unknown>\n#2 0x55e1cac269b3 <unknown>\n#3 0x55e1cac26bd1 <unknown>\n#4 0x55e1cac1a4b6 <unknown>\n#5 0x55e1cac4c5bd <unknown>\n#6 0x55e1cac1a36a <unknown>\n#7 0x55e1cac4c75e <unknown>\n#8 0x55e1cac725e0 <unknown>\n#9 0x55e1cac4c363 <unknown>\n#10 0x55e1cac18d63 <unknown>\n#11 0x55e1cac199c1 <unknown>\n#12 0x55e1cb0e7a6b <unknown>\n#13 0x55e1cb0eb951 <unknown>\n#14 0x55e1cb0cfb62 <unknown>\n#15 0x55e1cb0ec4c4 <unknown>\n#16 0x55e1cb0b413f <unknown>\n#17 0x55e1cb1106f8 <unknown>\n#18 0x55e1cb1108d6 <unknown>\n#19 0x55e1cb1215a6 <unknown>\n#20 0x7fd42b29caa4 <unknown>\n#21 0x7fd42b329c3c <unknown>\n\n","statusTrace":"  File \"/home/runner/work/QA-Perso/QA-Perso/TestsCodes/test_LastConfigStarted.py\", line 68, in perform_LCStarted_test\n    main_frame = shadow_root.find_element(By.CSS_SELECTOR, '#cc-app-container-main > div.cc-app-container__main-frame.cc-grid-container > div.cc-app-container__navigation.ng-star-inserted > cc-navigation > nav > div > ul > li:nth-child(3) > ccwb-text > a')\n  File \"/home/runner/.cache/pypoetry/virtualenvs/qa-allure-reporting-O8BnsWFA-py3.13/lib/python3.13/site-packages/selenium/webdriver/remote/shadowroot.py\", line 79, in find_element\n    return self._execute(Command.FIND_ELEMENT_FROM_SHADOW_ROOT, {\"using\": by, \"value\": value})[\"value\"]\n           ~~~~~~~~~~~~~^^^^^^^^^^^^^^^^^^^^^^^^^^^^^^^^^^^^^^^^^^^^^^^^^^^^^^^^^^^^^^^^^^^^^^\n  File \"/home/runner/.cache/pypoetry/virtualenvs/qa-allure-reporting-O8BnsWFA-py3.13/lib/python3.13/site-packages/selenium/webdriver/remote/shadowroot.py\", line 133, in _execute\n    return self.session.execute(command, params)\n           ~~~~~~~~~~~~~~~~~~~~^^^^^^^^^^^^^^^^^\n  File \"/home/runner/.cache/pypoetry/virtualenvs/qa-allure-reporting-O8BnsWFA-py3.13/lib/python3.13/site-packages/selenium/webdriver/remote/webdriver.py\", line 429, in execute\n    self.error_handler.check_response(response)\n    ~~~~~~~~~~~~~~~~~~~~~~~~~~~~~~~~~^^^^^^^^^^\n  File \"/home/runner/.cache/pypoetry/virtualenvs/qa-allure-reporting-O8BnsWFA-py3.13/lib/python3.13/site-packages/selenium/webdriver/remote/errorhandler.py\", line 232, in check_response\n    raise exception_class(message, screen, stacktrace)\n","steps":[],"attachments":[],"parameters":[],"shouldDisplayMessage":true,"attachmentsCount":0,"stepsCount":0,"hasContent":true,"attachmentStep":false}],"attachments":[],"parameters":[],"shouldDisplayMessage":false,"attachmentsCount":0,"stepsCount":2,"hasContent":true,"attachmentStep":false},{"name":"Perform Last Configuration Started Test Logic","time":{"start":1746190207739,"stop":1746190214000,"duration":6261},"status":"broken","statusMessage":"selenium.common.exceptions.NoSuchElementException: Message: no such element: Unable to locate element: {\"method\":\"css selector\",\"selector\":\"#cc-app-container-main > div.cc-app-container__main-frame.cc-grid-container > div.cc-app-container__navigation.ng-star-inserted > cc-navigation > nav > div > ul > li:nth-child(3) > ccwb-text > a\"}\n  (Session info: chrome=135.0.7049.114); For documentation on this error, please visit: https://www.selenium.dev/documentation/webdriver/troubleshooting/errors#no-such-element-exception\nStacktrace:\n#0 0x55e1cb12275a <unknown>\n#1 0x55e1cabd54b0 <unknown>\n#2 0x55e1cac269b3 <unknown>\n#3 0x55e1cac26bd1 <unknown>\n#4 0x55e1cac1a4b6 <unknown>\n#5 0x55e1cac4c5bd <unknown>\n#6 0x55e1cac1a36a <unknown>\n#7 0x55e1cac4c75e <unknown>\n#8 0x55e1cac725e0 <unknown>\n#9 0x55e1cac4c363 <unknown>\n#10 0x55e1cac18d63 <unknown>\n#11 0x55e1cac199c1 <unknown>\n#12 0x55e1cb0e7a6b <unknown>\n#13 0x55e1cb0eb951 <unknown>\n#14 0x55e1cb0cfb62 <unknown>\n#15 0x55e1cb0ec4c4 <unknown>\n#16 0x55e1cb0b413f <unknown>\n#17 0x55e1cb1106f8 <unknown>\n#18 0x55e1cb1108d6 <unknown>\n#19 0x55e1cb1215a6 <unknown>\n#20 0x7fd42b29caa4 <unknown>\n#21 0x7fd42b329c3c <unknown>\n\n","statusTrace":"  File \"/home/runner/.cache/pypoetry/virtualenvs/qa-allure-reporting-O8BnsWFA-py3.13/lib/python3.13/site-packages/allure_commons/_allure.py\", line 202, in impl\n    return func(*a, **kw)\n  File \"/home/runner/work/QA-Perso/QA-Perso/TestsCodes/test_LastConfigStarted.py\", line 68, in perform_LCStarted_test\n    main_frame = shadow_root.find_element(By.CSS_SELECTOR, '#cc-app-container-main > div.cc-app-container__main-frame.cc-grid-container > div.cc-app-container__navigation.ng-star-inserted > cc-navigation > nav > div > ul > li:nth-child(3) > ccwb-text > a')\n  File \"/home/runner/.cache/pypoetry/virtualenvs/qa-allure-reporting-O8BnsWFA-py3.13/lib/python3.13/site-packages/selenium/webdriver/remote/shadowroot.py\", line 79, in find_element\n    return self._execute(Command.FIND_ELEMENT_FROM_SHADOW_ROOT, {\"using\": by, \"value\": value})[\"value\"]\n           ~~~~~~~~~~~~~^^^^^^^^^^^^^^^^^^^^^^^^^^^^^^^^^^^^^^^^^^^^^^^^^^^^^^^^^^^^^^^^^^^^^^\n  File \"/home/runner/.cache/pypoetry/virtualenvs/qa-allure-reporting-O8BnsWFA-py3.13/lib/python3.13/site-packages/selenium/webdriver/remote/shadowroot.py\", line 133, in _execute\n    return self.session.execute(command, params)\n           ~~~~~~~~~~~~~~~~~~~~^^^^^^^^^^^^^^^^^\n  File \"/home/runner/.cache/pypoetry/virtualenvs/qa-allure-reporting-O8BnsWFA-py3.13/lib/python3.13/site-packages/selenium/webdriver/remote/webdriver.py\", line 429, in execute\n    self.error_handler.check_response(response)\n    ~~~~~~~~~~~~~~~~~~~~~~~~~~~~~~~~~^^^^^^^^^^\n  File \"/home/runner/.cache/pypoetry/virtualenvs/qa-allure-reporting-O8BnsWFA-py3.13/lib/python3.13/site-packages/selenium/webdriver/remote/errorhandler.py\", line 232, in check_response\n    raise exception_class(message, screen, stacktrace)\n","steps":[{"name":"\uD83C\uDF0D Navigated to: https://www.mercedes-benz.at/passengercars/mercedes-benz-cars/car-configurator.html/motorization/CCci/AT/de/S-KLASSE/LIMOUSINE","time":{"start":1746190207739,"stop":1746190213688,"duration":5949},"status":"passed","steps":[],"attachments":[],"parameters":[],"shouldDisplayMessage":false,"attachmentsCount":0,"stepsCount":0,"hasContent":false,"attachmentStep":false},{"name":"✅ Executed actions in configurator","time":{"start":1746190213688,"stop":1746190213998,"duration":310},"status":"broken","statusMessage":"selenium.common.exceptions.NoSuchElementException: Message: no such element: Unable to locate element: {\"method\":\"css selector\",\"selector\":\"#cc-app-container-main > div.cc-app-container__main-frame.cc-grid-container > div.cc-app-container__navigation.ng-star-inserted > cc-navigation > nav > div > ul > li:nth-child(3) > ccwb-text > a\"}\n  (Session info: chrome=135.0.7049.114); For documentation on this error, please visit: https://www.selenium.dev/documentation/webdriver/troubleshooting/errors#no-such-element-exception\nStacktrace:\n#0 0x55e1cb12275a <unknown>\n#1 0x55e1cabd54b0 <unknown>\n#2 0x55e1cac269b3 <unknown>\n#3 0x55e1cac26bd1 <unknown>\n#4 0x55e1cac1a4b6 <unknown>\n#5 0x55e1cac4c5bd <unknown>\n#6 0x55e1cac1a36a <unknown>\n#7 0x55e1cac4c75e <unknown>\n#8 0x55e1cac725e0 <unknown>\n#9 0x55e1cac4c363 <unknown>\n#10 0x55e1cac18d63 <unknown>\n#11 0x55e1cac199c1 <unknown>\n#12 0x55e1cb0e7a6b <unknown>\n#13 0x55e1cb0eb951 <unknown>\n#14 0x55e1cb0cfb62 <unknown>\n#15 0x55e1cb0ec4c4 <unknown>\n#16 0x55e1cb0b413f <unknown>\n#17 0x55e1cb1106f8 <unknown>\n#18 0x55e1cb1108d6 <unknown>\n#19 0x55e1cb1215a6 <unknown>\n#20 0x7fd42b29caa4 <unknown>\n#21 0x7fd42b329c3c <unknown>\n\n","statusTrace":"  File \"/home/runner/work/QA-Perso/QA-Perso/TestsCodes/test_LastConfigStarted.py\", line 68, in perform_LCStarted_test\n    main_frame = shadow_root.find_element(By.CSS_SELECTOR, '#cc-app-container-main > div.cc-app-container__main-frame.cc-grid-container > div.cc-app-container__navigation.ng-star-inserted > cc-navigation > nav > div > ul > li:nth-child(3) > ccwb-text > a')\n  File \"/home/runner/.cache/pypoetry/virtualenvs/qa-allure-reporting-O8BnsWFA-py3.13/lib/python3.13/site-packages/selenium/webdriver/remote/shadowroot.py\", line 79, in find_element\n    return self._execute(Command.FIND_ELEMENT_FROM_SHADOW_ROOT, {\"using\": by, \"value\": value})[\"value\"]\n           ~~~~~~~~~~~~~^^^^^^^^^^^^^^^^^^^^^^^^^^^^^^^^^^^^^^^^^^^^^^^^^^^^^^^^^^^^^^^^^^^^^^\n  File \"/home/runner/.cache/pypoetry/virtualenvs/qa-allure-reporting-O8BnsWFA-py3.13/lib/python3.13/site-packages/selenium/webdriver/remote/shadowroot.py\", line 133, in _execute\n    return self.session.execute(command, params)\n           ~~~~~~~~~~~~~~~~~~~~^^^^^^^^^^^^^^^^^\n  File \"/home/runner/.cache/pypoetry/virtualenvs/qa-allure-reporting-O8BnsWFA-py3.13/lib/python3.13/site-packages/selenium/webdriver/remote/webdriver.py\", line 429, in execute\n    self.error_handler.check_response(response)\n    ~~~~~~~~~~~~~~~~~~~~~~~~~~~~~~~~~^^^^^^^^^^\n  File \"/home/runner/.cache/pypoetry/virtualenvs/qa-allure-reporting-O8BnsWFA-py3.13/lib/python3.13/site-packages/selenium/webdriver/remote/errorhandler.py\", line 232, in check_response\n    raise exception_class(message, screen, stacktrace)\n","steps":[],"attachments":[],"parameters":[],"shouldDisplayMessage":true,"attachmentsCount":0,"stepsCount":0,"hasContent":true,"attachmentStep":false}],"attachments":[],"parameters":[],"shouldDisplayMessage":false,"attachmentsCount":0,"stepsCount":2,"hasContent":true,"attachmentStep":false},{"name":"\uD83D\uDD0D Verifying personalized image...","time":{"start":1746190218007,"stop":1746190228478,"duration":10471},"status":"passed","steps":[{"name":"❌ Image not found in the specified selector. Error: Message: \n","time":{"start":1746190228477,"stop":1746190228478,"duration":1},"status":"passed","steps":[],"attachments":[{"uid":"203dbdc93226ddae","name":"Expected Image Source","source":"203dbdc93226ddae.txt","type":"text/plain","size":37},{"uid":"d9b1e339be0a6f0e","name":"Image Verification Error","source":"d9b1e339be0a6f0e.txt","type":"text/plain","size":17}],"parameters":[],"shouldDisplayMessage":false,"attachmentsCount":2,"stepsCount":0,"hasContent":true,"attachmentStep":false}],"attachments":[],"parameters":[],"shouldDisplayMessage":false,"attachmentsCount":2,"stepsCount":1,"hasContent":true,"attachmentStep":false},{"name":"\uD83D\uDD0D Debugging campaign images...","time":{"start":1746190228478,"stop":1746190228507,"duration":29},"status":"passed","steps":[],"attachments":[{"uid":"41e0345a9c62b43b","name":"Campaign Images","source":"41e0345a9c62b43b.txt","type":"text/plain","size":0}],"parameters":[],"shouldDisplayMessage":false,"attachmentsCount":1,"stepsCount":0,"hasContent":true,"attachmentStep":false},{"name":"\uD83D\uDCDC Scrolling to specific elements and capturing screenshot","time":{"start":1746190228507,"stop":1746190228659,"duration":152},"status":"passed","steps":[],"attachments":[{"uid":"546102d898c602f2","name":"Scroll Error","source":"546102d898c602f2.txt","type":"text/plain","size":907}],"parameters":[],"shouldDisplayMessage":false,"attachmentsCount":1,"stepsCount":0,"hasContent":true,"attachmentStep":false},{"name":"✅ Screenshot captured and saved","time":{"start":1746190229097,"stop":1746190229097,"duration":0},"status":"passed","steps":[],"attachments":[{"uid":"112e1da2ea4e9567","name":"Final Screenshot","source":"112e1da2ea4e9567.png","type":"image/png","size":381828}],"parameters":[],"shouldDisplayMessage":false,"attachmentsCount":1,"stepsCount":0,"hasContent":true,"attachmentStep":false}],"attachments":[{"uid":"54e044e892a3fc2","name":"URLs for S-CLASS (SALOON)","source":"54e044e892a3fc2.json","type":"application/json","size":550},{"uid":"f70b8c370185d5f4","name":"Test Failure","source":"f70b8c370185d5f4.txt","type":"text/plain","size":45},{"uid":"d5ff52acdbd708d3","name":"log","source":"d5ff52acdbd708d3.txt","type":"text/plain","size":39275}],"parameters":[],"shouldDisplayMessage":true,"attachmentsCount":8,"stepsCount":22,"hasContent":true,"attachmentStep":false},"afterStages":[],"labels":[{"name":"as_id","value":"d97cfd873c883f0af87b76d10c0fac5a"},{"name":"parentSuite","value":"AT/de"},{"name":"suite","value":"Last Configuration Started"},{"name":"subSuite","value":"W223 - S-CLASS (SALOON)"},{"name":"tag","value":"Last Configuration Started"},{"name":"tag","value":"AT/de"},{"name":"tag","value":"W223"},{"name":"tag","value":"SALOON"},{"name":"tag","value":"S-CLASS"},{"name":"host","value":"fv-az1781-652"},{"name":"thread","value":"2267-MainThread"},{"name":"framework","value":"pytest"},{"name":"language","value":"cpython3"},{"name":"package","value":"QAAppAllure"},{"name":"resultFormat","value":"allure2"}],"parameters":[{"name":"test_case","value":"{'test_name': 'Last Configuration Started', 'market_code': 'AT/de', 'model_code': 'W223', 'model_name': 'S-CLASS', 'body_type': 'SALOON', 'urls': {'MODEL_CODE': 'W223', 'PRODUCT_PAGE': 'https://www.mercedes-benz.at/passengercars/models/saloon/s-class/overview.html', 'CONFIGURATOR': 'https://www.mercedes-benz.at/passengercars/mercedes-benz-cars/car-configurator.html/motorization/CCci/AT/de/S-KLASSE/LIMOUSINE', 'ONLINE_SHOP': '', 'TEST_DRIVE': 'https://www.mercedes-benz.at/passengercars/mercedes-benz-cars/online-testdrive.html#/dealer?context=OWPC&modelSeries=W223&modelType=ALL', 'HOME_PAGE': 'https://www.mercedes-benz.at/', 'BODY_TYPE': 'SALOON', 'MODEL_NAME': 'S-CLASS'}}"}],"links":[],"hidden":false,"retry":false,"extra":{"severity":"normal","retries":[{"uid":"dcac9c5eda81c827","status":"failed","statusDetails":"Failed: ❌ Test 'Last Configuration Started' failed.","time":{"start":1746190100465,"stop":1746190165649,"duration":65184}},{"uid":"f540f9c926713196","status":"failed","statusDetails":"Failed: ❌ Test 'Last Configuration Started' failed.","time":{"start":1746190033497,"stop":1746190100364,"duration":66867}},{"uid":"568836e7a061b293","status":"failed","statusDetails":"Failed: ❌ Test 'Last Configuration Started' failed.","time":{"start":1746189967323,"stop":1746190033446,"duration":66123}},{"uid":"851ca7aec86a8743","status":"failed","statusDetails":"Failed: ❌ Test 'Last Configuration Started' failed.","time":{"start":1746189900358,"stop":1746189967239,"duration":66881}},{"uid":"5a45941150008013","status":"failed","statusDetails":"Failed: ❌ Test 'Last Configuration Started' failed.","time":{"start":1746189830909,"stop":1746189900318,"duration":69409}}],"categories":[{"name":"Product defects","matchedStatuses":[],"flaky":false}],"tags":["W223","AT/de","SALOON","S-CLASS","Last Configuration Started"]},"source":"eb8211a08d8890f6.json","parameterValues":["{'test_name': 'Last Configuration Started', 'market_code': 'AT/de', 'model_code': 'W223', 'model_name': 'S-CLASS', 'body_type': 'SALOON', 'urls': {'MODEL_CODE': 'W223', 'PRODUCT_PAGE': 'https://www.mercedes-benz.at/passengercars/models/saloon/s-class/overview.html', 'CONFIGURATOR': 'https://www.mercedes-benz.at/passengercars/mercedes-benz-cars/car-configurator.html/motorization/CCci/AT/de/S-KLASSE/LIMOUSINE', 'ONLINE_SHOP': '', 'TEST_DRIVE': 'https://www.mercedes-benz.at/passengercars/mercedes-benz-cars/online-testdrive.html#/dealer?context=OWPC&modelSeries=W223&modelType=ALL', 'HOME_PAGE': 'https://www.mercedes-benz.at/', 'BODY_TYPE': 'SALOON', 'MODEL_NAME': 'S-CLASS'}}"]}