{"uid":"ec23f734cf61d79f","name":"test_run[test_case19]","fullName":"QAAppAllure#test_run","historyId":"9b68a9111687fa41325c234153da9dba","time":{"start":1746191503739,"stop":1746191568781,"duration":65042},"description":"\nRuns a test for each test case, either manually defined or dynamically fetched.\n","descriptionHtml":"<p>Runs a test for each test case, either manually defined or dynamically fetched.</p>\n","status":"failed","statusMessage":"Failed: ❌ Test 'Last Configuration Started' failed.","statusTrace":"test_case = {'body_type': 'COUPE', 'market_code': 'AT/de', 'model_code': 'C236', 'model_name': 'CLE', ...}\nscreenshot_dir = '/home/runner/work/QA-Perso/QA-Perso/Tests'\n\n    @pytest.mark.parametrize(\"test_case\", all_test_cases)\n    def test_run(test_case, screenshot_dir):\n        \"\"\"\n        Runs a test for each test case, either manually defined or dynamically fetched.\n        \"\"\"\n        test_name = test_case['test_name']\n        market_code = test_case.get('market_code', 'BE/nl')\n        model_code = test_case.get('model_code', None)\n        model_name = test_case.get('model_name', None)\n        body_type = test_case.get('body_type', None)\n        urls = test_case.get('urls', {})\n    \n        # Log test case details\n        logging.info(f\"Running test case: {json.dumps(test_case, indent=2)}\")\n    \n        # Validate URLs\n        if not urls or 'HOME_PAGE' not in urls or not urls['HOME_PAGE']:\n            logging.error(f\"❌ Missing HOME_PAGE URL for test '{test_name}' (market: {market_code}, model: {model_code}).\")\n            allure.attach(f\"❌ Missing HOME_PAGE URL for test '{test_name}' (market: {market_code}, model: {model_code}).\")\n            return\n    \n    \n        # Generar ID único y consistente para Allure\n        uid_raw = f\"{test_name}_{market_code}_{model_code or 'unknown'}\"\n        uid_hashed = hashlib.md5(uid_raw.encode()).hexdigest()\n        allure.dynamic.id(uid_hashed)\n    \n        # Define browser options and create driver\n        options = build_chrome_options()\n        driver = create_driver(options)\n    \n        try:\n            # Set Allure suite hierarchy\n            allure.dynamic.parent_suite(f\"{market_code}\")  # Parent Suite\n            allure.dynamic.suite(f\"{test_name}\")  # Suite\n            allure.dynamic.sub_suite(f\"{model_code or 'N/A'} - {model_name or 'N/A'} ({body_type or 'N/A'})\")  # Sub-Suite\n    \n            # Add dynamic tags\n            allure.dynamic.tag(test_name)\n            allure.dynamic.tag(market_code)\n            if model_code:\n                allure.dynamic.tag(model_code)\n            if body_type:\n                allure.dynamic.tag(body_type)\n            if model_name:\n                allure.dynamic.tag(model_name)\n    \n            # Attach URLs to Allure\n            allure.attach(\n                json.dumps(urls, indent=2),\n                name=f\"URLs for {model_name or 'N/A'} ({body_type or 'N/A'})\",\n                attachment_type=allure.attachment_type.JSON\n            )\n    \n            # Extract base test name\n            base_test_name = test_name.split(\" - \")[0]\n    \n            # Run the test logic for the current model\n            try:\n                api_and_xhr = create_api_and_xhr(driver)\n                if api_and_xhr is None or api_and_xhr[1] is None:\n                    logging.error(\"❌ Failed to initialize API and XHR capturer.\")\n                    allure.attach(\"❌ Failed to initialize API and XHR capturer.\", name=\"Initialization Error\", attachment_type=allure.attachment_type.TEXT)\n                    return\n                if base_test_name in test_mapping:\n>                   run_test(driver, base_test_name, market_code, model_code, model_name, body_type, 1, urls, api_and_xhr, screenshot_dir)\n\nQAAppAllure.py:281: \n_ _ _ _ _ _ _ _ _ _ _ _ _ _ _ _ _ _ _ _ _ _ _ _ _ _ _ _ _ _ _ _ _ _ _ _ _ _ _ _ \n\ndriver = <selenium.webdriver.chrome.webdriver.WebDriver (session=\"0eddc3200f8eb932d8333c3039fe9c6b\")>\ntest_name = 'Last Configuration Started', market_code = 'AT/de'\nmodel_code = 'C236', model_name = 'CLE', body_type = 'COUPE', attempt = 1\nurls = {'BODY_TYPE': 'COUPE', 'CONFIGURATOR': 'https://www.mercedes-benz.at/passengercars/mercedes-benz-cars/car-configurator.html/motorization/CCci/AT/de/CLE-KLASSE/COUPE', 'HOME_PAGE': 'https://www.mercedes-benz.at/', 'MODEL_CODE': 'C236', ...}\napi_and_xhr = (<App.vehicle_api.VehicleAPI object at 0x7fcf41832c90>, <App.XHRResponseCapturer.XHRResponseCapturer object at 0x7fcf417dce50>)\nscreenshot_dir = '/home/runner/work/QA-Perso/QA-Perso/Tests'\n\n    def run_test(driver, test_name, market_code, model_code, model_name, body_type, attempt, urls, api_and_xhr, screenshot_dir):\n        vehicle_api, xhr_capturer = api_and_xhr\n        test_success = False\n    \n        if not urls or 'HOME_PAGE' not in urls or not urls['HOME_PAGE']:\n            allure.attach(f\"❌ Could not fetch valid URLs for test '{test_name}' (market: {market_code}, model: {model_code})\")\n            pytest.fail(f\"Missing HOME_PAGE URL for test '{test_name}'\")\n    \n        allure.step(f\"\uD83C\uDF10 Fetched URLs from API for test '{test_name}':\\n\"\n                    f\"Model Name: {urls.get('MODEL_NAME', 'N/A')}\\n\"\n                    f\"Body Type: {urls.get('BODY_TYPE', 'N/A')}\\n\"\n                    f\"URLs:\\n{json.dumps(urls, indent=2)}\")\n    \n        # BFV Logic\n        if 'CONFIGURATOR' not in urls or not urls['CONFIGURATOR']:\n            if test_name in [\"BFV1\", \"BFV2\", \"BFV3\", \"Last Configuration Started\", \"Last Configuration Completed\"]:\n                message = f\"❌ Skipping test '{test_name}' due to lack of CONFIGURATOR URL.\"\n                logging.warning(message)\n                allure.dynamic.description(message)\n                pytest.skip(message)\n    \n        if 'ONLINE_SHOP' not in urls or not urls['ONLINE_SHOP']:\n            if test_name in [\"BFV2\", \"BFV3\", \"Last Seen PDP\", \"Last Seen SRP\"]:\n                message = f\"❌ Skipping test '{test_name}' due to lack of ONLINE_SHOP URL.\"\n                logging.warning(message)\n                allure.dynamic.description(message)\n                pytest.skip(message)\n    \n        if 'TEST_DRIVE' not in urls or not urls['TEST_DRIVE']:\n            if test_name == \"BFV3\":\n                message = f\"❌ Skipping test '{test_name}' due to lack of TEST_DRIVE URL.\"\n                logging.warning(message)\n                allure.dynamic.description(message)\n                pytest.skip(message)\n    \n        try:\n            driver.get(urls['HOME_PAGE'])\n            WebDriverWait(driver, 15).until(lambda d: d.execute_script(\"return document.readyState\") == \"complete\")\n            logging.info(f\"\uD83C\uDF0D Navigated to: {urls['HOME_PAGE']}\")\n        except Exception as e:\n            logging.error(f\"❌ Error navigating to HOME_PAGE: {e}\")\n            pytest.fail(f\"Error navigating to HOME_PAGE: {e}\")\n    \n        try:\n            WebDriverWait(driver, 6).until(\n                EC.presence_of_element_located((By.CSS_SELECTOR, \"cmm-cookie-banner\"))\n            )\n            time.sleep(2)\n            logging.info(\"✅ Cookie banner detected.\")\n            driver.execute_script(\"\"\"\n                document.querySelector(\"cmm-cookie-banner\").shadowRoot.querySelector(\"wb7-button.button--accept-all\").click();\n            \"\"\")\n            allure.step(\"✅ Clicked on accept cookies.\")\n        except Exception as ex:\n            allure.attach(\"❌ Cookie banner not found or already accepted.\")\n    \n        # Execute test\n        if test_name in test_mapping:\n            test_instance = test_mapping[test_name](driver, urls)\n            test_instance.run()\n            allure.step(f\"✅ {test_name} test completed.\")\n            time.sleep(4)\n    \n            test_success = verify_personalization_and_capture(\n                driver, test_name, model_name, body_type, attempt, screenshot_dir,\n                test_success, xhr_capturer, urls\n            )\n    \n        if not test_success:\n            failure_message = f\"❌ Test '{test_name}' failed.\"\n            logging.error(failure_message)\n            allure.attach(failure_message, name=\"Test Failure\", attachment_type=allure.attachment_type.TEXT)\n>           pytest.fail(failure_message)\nE           Failed: ❌ Test 'Last Configuration Started' failed.\n\nQAAppAllure.py:174: Failed","flaky":false,"newFailed":false,"newBroken":false,"newPassed":false,"retriesCount":0,"retriesStatusChange":false,"beforeStages":[{"name":"screenshot_dir","time":{"start":1746191503738,"stop":1746191503738,"duration":0},"status":"passed","steps":[],"attachments":[],"parameters":[],"shouldDisplayMessage":false,"attachmentsCount":0,"stepsCount":0,"hasContent":false,"attachmentStep":false}],"testStage":{"description":"\nRuns a test for each test case, either manually defined or dynamically fetched.\n","status":"failed","statusMessage":"Failed: ❌ Test 'Last Configuration Started' failed.","statusTrace":"test_case = {'body_type': 'COUPE', 'market_code': 'AT/de', 'model_code': 'C236', 'model_name': 'CLE', ...}\nscreenshot_dir = '/home/runner/work/QA-Perso/QA-Perso/Tests'\n\n    @pytest.mark.parametrize(\"test_case\", all_test_cases)\n    def test_run(test_case, screenshot_dir):\n        \"\"\"\n        Runs a test for each test case, either manually defined or dynamically fetched.\n        \"\"\"\n        test_name = test_case['test_name']\n        market_code = test_case.get('market_code', 'BE/nl')\n        model_code = test_case.get('model_code', None)\n        model_name = test_case.get('model_name', None)\n        body_type = test_case.get('body_type', None)\n        urls = test_case.get('urls', {})\n    \n        # Log test case details\n        logging.info(f\"Running test case: {json.dumps(test_case, indent=2)}\")\n    \n        # Validate URLs\n        if not urls or 'HOME_PAGE' not in urls or not urls['HOME_PAGE']:\n            logging.error(f\"❌ Missing HOME_PAGE URL for test '{test_name}' (market: {market_code}, model: {model_code}).\")\n            allure.attach(f\"❌ Missing HOME_PAGE URL for test '{test_name}' (market: {market_code}, model: {model_code}).\")\n            return\n    \n    \n        # Generar ID único y consistente para Allure\n        uid_raw = f\"{test_name}_{market_code}_{model_code or 'unknown'}\"\n        uid_hashed = hashlib.md5(uid_raw.encode()).hexdigest()\n        allure.dynamic.id(uid_hashed)\n    \n        # Define browser options and create driver\n        options = build_chrome_options()\n        driver = create_driver(options)\n    \n        try:\n            # Set Allure suite hierarchy\n            allure.dynamic.parent_suite(f\"{market_code}\")  # Parent Suite\n            allure.dynamic.suite(f\"{test_name}\")  # Suite\n            allure.dynamic.sub_suite(f\"{model_code or 'N/A'} - {model_name or 'N/A'} ({body_type or 'N/A'})\")  # Sub-Suite\n    \n            # Add dynamic tags\n            allure.dynamic.tag(test_name)\n            allure.dynamic.tag(market_code)\n            if model_code:\n                allure.dynamic.tag(model_code)\n            if body_type:\n                allure.dynamic.tag(body_type)\n            if model_name:\n                allure.dynamic.tag(model_name)\n    \n            # Attach URLs to Allure\n            allure.attach(\n                json.dumps(urls, indent=2),\n                name=f\"URLs for {model_name or 'N/A'} ({body_type or 'N/A'})\",\n                attachment_type=allure.attachment_type.JSON\n            )\n    \n            # Extract base test name\n            base_test_name = test_name.split(\" - \")[0]\n    \n            # Run the test logic for the current model\n            try:\n                api_and_xhr = create_api_and_xhr(driver)\n                if api_and_xhr is None or api_and_xhr[1] is None:\n                    logging.error(\"❌ Failed to initialize API and XHR capturer.\")\n                    allure.attach(\"❌ Failed to initialize API and XHR capturer.\", name=\"Initialization Error\", attachment_type=allure.attachment_type.TEXT)\n                    return\n                if base_test_name in test_mapping:\n>                   run_test(driver, base_test_name, market_code, model_code, model_name, body_type, 1, urls, api_and_xhr, screenshot_dir)\n\nQAAppAllure.py:281: \n_ _ _ _ _ _ _ _ _ _ _ _ _ _ _ _ _ _ _ _ _ _ _ _ _ _ _ _ _ _ _ _ _ _ _ _ _ _ _ _ \n\ndriver = <selenium.webdriver.chrome.webdriver.WebDriver (session=\"0eddc3200f8eb932d8333c3039fe9c6b\")>\ntest_name = 'Last Configuration Started', market_code = 'AT/de'\nmodel_code = 'C236', model_name = 'CLE', body_type = 'COUPE', attempt = 1\nurls = {'BODY_TYPE': 'COUPE', 'CONFIGURATOR': 'https://www.mercedes-benz.at/passengercars/mercedes-benz-cars/car-configurator.html/motorization/CCci/AT/de/CLE-KLASSE/COUPE', 'HOME_PAGE': 'https://www.mercedes-benz.at/', 'MODEL_CODE': 'C236', ...}\napi_and_xhr = (<App.vehicle_api.VehicleAPI object at 0x7fcf41832c90>, <App.XHRResponseCapturer.XHRResponseCapturer object at 0x7fcf417dce50>)\nscreenshot_dir = '/home/runner/work/QA-Perso/QA-Perso/Tests'\n\n    def run_test(driver, test_name, market_code, model_code, model_name, body_type, attempt, urls, api_and_xhr, screenshot_dir):\n        vehicle_api, xhr_capturer = api_and_xhr\n        test_success = False\n    \n        if not urls or 'HOME_PAGE' not in urls or not urls['HOME_PAGE']:\n            allure.attach(f\"❌ Could not fetch valid URLs for test '{test_name}' (market: {market_code}, model: {model_code})\")\n            pytest.fail(f\"Missing HOME_PAGE URL for test '{test_name}'\")\n    \n        allure.step(f\"\uD83C\uDF10 Fetched URLs from API for test '{test_name}':\\n\"\n                    f\"Model Name: {urls.get('MODEL_NAME', 'N/A')}\\n\"\n                    f\"Body Type: {urls.get('BODY_TYPE', 'N/A')}\\n\"\n                    f\"URLs:\\n{json.dumps(urls, indent=2)}\")\n    \n        # BFV Logic\n        if 'CONFIGURATOR' not in urls or not urls['CONFIGURATOR']:\n            if test_name in [\"BFV1\", \"BFV2\", \"BFV3\", \"Last Configuration Started\", \"Last Configuration Completed\"]:\n                message = f\"❌ Skipping test '{test_name}' due to lack of CONFIGURATOR URL.\"\n                logging.warning(message)\n                allure.dynamic.description(message)\n                pytest.skip(message)\n    \n        if 'ONLINE_SHOP' not in urls or not urls['ONLINE_SHOP']:\n            if test_name in [\"BFV2\", \"BFV3\", \"Last Seen PDP\", \"Last Seen SRP\"]:\n                message = f\"❌ Skipping test '{test_name}' due to lack of ONLINE_SHOP URL.\"\n                logging.warning(message)\n                allure.dynamic.description(message)\n                pytest.skip(message)\n    \n        if 'TEST_DRIVE' not in urls or not urls['TEST_DRIVE']:\n            if test_name == \"BFV3\":\n                message = f\"❌ Skipping test '{test_name}' due to lack of TEST_DRIVE URL.\"\n                logging.warning(message)\n                allure.dynamic.description(message)\n                pytest.skip(message)\n    \n        try:\n            driver.get(urls['HOME_PAGE'])\n            WebDriverWait(driver, 15).until(lambda d: d.execute_script(\"return document.readyState\") == \"complete\")\n            logging.info(f\"\uD83C\uDF0D Navigated to: {urls['HOME_PAGE']}\")\n        except Exception as e:\n            logging.error(f\"❌ Error navigating to HOME_PAGE: {e}\")\n            pytest.fail(f\"Error navigating to HOME_PAGE: {e}\")\n    \n        try:\n            WebDriverWait(driver, 6).until(\n                EC.presence_of_element_located((By.CSS_SELECTOR, \"cmm-cookie-banner\"))\n            )\n            time.sleep(2)\n            logging.info(\"✅ Cookie banner detected.\")\n            driver.execute_script(\"\"\"\n                document.querySelector(\"cmm-cookie-banner\").shadowRoot.querySelector(\"wb7-button.button--accept-all\").click();\n            \"\"\")\n            allure.step(\"✅ Clicked on accept cookies.\")\n        except Exception as ex:\n            allure.attach(\"❌ Cookie banner not found or already accepted.\")\n    \n        # Execute test\n        if test_name in test_mapping:\n            test_instance = test_mapping[test_name](driver, urls)\n            test_instance.run()\n            allure.step(f\"✅ {test_name} test completed.\")\n            time.sleep(4)\n    \n            test_success = verify_personalization_and_capture(\n                driver, test_name, model_name, body_type, attempt, screenshot_dir,\n                test_success, xhr_capturer, urls\n            )\n    \n        if not test_success:\n            failure_message = f\"❌ Test '{test_name}' failed.\"\n            logging.error(failure_message)\n            allure.attach(failure_message, name=\"Test Failure\", attachment_type=allure.attachment_type.TEXT)\n>           pytest.fail(failure_message)\nE           Failed: ❌ Test 'Last Configuration Started' failed.\n\nQAAppAllure.py:174: Failed","steps":[{"name":"Setting up stealth mode for the browser","time":{"start":1746191504810,"stop":1746191504890,"duration":80},"status":"passed","steps":[],"attachments":[],"parameters":[],"shouldDisplayMessage":false,"attachmentsCount":0,"stepsCount":0,"hasContent":false,"attachmentStep":false},{"name":"Enabling network logging","time":{"start":1746191504890,"stop":1746191504893,"duration":3},"status":"passed","steps":[],"attachments":[],"parameters":[],"shouldDisplayMessage":false,"attachmentsCount":0,"stepsCount":0,"hasContent":false,"attachmentStep":false},{"name":"Perform Last Configuration Started Test Logic","time":{"start":1746191521184,"stop":1746191529023,"duration":7839},"status":"broken","statusMessage":"selenium.common.exceptions.NoSuchElementException: Message: no such element: Unable to locate element: {\"method\":\"css selector\",\"selector\":\"#cc-app-container-main > div.cc-app-container__main-frame.cc-grid-container > div.cc-app-container__navigation.ng-star-inserted > cc-navigation > nav > div > ul > li:nth-child(3) > ccwb-text > a\"}\n  (Session info: chrome=135.0.7049.114); For documentation on this error, please visit: https://www.selenium.dev/documentation/webdriver/troubleshooting/errors#no-such-element-exception\nStacktrace:\n#0 0x55d41b5d475a <unknown>\n#1 0x55d41b0874b0 <unknown>\n#2 0x55d41b0d89b3 <unknown>\n#3 0x55d41b0d8bd1 <unknown>\n#4 0x55d41b0cc4b6 <unknown>\n#5 0x55d41b0fe5bd <unknown>\n#6 0x55d41b0cc36a <unknown>\n#7 0x55d41b0fe75e <unknown>\n#8 0x55d41b1245e0 <unknown>\n#9 0x55d41b0fe363 <unknown>\n#10 0x55d41b0cad63 <unknown>\n#11 0x55d41b0cb9c1 <unknown>\n#12 0x55d41b599a6b <unknown>\n#13 0x55d41b59d951 <unknown>\n#14 0x55d41b581b62 <unknown>\n#15 0x55d41b59e4c4 <unknown>\n#16 0x55d41b56613f <unknown>\n#17 0x55d41b5c26f8 <unknown>\n#18 0x55d41b5c28d6 <unknown>\n#19 0x55d41b5d35a6 <unknown>\n#20 0x7fba29e9caa4 <unknown>\n#21 0x7fba29f29c3c <unknown>\n\n","statusTrace":"  File \"/home/runner/.cache/pypoetry/virtualenvs/qa-allure-reporting-O8BnsWFA-py3.13/lib/python3.13/site-packages/allure_commons/_allure.py\", line 202, in impl\n    return func(*a, **kw)\n  File \"/home/runner/work/QA-Perso/QA-Perso/TestsCodes/test_LastConfigStarted.py\", line 68, in perform_LCStarted_test\n    main_frame = shadow_root.find_element(By.CSS_SELECTOR, '#cc-app-container-main > div.cc-app-container__main-frame.cc-grid-container > div.cc-app-container__navigation.ng-star-inserted > cc-navigation > nav > div > ul > li:nth-child(3) > ccwb-text > a')\n  File \"/home/runner/.cache/pypoetry/virtualenvs/qa-allure-reporting-O8BnsWFA-py3.13/lib/python3.13/site-packages/selenium/webdriver/remote/shadowroot.py\", line 79, in find_element\n    return self._execute(Command.FIND_ELEMENT_FROM_SHADOW_ROOT, {\"using\": by, \"value\": value})[\"value\"]\n           ~~~~~~~~~~~~~^^^^^^^^^^^^^^^^^^^^^^^^^^^^^^^^^^^^^^^^^^^^^^^^^^^^^^^^^^^^^^^^^^^^^^\n  File \"/home/runner/.cache/pypoetry/virtualenvs/qa-allure-reporting-O8BnsWFA-py3.13/lib/python3.13/site-packages/selenium/webdriver/remote/shadowroot.py\", line 133, in _execute\n    return self.session.execute(command, params)\n           ~~~~~~~~~~~~~~~~~~~~^^^^^^^^^^^^^^^^^\n  File \"/home/runner/.cache/pypoetry/virtualenvs/qa-allure-reporting-O8BnsWFA-py3.13/lib/python3.13/site-packages/selenium/webdriver/remote/webdriver.py\", line 429, in execute\n    self.error_handler.check_response(response)\n    ~~~~~~~~~~~~~~~~~~~~~~~~~~~~~~~~~^^^^^^^^^^\n  File \"/home/runner/.cache/pypoetry/virtualenvs/qa-allure-reporting-O8BnsWFA-py3.13/lib/python3.13/site-packages/selenium/webdriver/remote/errorhandler.py\", line 232, in check_response\n    raise exception_class(message, screen, stacktrace)\n","steps":[{"name":"\uD83C\uDF0D Navigated to: https://www.mercedes-benz.at/passengercars/mercedes-benz-cars/car-configurator.html/motorization/CCci/AT/de/CLE-KLASSE/COUPE","time":{"start":1746191521184,"stop":1746191528130,"duration":6946},"status":"passed","steps":[],"attachments":[],"parameters":[],"shouldDisplayMessage":false,"attachmentsCount":0,"stepsCount":0,"hasContent":false,"attachmentStep":false},{"name":"✅ Executed actions in configurator","time":{"start":1746191528130,"stop":1746191529019,"duration":889},"status":"broken","statusMessage":"selenium.common.exceptions.NoSuchElementException: Message: no such element: Unable to locate element: {\"method\":\"css selector\",\"selector\":\"#cc-app-container-main > div.cc-app-container__main-frame.cc-grid-container > div.cc-app-container__navigation.ng-star-inserted > cc-navigation > nav > div > ul > li:nth-child(3) > ccwb-text > a\"}\n  (Session info: chrome=135.0.7049.114); For documentation on this error, please visit: https://www.selenium.dev/documentation/webdriver/troubleshooting/errors#no-such-element-exception\nStacktrace:\n#0 0x55d41b5d475a <unknown>\n#1 0x55d41b0874b0 <unknown>\n#2 0x55d41b0d89b3 <unknown>\n#3 0x55d41b0d8bd1 <unknown>\n#4 0x55d41b0cc4b6 <unknown>\n#5 0x55d41b0fe5bd <unknown>\n#6 0x55d41b0cc36a <unknown>\n#7 0x55d41b0fe75e <unknown>\n#8 0x55d41b1245e0 <unknown>\n#9 0x55d41b0fe363 <unknown>\n#10 0x55d41b0cad63 <unknown>\n#11 0x55d41b0cb9c1 <unknown>\n#12 0x55d41b599a6b <unknown>\n#13 0x55d41b59d951 <unknown>\n#14 0x55d41b581b62 <unknown>\n#15 0x55d41b59e4c4 <unknown>\n#16 0x55d41b56613f <unknown>\n#17 0x55d41b5c26f8 <unknown>\n#18 0x55d41b5c28d6 <unknown>\n#19 0x55d41b5d35a6 <unknown>\n#20 0x7fba29e9caa4 <unknown>\n#21 0x7fba29f29c3c <unknown>\n\n","statusTrace":"  File \"/home/runner/work/QA-Perso/QA-Perso/TestsCodes/test_LastConfigStarted.py\", line 68, in perform_LCStarted_test\n    main_frame = shadow_root.find_element(By.CSS_SELECTOR, '#cc-app-container-main > div.cc-app-container__main-frame.cc-grid-container > div.cc-app-container__navigation.ng-star-inserted > cc-navigation > nav > div > ul > li:nth-child(3) > ccwb-text > a')\n  File \"/home/runner/.cache/pypoetry/virtualenvs/qa-allure-reporting-O8BnsWFA-py3.13/lib/python3.13/site-packages/selenium/webdriver/remote/shadowroot.py\", line 79, in find_element\n    return self._execute(Command.FIND_ELEMENT_FROM_SHADOW_ROOT, {\"using\": by, \"value\": value})[\"value\"]\n           ~~~~~~~~~~~~~^^^^^^^^^^^^^^^^^^^^^^^^^^^^^^^^^^^^^^^^^^^^^^^^^^^^^^^^^^^^^^^^^^^^^^\n  File \"/home/runner/.cache/pypoetry/virtualenvs/qa-allure-reporting-O8BnsWFA-py3.13/lib/python3.13/site-packages/selenium/webdriver/remote/shadowroot.py\", line 133, in _execute\n    return self.session.execute(command, params)\n           ~~~~~~~~~~~~~~~~~~~~^^^^^^^^^^^^^^^^^\n  File \"/home/runner/.cache/pypoetry/virtualenvs/qa-allure-reporting-O8BnsWFA-py3.13/lib/python3.13/site-packages/selenium/webdriver/remote/webdriver.py\", line 429, in execute\n    self.error_handler.check_response(response)\n    ~~~~~~~~~~~~~~~~~~~~~~~~~~~~~~~~~^^^^^^^^^^\n  File \"/home/runner/.cache/pypoetry/virtualenvs/qa-allure-reporting-O8BnsWFA-py3.13/lib/python3.13/site-packages/selenium/webdriver/remote/errorhandler.py\", line 232, in check_response\n    raise exception_class(message, screen, stacktrace)\n","steps":[],"attachments":[],"parameters":[],"shouldDisplayMessage":true,"attachmentsCount":0,"stepsCount":0,"hasContent":true,"attachmentStep":false}],"attachments":[],"parameters":[],"shouldDisplayMessage":false,"attachmentsCount":0,"stepsCount":2,"hasContent":true,"attachmentStep":false},{"name":"Perform Last Configuration Started Test Logic","time":{"start":1746191529028,"stop":1746191535786,"duration":6758},"status":"broken","statusMessage":"selenium.common.exceptions.NoSuchElementException: Message: no such element: Unable to locate element: {\"method\":\"css selector\",\"selector\":\"#cc-app-container-main > div.cc-app-container__main-frame.cc-grid-container > div.cc-app-container__navigation.ng-star-inserted > cc-navigation > nav > div > ul > li:nth-child(3) > ccwb-text > a\"}\n  (Session info: chrome=135.0.7049.114); For documentation on this error, please visit: https://www.selenium.dev/documentation/webdriver/troubleshooting/errors#no-such-element-exception\nStacktrace:\n#0 0x55d41b5d475a <unknown>\n#1 0x55d41b0874b0 <unknown>\n#2 0x55d41b0d89b3 <unknown>\n#3 0x55d41b0d8bd1 <unknown>\n#4 0x55d41b0cc4b6 <unknown>\n#5 0x55d41b0fe5bd <unknown>\n#6 0x55d41b0cc36a <unknown>\n#7 0x55d41b0fe75e <unknown>\n#8 0x55d41b1245e0 <unknown>\n#9 0x55d41b0fe363 <unknown>\n#10 0x55d41b0cad63 <unknown>\n#11 0x55d41b0cb9c1 <unknown>\n#12 0x55d41b599a6b <unknown>\n#13 0x55d41b59d951 <unknown>\n#14 0x55d41b581b62 <unknown>\n#15 0x55d41b59e4c4 <unknown>\n#16 0x55d41b56613f <unknown>\n#17 0x55d41b5c26f8 <unknown>\n#18 0x55d41b5c28d6 <unknown>\n#19 0x55d41b5d35a6 <unknown>\n#20 0x7fba29e9caa4 <unknown>\n#21 0x7fba29f29c3c <unknown>\n\n","statusTrace":"  File \"/home/runner/.cache/pypoetry/virtualenvs/qa-allure-reporting-O8BnsWFA-py3.13/lib/python3.13/site-packages/allure_commons/_allure.py\", line 202, in impl\n    return func(*a, **kw)\n  File \"/home/runner/work/QA-Perso/QA-Perso/TestsCodes/test_LastConfigStarted.py\", line 68, in perform_LCStarted_test\n    main_frame = shadow_root.find_element(By.CSS_SELECTOR, '#cc-app-container-main > div.cc-app-container__main-frame.cc-grid-container > div.cc-app-container__navigation.ng-star-inserted > cc-navigation > nav > div > ul > li:nth-child(3) > ccwb-text > a')\n  File \"/home/runner/.cache/pypoetry/virtualenvs/qa-allure-reporting-O8BnsWFA-py3.13/lib/python3.13/site-packages/selenium/webdriver/remote/shadowroot.py\", line 79, in find_element\n    return self._execute(Command.FIND_ELEMENT_FROM_SHADOW_ROOT, {\"using\": by, \"value\": value})[\"value\"]\n           ~~~~~~~~~~~~~^^^^^^^^^^^^^^^^^^^^^^^^^^^^^^^^^^^^^^^^^^^^^^^^^^^^^^^^^^^^^^^^^^^^^^\n  File \"/home/runner/.cache/pypoetry/virtualenvs/qa-allure-reporting-O8BnsWFA-py3.13/lib/python3.13/site-packages/selenium/webdriver/remote/shadowroot.py\", line 133, in _execute\n    return self.session.execute(command, params)\n           ~~~~~~~~~~~~~~~~~~~~^^^^^^^^^^^^^^^^^\n  File \"/home/runner/.cache/pypoetry/virtualenvs/qa-allure-reporting-O8BnsWFA-py3.13/lib/python3.13/site-packages/selenium/webdriver/remote/webdriver.py\", line 429, in execute\n    self.error_handler.check_response(response)\n    ~~~~~~~~~~~~~~~~~~~~~~~~~~~~~~~~~^^^^^^^^^^\n  File \"/home/runner/.cache/pypoetry/virtualenvs/qa-allure-reporting-O8BnsWFA-py3.13/lib/python3.13/site-packages/selenium/webdriver/remote/errorhandler.py\", line 232, in check_response\n    raise exception_class(message, screen, stacktrace)\n","steps":[{"name":"\uD83C\uDF0D Navigated to: https://www.mercedes-benz.at/passengercars/mercedes-benz-cars/car-configurator.html/motorization/CCci/AT/de/CLE-KLASSE/COUPE","time":{"start":1746191529028,"stop":1746191535429,"duration":6401},"status":"passed","steps":[],"attachments":[],"parameters":[],"shouldDisplayMessage":false,"attachmentsCount":0,"stepsCount":0,"hasContent":false,"attachmentStep":false},{"name":"✅ Executed actions in configurator","time":{"start":1746191535429,"stop":1746191535784,"duration":355},"status":"broken","statusMessage":"selenium.common.exceptions.NoSuchElementException: Message: no such element: Unable to locate element: {\"method\":\"css selector\",\"selector\":\"#cc-app-container-main > div.cc-app-container__main-frame.cc-grid-container > div.cc-app-container__navigation.ng-star-inserted > cc-navigation > nav > div > ul > li:nth-child(3) > ccwb-text > a\"}\n  (Session info: chrome=135.0.7049.114); For documentation on this error, please visit: https://www.selenium.dev/documentation/webdriver/troubleshooting/errors#no-such-element-exception\nStacktrace:\n#0 0x55d41b5d475a <unknown>\n#1 0x55d41b0874b0 <unknown>\n#2 0x55d41b0d89b3 <unknown>\n#3 0x55d41b0d8bd1 <unknown>\n#4 0x55d41b0cc4b6 <unknown>\n#5 0x55d41b0fe5bd <unknown>\n#6 0x55d41b0cc36a <unknown>\n#7 0x55d41b0fe75e <unknown>\n#8 0x55d41b1245e0 <unknown>\n#9 0x55d41b0fe363 <unknown>\n#10 0x55d41b0cad63 <unknown>\n#11 0x55d41b0cb9c1 <unknown>\n#12 0x55d41b599a6b <unknown>\n#13 0x55d41b59d951 <unknown>\n#14 0x55d41b581b62 <unknown>\n#15 0x55d41b59e4c4 <unknown>\n#16 0x55d41b56613f <unknown>\n#17 0x55d41b5c26f8 <unknown>\n#18 0x55d41b5c28d6 <unknown>\n#19 0x55d41b5d35a6 <unknown>\n#20 0x7fba29e9caa4 <unknown>\n#21 0x7fba29f29c3c <unknown>\n\n","statusTrace":"  File \"/home/runner/work/QA-Perso/QA-Perso/TestsCodes/test_LastConfigStarted.py\", line 68, in perform_LCStarted_test\n    main_frame = shadow_root.find_element(By.CSS_SELECTOR, '#cc-app-container-main > div.cc-app-container__main-frame.cc-grid-container > div.cc-app-container__navigation.ng-star-inserted > cc-navigation > nav > div > ul > li:nth-child(3) > ccwb-text > a')\n  File \"/home/runner/.cache/pypoetry/virtualenvs/qa-allure-reporting-O8BnsWFA-py3.13/lib/python3.13/site-packages/selenium/webdriver/remote/shadowroot.py\", line 79, in find_element\n    return self._execute(Command.FIND_ELEMENT_FROM_SHADOW_ROOT, {\"using\": by, \"value\": value})[\"value\"]\n           ~~~~~~~~~~~~~^^^^^^^^^^^^^^^^^^^^^^^^^^^^^^^^^^^^^^^^^^^^^^^^^^^^^^^^^^^^^^^^^^^^^^\n  File \"/home/runner/.cache/pypoetry/virtualenvs/qa-allure-reporting-O8BnsWFA-py3.13/lib/python3.13/site-packages/selenium/webdriver/remote/shadowroot.py\", line 133, in _execute\n    return self.session.execute(command, params)\n           ~~~~~~~~~~~~~~~~~~~~^^^^^^^^^^^^^^^^^\n  File \"/home/runner/.cache/pypoetry/virtualenvs/qa-allure-reporting-O8BnsWFA-py3.13/lib/python3.13/site-packages/selenium/webdriver/remote/webdriver.py\", line 429, in execute\n    self.error_handler.check_response(response)\n    ~~~~~~~~~~~~~~~~~~~~~~~~~~~~~~~~~^^^^^^^^^^\n  File \"/home/runner/.cache/pypoetry/virtualenvs/qa-allure-reporting-O8BnsWFA-py3.13/lib/python3.13/site-packages/selenium/webdriver/remote/errorhandler.py\", line 232, in check_response\n    raise exception_class(message, screen, stacktrace)\n","steps":[],"attachments":[],"parameters":[],"shouldDisplayMessage":true,"attachmentsCount":0,"stepsCount":0,"hasContent":true,"attachmentStep":false}],"attachments":[],"parameters":[],"shouldDisplayMessage":false,"attachmentsCount":0,"stepsCount":2,"hasContent":true,"attachmentStep":false},{"name":"Perform Last Configuration Started Test Logic","time":{"start":1746191535788,"stop":1746191541453,"duration":5665},"status":"broken","statusMessage":"selenium.common.exceptions.NoSuchElementException: Message: no such element: Unable to locate element: {\"method\":\"css selector\",\"selector\":\"#cc-app-container-main > div.cc-app-container__main-frame.cc-grid-container > div.cc-app-container__navigation.ng-star-inserted > cc-navigation > nav > div > ul > li:nth-child(3) > ccwb-text > a\"}\n  (Session info: chrome=135.0.7049.114); For documentation on this error, please visit: https://www.selenium.dev/documentation/webdriver/troubleshooting/errors#no-such-element-exception\nStacktrace:\n#0 0x55d41b5d475a <unknown>\n#1 0x55d41b0874b0 <unknown>\n#2 0x55d41b0d89b3 <unknown>\n#3 0x55d41b0d8bd1 <unknown>\n#4 0x55d41b0cc4b6 <unknown>\n#5 0x55d41b0fe5bd <unknown>\n#6 0x55d41b0cc36a <unknown>\n#7 0x55d41b0fe75e <unknown>\n#8 0x55d41b1245e0 <unknown>\n#9 0x55d41b0fe363 <unknown>\n#10 0x55d41b0cad63 <unknown>\n#11 0x55d41b0cb9c1 <unknown>\n#12 0x55d41b599a6b <unknown>\n#13 0x55d41b59d951 <unknown>\n#14 0x55d41b581b62 <unknown>\n#15 0x55d41b59e4c4 <unknown>\n#16 0x55d41b56613f <unknown>\n#17 0x55d41b5c26f8 <unknown>\n#18 0x55d41b5c28d6 <unknown>\n#19 0x55d41b5d35a6 <unknown>\n#20 0x7fba29e9caa4 <unknown>\n#21 0x7fba29f29c3c <unknown>\n\n","statusTrace":"  File \"/home/runner/.cache/pypoetry/virtualenvs/qa-allure-reporting-O8BnsWFA-py3.13/lib/python3.13/site-packages/allure_commons/_allure.py\", line 202, in impl\n    return func(*a, **kw)\n  File \"/home/runner/work/QA-Perso/QA-Perso/TestsCodes/test_LastConfigStarted.py\", line 68, in perform_LCStarted_test\n    main_frame = shadow_root.find_element(By.CSS_SELECTOR, '#cc-app-container-main > div.cc-app-container__main-frame.cc-grid-container > div.cc-app-container__navigation.ng-star-inserted > cc-navigation > nav > div > ul > li:nth-child(3) > ccwb-text > a')\n  File \"/home/runner/.cache/pypoetry/virtualenvs/qa-allure-reporting-O8BnsWFA-py3.13/lib/python3.13/site-packages/selenium/webdriver/remote/shadowroot.py\", line 79, in find_element\n    return self._execute(Command.FIND_ELEMENT_FROM_SHADOW_ROOT, {\"using\": by, \"value\": value})[\"value\"]\n           ~~~~~~~~~~~~~^^^^^^^^^^^^^^^^^^^^^^^^^^^^^^^^^^^^^^^^^^^^^^^^^^^^^^^^^^^^^^^^^^^^^^\n  File \"/home/runner/.cache/pypoetry/virtualenvs/qa-allure-reporting-O8BnsWFA-py3.13/lib/python3.13/site-packages/selenium/webdriver/remote/shadowroot.py\", line 133, in _execute\n    return self.session.execute(command, params)\n           ~~~~~~~~~~~~~~~~~~~~^^^^^^^^^^^^^^^^^\n  File \"/home/runner/.cache/pypoetry/virtualenvs/qa-allure-reporting-O8BnsWFA-py3.13/lib/python3.13/site-packages/selenium/webdriver/remote/webdriver.py\", line 429, in execute\n    self.error_handler.check_response(response)\n    ~~~~~~~~~~~~~~~~~~~~~~~~~~~~~~~~~^^^^^^^^^^\n  File \"/home/runner/.cache/pypoetry/virtualenvs/qa-allure-reporting-O8BnsWFA-py3.13/lib/python3.13/site-packages/selenium/webdriver/remote/errorhandler.py\", line 232, in check_response\n    raise exception_class(message, screen, stacktrace)\n","steps":[{"name":"\uD83C\uDF0D Navigated to: https://www.mercedes-benz.at/passengercars/mercedes-benz-cars/car-configurator.html/motorization/CCci/AT/de/CLE-KLASSE/COUPE","time":{"start":1746191535788,"stop":1746191541245,"duration":5457},"status":"passed","steps":[],"attachments":[],"parameters":[],"shouldDisplayMessage":false,"attachmentsCount":0,"stepsCount":0,"hasContent":false,"attachmentStep":false},{"name":"✅ Executed actions in configurator","time":{"start":1746191541245,"stop":1746191541452,"duration":207},"status":"broken","statusMessage":"selenium.common.exceptions.NoSuchElementException: Message: no such element: Unable to locate element: {\"method\":\"css selector\",\"selector\":\"#cc-app-container-main > div.cc-app-container__main-frame.cc-grid-container > div.cc-app-container__navigation.ng-star-inserted > cc-navigation > nav > div > ul > li:nth-child(3) > ccwb-text > a\"}\n  (Session info: chrome=135.0.7049.114); For documentation on this error, please visit: https://www.selenium.dev/documentation/webdriver/troubleshooting/errors#no-such-element-exception\nStacktrace:\n#0 0x55d41b5d475a <unknown>\n#1 0x55d41b0874b0 <unknown>\n#2 0x55d41b0d89b3 <unknown>\n#3 0x55d41b0d8bd1 <unknown>\n#4 0x55d41b0cc4b6 <unknown>\n#5 0x55d41b0fe5bd <unknown>\n#6 0x55d41b0cc36a <unknown>\n#7 0x55d41b0fe75e <unknown>\n#8 0x55d41b1245e0 <unknown>\n#9 0x55d41b0fe363 <unknown>\n#10 0x55d41b0cad63 <unknown>\n#11 0x55d41b0cb9c1 <unknown>\n#12 0x55d41b599a6b <unknown>\n#13 0x55d41b59d951 <unknown>\n#14 0x55d41b581b62 <unknown>\n#15 0x55d41b59e4c4 <unknown>\n#16 0x55d41b56613f <unknown>\n#17 0x55d41b5c26f8 <unknown>\n#18 0x55d41b5c28d6 <unknown>\n#19 0x55d41b5d35a6 <unknown>\n#20 0x7fba29e9caa4 <unknown>\n#21 0x7fba29f29c3c <unknown>\n\n","statusTrace":"  File \"/home/runner/work/QA-Perso/QA-Perso/TestsCodes/test_LastConfigStarted.py\", line 68, in perform_LCStarted_test\n    main_frame = shadow_root.find_element(By.CSS_SELECTOR, '#cc-app-container-main > div.cc-app-container__main-frame.cc-grid-container > div.cc-app-container__navigation.ng-star-inserted > cc-navigation > nav > div > ul > li:nth-child(3) > ccwb-text > a')\n  File \"/home/runner/.cache/pypoetry/virtualenvs/qa-allure-reporting-O8BnsWFA-py3.13/lib/python3.13/site-packages/selenium/webdriver/remote/shadowroot.py\", line 79, in find_element\n    return self._execute(Command.FIND_ELEMENT_FROM_SHADOW_ROOT, {\"using\": by, \"value\": value})[\"value\"]\n           ~~~~~~~~~~~~~^^^^^^^^^^^^^^^^^^^^^^^^^^^^^^^^^^^^^^^^^^^^^^^^^^^^^^^^^^^^^^^^^^^^^^\n  File \"/home/runner/.cache/pypoetry/virtualenvs/qa-allure-reporting-O8BnsWFA-py3.13/lib/python3.13/site-packages/selenium/webdriver/remote/shadowroot.py\", line 133, in _execute\n    return self.session.execute(command, params)\n           ~~~~~~~~~~~~~~~~~~~~^^^^^^^^^^^^^^^^^\n  File \"/home/runner/.cache/pypoetry/virtualenvs/qa-allure-reporting-O8BnsWFA-py3.13/lib/python3.13/site-packages/selenium/webdriver/remote/webdriver.py\", line 429, in execute\n    self.error_handler.check_response(response)\n    ~~~~~~~~~~~~~~~~~~~~~~~~~~~~~~~~~^^^^^^^^^^\n  File \"/home/runner/.cache/pypoetry/virtualenvs/qa-allure-reporting-O8BnsWFA-py3.13/lib/python3.13/site-packages/selenium/webdriver/remote/errorhandler.py\", line 232, in check_response\n    raise exception_class(message, screen, stacktrace)\n","steps":[],"attachments":[],"parameters":[],"shouldDisplayMessage":true,"attachmentsCount":0,"stepsCount":0,"hasContent":true,"attachmentStep":false}],"attachments":[],"parameters":[],"shouldDisplayMessage":false,"attachmentsCount":0,"stepsCount":2,"hasContent":true,"attachmentStep":false},{"name":"Perform Last Configuration Started Test Logic","time":{"start":1746191541454,"stop":1746191546750,"duration":5296},"status":"broken","statusMessage":"selenium.common.exceptions.NoSuchElementException: Message: no such element: Unable to locate element: {\"method\":\"css selector\",\"selector\":\"#cc-app-container-main > div.cc-app-container__main-frame.cc-grid-container > div.cc-app-container__navigation.ng-star-inserted > cc-navigation > nav > div > ul > li:nth-child(3) > ccwb-text > a\"}\n  (Session info: chrome=135.0.7049.114); For documentation on this error, please visit: https://www.selenium.dev/documentation/webdriver/troubleshooting/errors#no-such-element-exception\nStacktrace:\n#0 0x55d41b5d475a <unknown>\n#1 0x55d41b0874b0 <unknown>\n#2 0x55d41b0d89b3 <unknown>\n#3 0x55d41b0d8bd1 <unknown>\n#4 0x55d41b0cc4b6 <unknown>\n#5 0x55d41b0fe5bd <unknown>\n#6 0x55d41b0cc36a <unknown>\n#7 0x55d41b0fe75e <unknown>\n#8 0x55d41b1245e0 <unknown>\n#9 0x55d41b0fe363 <unknown>\n#10 0x55d41b0cad63 <unknown>\n#11 0x55d41b0cb9c1 <unknown>\n#12 0x55d41b599a6b <unknown>\n#13 0x55d41b59d951 <unknown>\n#14 0x55d41b581b62 <unknown>\n#15 0x55d41b59e4c4 <unknown>\n#16 0x55d41b56613f <unknown>\n#17 0x55d41b5c26f8 <unknown>\n#18 0x55d41b5c28d6 <unknown>\n#19 0x55d41b5d35a6 <unknown>\n#20 0x7fba29e9caa4 <unknown>\n#21 0x7fba29f29c3c <unknown>\n\n","statusTrace":"  File \"/home/runner/.cache/pypoetry/virtualenvs/qa-allure-reporting-O8BnsWFA-py3.13/lib/python3.13/site-packages/allure_commons/_allure.py\", line 202, in impl\n    return func(*a, **kw)\n  File \"/home/runner/work/QA-Perso/QA-Perso/TestsCodes/test_LastConfigStarted.py\", line 68, in perform_LCStarted_test\n    main_frame = shadow_root.find_element(By.CSS_SELECTOR, '#cc-app-container-main > div.cc-app-container__main-frame.cc-grid-container > div.cc-app-container__navigation.ng-star-inserted > cc-navigation > nav > div > ul > li:nth-child(3) > ccwb-text > a')\n  File \"/home/runner/.cache/pypoetry/virtualenvs/qa-allure-reporting-O8BnsWFA-py3.13/lib/python3.13/site-packages/selenium/webdriver/remote/shadowroot.py\", line 79, in find_element\n    return self._execute(Command.FIND_ELEMENT_FROM_SHADOW_ROOT, {\"using\": by, \"value\": value})[\"value\"]\n           ~~~~~~~~~~~~~^^^^^^^^^^^^^^^^^^^^^^^^^^^^^^^^^^^^^^^^^^^^^^^^^^^^^^^^^^^^^^^^^^^^^^\n  File \"/home/runner/.cache/pypoetry/virtualenvs/qa-allure-reporting-O8BnsWFA-py3.13/lib/python3.13/site-packages/selenium/webdriver/remote/shadowroot.py\", line 133, in _execute\n    return self.session.execute(command, params)\n           ~~~~~~~~~~~~~~~~~~~~^^^^^^^^^^^^^^^^^\n  File \"/home/runner/.cache/pypoetry/virtualenvs/qa-allure-reporting-O8BnsWFA-py3.13/lib/python3.13/site-packages/selenium/webdriver/remote/webdriver.py\", line 429, in execute\n    self.error_handler.check_response(response)\n    ~~~~~~~~~~~~~~~~~~~~~~~~~~~~~~~~~^^^^^^^^^^\n  File \"/home/runner/.cache/pypoetry/virtualenvs/qa-allure-reporting-O8BnsWFA-py3.13/lib/python3.13/site-packages/selenium/webdriver/remote/errorhandler.py\", line 232, in check_response\n    raise exception_class(message, screen, stacktrace)\n","steps":[{"name":"\uD83C\uDF0D Navigated to: https://www.mercedes-benz.at/passengercars/mercedes-benz-cars/car-configurator.html/motorization/CCci/AT/de/CLE-KLASSE/COUPE","time":{"start":1746191541454,"stop":1746191546515,"duration":5061},"status":"passed","steps":[],"attachments":[],"parameters":[],"shouldDisplayMessage":false,"attachmentsCount":0,"stepsCount":0,"hasContent":false,"attachmentStep":false},{"name":"✅ Executed actions in configurator","time":{"start":1746191546515,"stop":1746191546749,"duration":234},"status":"broken","statusMessage":"selenium.common.exceptions.NoSuchElementException: Message: no such element: Unable to locate element: {\"method\":\"css selector\",\"selector\":\"#cc-app-container-main > div.cc-app-container__main-frame.cc-grid-container > div.cc-app-container__navigation.ng-star-inserted > cc-navigation > nav > div > ul > li:nth-child(3) > ccwb-text > a\"}\n  (Session info: chrome=135.0.7049.114); For documentation on this error, please visit: https://www.selenium.dev/documentation/webdriver/troubleshooting/errors#no-such-element-exception\nStacktrace:\n#0 0x55d41b5d475a <unknown>\n#1 0x55d41b0874b0 <unknown>\n#2 0x55d41b0d89b3 <unknown>\n#3 0x55d41b0d8bd1 <unknown>\n#4 0x55d41b0cc4b6 <unknown>\n#5 0x55d41b0fe5bd <unknown>\n#6 0x55d41b0cc36a <unknown>\n#7 0x55d41b0fe75e <unknown>\n#8 0x55d41b1245e0 <unknown>\n#9 0x55d41b0fe363 <unknown>\n#10 0x55d41b0cad63 <unknown>\n#11 0x55d41b0cb9c1 <unknown>\n#12 0x55d41b599a6b <unknown>\n#13 0x55d41b59d951 <unknown>\n#14 0x55d41b581b62 <unknown>\n#15 0x55d41b59e4c4 <unknown>\n#16 0x55d41b56613f <unknown>\n#17 0x55d41b5c26f8 <unknown>\n#18 0x55d41b5c28d6 <unknown>\n#19 0x55d41b5d35a6 <unknown>\n#20 0x7fba29e9caa4 <unknown>\n#21 0x7fba29f29c3c <unknown>\n\n","statusTrace":"  File \"/home/runner/work/QA-Perso/QA-Perso/TestsCodes/test_LastConfigStarted.py\", line 68, in perform_LCStarted_test\n    main_frame = shadow_root.find_element(By.CSS_SELECTOR, '#cc-app-container-main > div.cc-app-container__main-frame.cc-grid-container > div.cc-app-container__navigation.ng-star-inserted > cc-navigation > nav > div > ul > li:nth-child(3) > ccwb-text > a')\n  File \"/home/runner/.cache/pypoetry/virtualenvs/qa-allure-reporting-O8BnsWFA-py3.13/lib/python3.13/site-packages/selenium/webdriver/remote/shadowroot.py\", line 79, in find_element\n    return self._execute(Command.FIND_ELEMENT_FROM_SHADOW_ROOT, {\"using\": by, \"value\": value})[\"value\"]\n           ~~~~~~~~~~~~~^^^^^^^^^^^^^^^^^^^^^^^^^^^^^^^^^^^^^^^^^^^^^^^^^^^^^^^^^^^^^^^^^^^^^^\n  File \"/home/runner/.cache/pypoetry/virtualenvs/qa-allure-reporting-O8BnsWFA-py3.13/lib/python3.13/site-packages/selenium/webdriver/remote/shadowroot.py\", line 133, in _execute\n    return self.session.execute(command, params)\n           ~~~~~~~~~~~~~~~~~~~~^^^^^^^^^^^^^^^^^\n  File \"/home/runner/.cache/pypoetry/virtualenvs/qa-allure-reporting-O8BnsWFA-py3.13/lib/python3.13/site-packages/selenium/webdriver/remote/webdriver.py\", line 429, in execute\n    self.error_handler.check_response(response)\n    ~~~~~~~~~~~~~~~~~~~~~~~~~~~~~~~~~^^^^^^^^^^\n  File \"/home/runner/.cache/pypoetry/virtualenvs/qa-allure-reporting-O8BnsWFA-py3.13/lib/python3.13/site-packages/selenium/webdriver/remote/errorhandler.py\", line 232, in check_response\n    raise exception_class(message, screen, stacktrace)\n","steps":[],"attachments":[],"parameters":[],"shouldDisplayMessage":true,"attachmentsCount":0,"stepsCount":0,"hasContent":true,"attachmentStep":false}],"attachments":[],"parameters":[],"shouldDisplayMessage":false,"attachmentsCount":0,"stepsCount":2,"hasContent":true,"attachmentStep":false},{"name":"Perform Last Configuration Started Test Logic","time":{"start":1746191546754,"stop":1746191553462,"duration":6708},"status":"broken","statusMessage":"selenium.common.exceptions.NoSuchElementException: Message: no such element: Unable to locate element: {\"method\":\"css selector\",\"selector\":\"#cc-app-container-main > div.cc-app-container__main-frame.cc-grid-container > div.cc-app-container__navigation.ng-star-inserted > cc-navigation > nav > div > ul > li:nth-child(3) > ccwb-text > a\"}\n  (Session info: chrome=135.0.7049.114); For documentation on this error, please visit: https://www.selenium.dev/documentation/webdriver/troubleshooting/errors#no-such-element-exception\nStacktrace:\n#0 0x55d41b5d475a <unknown>\n#1 0x55d41b0874b0 <unknown>\n#2 0x55d41b0d89b3 <unknown>\n#3 0x55d41b0d8bd1 <unknown>\n#4 0x55d41b0cc4b6 <unknown>\n#5 0x55d41b0fe5bd <unknown>\n#6 0x55d41b0cc36a <unknown>\n#7 0x55d41b0fe75e <unknown>\n#8 0x55d41b1245e0 <unknown>\n#9 0x55d41b0fe363 <unknown>\n#10 0x55d41b0cad63 <unknown>\n#11 0x55d41b0cb9c1 <unknown>\n#12 0x55d41b599a6b <unknown>\n#13 0x55d41b59d951 <unknown>\n#14 0x55d41b581b62 <unknown>\n#15 0x55d41b59e4c4 <unknown>\n#16 0x55d41b56613f <unknown>\n#17 0x55d41b5c26f8 <unknown>\n#18 0x55d41b5c28d6 <unknown>\n#19 0x55d41b5d35a6 <unknown>\n#20 0x7fba29e9caa4 <unknown>\n#21 0x7fba29f29c3c <unknown>\n\n","statusTrace":"  File \"/home/runner/.cache/pypoetry/virtualenvs/qa-allure-reporting-O8BnsWFA-py3.13/lib/python3.13/site-packages/allure_commons/_allure.py\", line 202, in impl\n    return func(*a, **kw)\n  File \"/home/runner/work/QA-Perso/QA-Perso/TestsCodes/test_LastConfigStarted.py\", line 68, in perform_LCStarted_test\n    main_frame = shadow_root.find_element(By.CSS_SELECTOR, '#cc-app-container-main > div.cc-app-container__main-frame.cc-grid-container > div.cc-app-container__navigation.ng-star-inserted > cc-navigation > nav > div > ul > li:nth-child(3) > ccwb-text > a')\n  File \"/home/runner/.cache/pypoetry/virtualenvs/qa-allure-reporting-O8BnsWFA-py3.13/lib/python3.13/site-packages/selenium/webdriver/remote/shadowroot.py\", line 79, in find_element\n    return self._execute(Command.FIND_ELEMENT_FROM_SHADOW_ROOT, {\"using\": by, \"value\": value})[\"value\"]\n           ~~~~~~~~~~~~~^^^^^^^^^^^^^^^^^^^^^^^^^^^^^^^^^^^^^^^^^^^^^^^^^^^^^^^^^^^^^^^^^^^^^^\n  File \"/home/runner/.cache/pypoetry/virtualenvs/qa-allure-reporting-O8BnsWFA-py3.13/lib/python3.13/site-packages/selenium/webdriver/remote/shadowroot.py\", line 133, in _execute\n    return self.session.execute(command, params)\n           ~~~~~~~~~~~~~~~~~~~~^^^^^^^^^^^^^^^^^\n  File \"/home/runner/.cache/pypoetry/virtualenvs/qa-allure-reporting-O8BnsWFA-py3.13/lib/python3.13/site-packages/selenium/webdriver/remote/webdriver.py\", line 429, in execute\n    self.error_handler.check_response(response)\n    ~~~~~~~~~~~~~~~~~~~~~~~~~~~~~~~~~^^^^^^^^^^\n  File \"/home/runner/.cache/pypoetry/virtualenvs/qa-allure-reporting-O8BnsWFA-py3.13/lib/python3.13/site-packages/selenium/webdriver/remote/errorhandler.py\", line 232, in check_response\n    raise exception_class(message, screen, stacktrace)\n","steps":[{"name":"\uD83C\uDF0D Navigated to: https://www.mercedes-benz.at/passengercars/mercedes-benz-cars/car-configurator.html/motorization/CCci/AT/de/CLE-KLASSE/COUPE","time":{"start":1746191546754,"stop":1746191552685,"duration":5931},"status":"passed","steps":[],"attachments":[],"parameters":[],"shouldDisplayMessage":false,"attachmentsCount":0,"stepsCount":0,"hasContent":false,"attachmentStep":false},{"name":"✅ Executed actions in configurator","time":{"start":1746191552685,"stop":1746191553459,"duration":774},"status":"broken","statusMessage":"selenium.common.exceptions.NoSuchElementException: Message: no such element: Unable to locate element: {\"method\":\"css selector\",\"selector\":\"#cc-app-container-main > div.cc-app-container__main-frame.cc-grid-container > div.cc-app-container__navigation.ng-star-inserted > cc-navigation > nav > div > ul > li:nth-child(3) > ccwb-text > a\"}\n  (Session info: chrome=135.0.7049.114); For documentation on this error, please visit: https://www.selenium.dev/documentation/webdriver/troubleshooting/errors#no-such-element-exception\nStacktrace:\n#0 0x55d41b5d475a <unknown>\n#1 0x55d41b0874b0 <unknown>\n#2 0x55d41b0d89b3 <unknown>\n#3 0x55d41b0d8bd1 <unknown>\n#4 0x55d41b0cc4b6 <unknown>\n#5 0x55d41b0fe5bd <unknown>\n#6 0x55d41b0cc36a <unknown>\n#7 0x55d41b0fe75e <unknown>\n#8 0x55d41b1245e0 <unknown>\n#9 0x55d41b0fe363 <unknown>\n#10 0x55d41b0cad63 <unknown>\n#11 0x55d41b0cb9c1 <unknown>\n#12 0x55d41b599a6b <unknown>\n#13 0x55d41b59d951 <unknown>\n#14 0x55d41b581b62 <unknown>\n#15 0x55d41b59e4c4 <unknown>\n#16 0x55d41b56613f <unknown>\n#17 0x55d41b5c26f8 <unknown>\n#18 0x55d41b5c28d6 <unknown>\n#19 0x55d41b5d35a6 <unknown>\n#20 0x7fba29e9caa4 <unknown>\n#21 0x7fba29f29c3c <unknown>\n\n","statusTrace":"  File \"/home/runner/work/QA-Perso/QA-Perso/TestsCodes/test_LastConfigStarted.py\", line 68, in perform_LCStarted_test\n    main_frame = shadow_root.find_element(By.CSS_SELECTOR, '#cc-app-container-main > div.cc-app-container__main-frame.cc-grid-container > div.cc-app-container__navigation.ng-star-inserted > cc-navigation > nav > div > ul > li:nth-child(3) > ccwb-text > a')\n  File \"/home/runner/.cache/pypoetry/virtualenvs/qa-allure-reporting-O8BnsWFA-py3.13/lib/python3.13/site-packages/selenium/webdriver/remote/shadowroot.py\", line 79, in find_element\n    return self._execute(Command.FIND_ELEMENT_FROM_SHADOW_ROOT, {\"using\": by, \"value\": value})[\"value\"]\n           ~~~~~~~~~~~~~^^^^^^^^^^^^^^^^^^^^^^^^^^^^^^^^^^^^^^^^^^^^^^^^^^^^^^^^^^^^^^^^^^^^^^\n  File \"/home/runner/.cache/pypoetry/virtualenvs/qa-allure-reporting-O8BnsWFA-py3.13/lib/python3.13/site-packages/selenium/webdriver/remote/shadowroot.py\", line 133, in _execute\n    return self.session.execute(command, params)\n           ~~~~~~~~~~~~~~~~~~~~^^^^^^^^^^^^^^^^^\n  File \"/home/runner/.cache/pypoetry/virtualenvs/qa-allure-reporting-O8BnsWFA-py3.13/lib/python3.13/site-packages/selenium/webdriver/remote/webdriver.py\", line 429, in execute\n    self.error_handler.check_response(response)\n    ~~~~~~~~~~~~~~~~~~~~~~~~~~~~~~~~~^^^^^^^^^^\n  File \"/home/runner/.cache/pypoetry/virtualenvs/qa-allure-reporting-O8BnsWFA-py3.13/lib/python3.13/site-packages/selenium/webdriver/remote/errorhandler.py\", line 232, in check_response\n    raise exception_class(message, screen, stacktrace)\n","steps":[],"attachments":[],"parameters":[],"shouldDisplayMessage":true,"attachmentsCount":0,"stepsCount":0,"hasContent":true,"attachmentStep":false}],"attachments":[],"parameters":[],"shouldDisplayMessage":false,"attachmentsCount":0,"stepsCount":2,"hasContent":true,"attachmentStep":false},{"name":"\uD83D\uDD0D Verifying personalized image...","time":{"start":1746191557469,"stop":1746191567596,"duration":10127},"status":"passed","steps":[{"name":"❌ Image not found in the specified selector. Error: Message: \n","time":{"start":1746191567595,"stop":1746191567596,"duration":1},"status":"passed","steps":[],"attachments":[{"uid":"9973ee87f693aaf5","name":"Expected Image Source","source":"9973ee87f693aaf5.txt","type":"text/plain","size":37},{"uid":"771ebcf6218be94e","name":"Image Verification Error","source":"771ebcf6218be94e.txt","type":"text/plain","size":17}],"parameters":[],"shouldDisplayMessage":false,"attachmentsCount":2,"stepsCount":0,"hasContent":true,"attachmentStep":false}],"attachments":[],"parameters":[],"shouldDisplayMessage":false,"attachmentsCount":2,"stepsCount":1,"hasContent":true,"attachmentStep":false},{"name":"\uD83D\uDD0D Debugging campaign images...","time":{"start":1746191567596,"stop":1746191567621,"duration":25},"status":"passed","steps":[],"attachments":[{"uid":"e7f83326c8db7ab4","name":"Campaign Images","source":"e7f83326c8db7ab4.txt","type":"text/plain","size":0}],"parameters":[],"shouldDisplayMessage":false,"attachmentsCount":1,"stepsCount":0,"hasContent":true,"attachmentStep":false},{"name":"\uD83D\uDCDC Scrolling to specific elements and capturing screenshot","time":{"start":1746191567621,"stop":1746191567979,"duration":358},"status":"passed","steps":[],"attachments":[{"uid":"3a5600ece57489c4","name":"Scroll Error","source":"3a5600ece57489c4.txt","type":"text/plain","size":907}],"parameters":[],"shouldDisplayMessage":false,"attachmentsCount":1,"stepsCount":0,"hasContent":true,"attachmentStep":false},{"name":"✅ Screenshot captured and saved","time":{"start":1746191568491,"stop":1746191568492,"duration":1},"status":"passed","steps":[],"attachments":[{"uid":"1719c5e6f5ad900a","name":"Final Screenshot","source":"1719c5e6f5ad900a.png","type":"image/png","size":356323}],"parameters":[],"shouldDisplayMessage":false,"attachmentsCount":1,"stepsCount":0,"hasContent":true,"attachmentStep":false}],"attachments":[{"uid":"a262bb06c9ec1af0","name":"URLs for CLE (COUPE)","source":"a262bb06c9ec1af0.json","type":"application/json","size":538},{"uid":"a8d931bbbf4d488a","name":"Test Failure","source":"a8d931bbbf4d488a.txt","type":"text/plain","size":45},{"uid":"67ef90ced0e458b6","name":"log","source":"67ef90ced0e458b6.txt","type":"text/plain","size":19637}],"parameters":[],"shouldDisplayMessage":true,"attachmentsCount":8,"stepsCount":22,"hasContent":true,"attachmentStep":false},"afterStages":[],"labels":[{"name":"as_id","value":"1792dcb0060bca33ae14d4400509991d"},{"name":"parentSuite","value":"AT/de"},{"name":"suite","value":"Last Configuration Started"},{"name":"subSuite","value":"C236 - CLE (COUPE)"},{"name":"tag","value":"Last Configuration Started"},{"name":"tag","value":"AT/de"},{"name":"tag","value":"C236"},{"name":"tag","value":"COUPE"},{"name":"tag","value":"CLE"},{"name":"host","value":"fv-az1781-652"},{"name":"thread","value":"2267-MainThread"},{"name":"framework","value":"pytest"},{"name":"language","value":"cpython3"},{"name":"package","value":"QAAppAllure"},{"name":"resultFormat","value":"allure2"}],"parameters":[{"name":"test_case","value":"{'test_name': 'Last Configuration Started', 'market_code': 'AT/de', 'model_code': 'C236', 'model_name': 'CLE', 'body_type': 'COUPE', 'urls': {'MODEL_CODE': 'C236', 'PRODUCT_PAGE': 'https://www.mercedes-benz.at/passengercars/models/coupe/cle/overview.html', 'CONFIGURATOR': 'https://www.mercedes-benz.at/passengercars/mercedes-benz-cars/car-configurator.html/motorization/CCci/AT/de/CLE-KLASSE/COUPE', 'ONLINE_SHOP': '', 'TEST_DRIVE': 'https://www.mercedes-benz.at/passengercars/mercedes-benz-cars/online-testdrive.html#/dealer?context=OWPC&modelSeries=C236&modelType=ALL', 'HOME_PAGE': 'https://www.mercedes-benz.at/', 'BODY_TYPE': 'COUPE', 'MODEL_NAME': 'CLE'}}"}],"links":[],"hidden":true,"retry":true,"extra":{"categories":[],"tags":["AT/de","COUPE","C236","CLE","Last Configuration Started"]},"source":"ec23f734cf61d79f.json","parameterValues":["{'test_name': 'Last Configuration Started', 'market_code': 'AT/de', 'model_code': 'C236', 'model_name': 'CLE', 'body_type': 'COUPE', 'urls': {'MODEL_CODE': 'C236', 'PRODUCT_PAGE': 'https://www.mercedes-benz.at/passengercars/models/coupe/cle/overview.html', 'CONFIGURATOR': 'https://www.mercedes-benz.at/passengercars/mercedes-benz-cars/car-configurator.html/motorization/CCci/AT/de/CLE-KLASSE/COUPE', 'ONLINE_SHOP': '', 'TEST_DRIVE': 'https://www.mercedes-benz.at/passengercars/mercedes-benz-cars/online-testdrive.html#/dealer?context=OWPC&modelSeries=C236&modelType=ALL', 'HOME_PAGE': 'https://www.mercedes-benz.at/', 'BODY_TYPE': 'COUPE', 'MODEL_NAME': 'CLE'}}"]}