{"uid":"1d3f722d484a8cb","name":"test_run[test_case284]","fullName":"QAAppAllure#test_run","historyId":"4735dbe0b9ffad029c9c2c0eac270d7d","time":{"start":1746196203980,"stop":1746196309384,"duration":105404},"description":"\nRuns a test for each test case, either manually defined or dynamically fetched.\n","descriptionHtml":"<p>Runs a test for each test case, either manually defined or dynamically fetched.</p>\n","status":"failed","statusMessage":"Failed: ❌ Test 'BFV2' failed.","statusTrace":"test_case = {'body_type': 'SUV', 'market_code': 'BE/fr', 'model_code': 'X247-fl', 'model_name': 'GLB', ...}\nscreenshot_dir = '/home/runner/work/QA-Perso/QA-Perso/Tests'\n\n    @pytest.mark.parametrize(\"test_case\", all_test_cases)\n    def test_run(test_case, screenshot_dir):\n        \"\"\"\n        Runs a test for each test case, either manually defined or dynamically fetched.\n        \"\"\"\n        test_name = test_case['test_name']\n        market_code = test_case.get('market_code', 'BE/nl')\n        model_code = test_case.get('model_code', None)\n        model_name = test_case.get('model_name', None)\n        body_type = test_case.get('body_type', None)\n        urls = test_case.get('urls', {})\n    \n        # Log test case details\n        logging.info(f\"Running test case: {json.dumps(test_case, indent=2)}\")\n    \n        # Validate URLs\n        if not urls or 'HOME_PAGE' not in urls or not urls['HOME_PAGE']:\n            logging.error(f\"❌ Missing HOME_PAGE URL for test '{test_name}' (market: {market_code}, model: {model_code}).\")\n            allure.attach(f\"❌ Missing HOME_PAGE URL for test '{test_name}' (market: {market_code}, model: {model_code}).\")\n            return\n    \n    \n        # Generar ID único y consistente para Allure\n        uid_raw = f\"{test_name}_{market_code}_{model_code or 'unknown'}\"\n        uid_hashed = hashlib.md5(uid_raw.encode()).hexdigest()\n        allure.dynamic.id(uid_hashed)\n    \n        # Define browser options and create driver\n        options = build_chrome_options()\n        driver = create_driver(options)\n    \n        try:\n            # Set Allure suite hierarchy\n            allure.dynamic.parent_suite(f\"{market_code}\")  # Parent Suite\n            allure.dynamic.suite(f\"{test_name}\")  # Suite\n            allure.dynamic.sub_suite(f\"{model_code or 'N/A'} - {model_name or 'N/A'} ({body_type or 'N/A'})\")  # Sub-Suite\n    \n            # Add dynamic tags\n            allure.dynamic.tag(test_name)\n            allure.dynamic.tag(market_code)\n            if model_code:\n                allure.dynamic.tag(model_code)\n            if body_type:\n                allure.dynamic.tag(body_type)\n            if model_name:\n                allure.dynamic.tag(model_name)\n    \n            # Attach URLs to Allure\n            allure.attach(\n                json.dumps(urls, indent=2),\n                name=f\"URLs for {model_name or 'N/A'} ({body_type or 'N/A'})\",\n                attachment_type=allure.attachment_type.JSON\n            )\n    \n            # Extract base test name\n            base_test_name = test_name.split(\" - \")[0]\n    \n            # Run the test logic for the current model\n            try:\n                api_and_xhr = create_api_and_xhr(driver)\n                if api_and_xhr is None or api_and_xhr[1] is None:\n                    logging.error(\"❌ Failed to initialize API and XHR capturer.\")\n                    allure.attach(\"❌ Failed to initialize API and XHR capturer.\", name=\"Initialization Error\", attachment_type=allure.attachment_type.TEXT)\n                    return\n                if base_test_name in test_mapping:\n>                   run_test(driver, base_test_name, market_code, model_code, model_name, body_type, 1, urls, api_and_xhr, screenshot_dir)\n\nQAAppAllure.py:339: \n_ _ _ _ _ _ _ _ _ _ _ _ _ _ _ _ _ _ _ _ _ _ _ _ _ _ _ _ _ _ _ _ _ _ _ _ _ _ _ _ \n\ndriver = <selenium.webdriver.chrome.webdriver.WebDriver (session=\"253f2671a58594633ebf8c6e699d5f80\")>\ntest_name = 'BFV2', market_code = 'BE/fr', model_code = 'X247-fl'\nmodel_name = 'GLB', body_type = 'SUV', attempt = 1\nurls = {'BODY_TYPE': 'SUV', 'CONFIGURATOR': 'https://www.mercedes-benz.be/fr/passengercars/mercedes-benz-cars/car-configurato...ization/CCci/BE/fr/GLB-KLASSE/OFFROADER', 'HOME_PAGE': 'https://www.mercedes-benz.be/fr', 'MODEL_CODE': 'X247-fl', ...}\napi_and_xhr = (<App.vehicle_api.VehicleAPI object at 0x7f8b42b68dd0>, <App.XHRResponseCapturer.XHRResponseCapturer object at 0x7f8b42b62890>)\nscreenshot_dir = '/home/runner/work/QA-Perso/QA-Perso/Tests'\n\n    def run_test(driver, test_name, market_code, model_code, model_name, body_type, attempt, urls, api_and_xhr, screenshot_dir):\n        vehicle_api, xhr_capturer = api_and_xhr\n        test_success = False\n    \n        if not urls or 'HOME_PAGE' not in urls or not urls['HOME_PAGE']:\n            allure.attach(f\"❌ Could not fetch valid URLs for test '{test_name}' (market: {market_code}, model: {model_code})\")\n            pytest.fail(f\"Missing HOME_PAGE URL for test '{test_name}'\")\n    \n        allure.step(f\"\uD83C\uDF10 Fetched URLs from API for test '{test_name}':\\n\"\n                    f\"Model Name: {urls.get('MODEL_NAME', 'N/A')}\\n\"\n                    f\"Body Type: {urls.get('BODY_TYPE', 'N/A')}\\n\"\n                    f\"URLs:\\n{json.dumps(urls, indent=2)}\")\n    \n        # BFV Logic\n        if 'CONFIGURATOR' not in urls or not urls['CONFIGURATOR']:\n            if test_name in [\"BFV1\", \"BFV2\", \"BFV3\", \"Last Configuration Started\", \"Last Configuration Completed\"]:\n                message = f\"❌ Skipping test '{test_name}' due to lack of CONFIGURATOR URL.\"\n                logging.warning(message)\n                allure.dynamic.description(message)\n                pytest.skip(message)\n    \n        if 'ONLINE_SHOP' not in urls or not urls['ONLINE_SHOP']:\n            if test_name in [\"BFV2\", \"BFV3\", \"Last Seen PDP\", \"Last Seen SRP\"]:\n                message = f\"❌ Skipping test '{test_name}' due to lack of ONLINE_SHOP URL.\"\n                logging.warning(message)\n                allure.dynamic.description(message)\n                pytest.skip(message)\n    \n        if 'TEST_DRIVE' not in urls or not urls['TEST_DRIVE']:\n            if test_name == \"BFV3\":\n                message = f\"❌ Skipping test '{test_name}' due to lack of TEST_DRIVE URL.\"\n                logging.warning(message)\n                allure.dynamic.description(message)\n                pytest.skip(message)\n    \n        try:\n            driver.get(urls['HOME_PAGE'])\n            WebDriverWait(driver, 15).until(lambda d: d.execute_script(\"return document.readyState\") == \"complete\")\n            logging.info(f\"\uD83C\uDF0D Navigated to: {urls['HOME_PAGE']}\")\n        except Exception as e:\n            logging.error(f\"❌ Error navigating to HOME_PAGE: {e}\")\n            pytest.fail(f\"Error navigating to HOME_PAGE: {e}\")\n    \n        try:\n            WebDriverWait(driver, 6).until(\n                EC.presence_of_element_located((By.CSS_SELECTOR, \"cmm-cookie-banner\"))\n            )\n            time.sleep(2)\n            logging.info(\"✅ Cookie banner detected.\")\n            driver.execute_script(\"\"\"\n                document.querySelector(\"cmm-cookie-banner\").shadowRoot.querySelector(\"wb7-button.button--accept-all\").click();\n            \"\"\")\n            allure.step(\"✅ Clicked on accept cookies.\")\n        except Exception as ex:\n            allure.attach(\"❌ Cookie banner not found or already accepted.\")\n    \n        # Execute test\n        if test_name in test_mapping:\n            test_instance = test_mapping[test_name](driver, urls)\n            test_instance.run()\n            allure.step(f\"✅ {test_name} test completed.\")\n            time.sleep(4)\n    \n            test_success = verify_personalization_and_capture(\n                driver, test_name, model_name, body_type, attempt, screenshot_dir,\n                test_success, xhr_capturer, urls\n            )\n    \n        if not test_success:\n            failure_message = f\"❌ Test '{test_name}' failed.\"\n            logging.error(failure_message)\n            allure.attach(failure_message, name=\"Test Failure\", attachment_type=allure.attachment_type.TEXT)\n>           pytest.fail(failure_message)\nE           Failed: ❌ Test 'BFV2' failed.\n\nQAAppAllure.py:174: Failed","flaky":false,"newFailed":false,"newBroken":false,"newPassed":false,"retriesCount":0,"retriesStatusChange":false,"beforeStages":[{"name":"screenshot_dir","time":{"start":1746196203980,"stop":1746196203980,"duration":0},"status":"passed","steps":[],"attachments":[],"parameters":[],"shouldDisplayMessage":false,"attachmentsCount":0,"stepsCount":0,"hasContent":false,"attachmentStep":false}],"testStage":{"description":"\nRuns a test for each test case, either manually defined or dynamically fetched.\n","status":"failed","statusMessage":"Failed: ❌ Test 'BFV2' failed.","statusTrace":"test_case = {'body_type': 'SUV', 'market_code': 'BE/fr', 'model_code': 'X247-fl', 'model_name': 'GLB', ...}\nscreenshot_dir = '/home/runner/work/QA-Perso/QA-Perso/Tests'\n\n    @pytest.mark.parametrize(\"test_case\", all_test_cases)\n    def test_run(test_case, screenshot_dir):\n        \"\"\"\n        Runs a test for each test case, either manually defined or dynamically fetched.\n        \"\"\"\n        test_name = test_case['test_name']\n        market_code = test_case.get('market_code', 'BE/nl')\n        model_code = test_case.get('model_code', None)\n        model_name = test_case.get('model_name', None)\n        body_type = test_case.get('body_type', None)\n        urls = test_case.get('urls', {})\n    \n        # Log test case details\n        logging.info(f\"Running test case: {json.dumps(test_case, indent=2)}\")\n    \n        # Validate URLs\n        if not urls or 'HOME_PAGE' not in urls or not urls['HOME_PAGE']:\n            logging.error(f\"❌ Missing HOME_PAGE URL for test '{test_name}' (market: {market_code}, model: {model_code}).\")\n            allure.attach(f\"❌ Missing HOME_PAGE URL for test '{test_name}' (market: {market_code}, model: {model_code}).\")\n            return\n    \n    \n        # Generar ID único y consistente para Allure\n        uid_raw = f\"{test_name}_{market_code}_{model_code or 'unknown'}\"\n        uid_hashed = hashlib.md5(uid_raw.encode()).hexdigest()\n        allure.dynamic.id(uid_hashed)\n    \n        # Define browser options and create driver\n        options = build_chrome_options()\n        driver = create_driver(options)\n    \n        try:\n            # Set Allure suite hierarchy\n            allure.dynamic.parent_suite(f\"{market_code}\")  # Parent Suite\n            allure.dynamic.suite(f\"{test_name}\")  # Suite\n            allure.dynamic.sub_suite(f\"{model_code or 'N/A'} - {model_name or 'N/A'} ({body_type or 'N/A'})\")  # Sub-Suite\n    \n            # Add dynamic tags\n            allure.dynamic.tag(test_name)\n            allure.dynamic.tag(market_code)\n            if model_code:\n                allure.dynamic.tag(model_code)\n            if body_type:\n                allure.dynamic.tag(body_type)\n            if model_name:\n                allure.dynamic.tag(model_name)\n    \n            # Attach URLs to Allure\n            allure.attach(\n                json.dumps(urls, indent=2),\n                name=f\"URLs for {model_name or 'N/A'} ({body_type or 'N/A'})\",\n                attachment_type=allure.attachment_type.JSON\n            )\n    \n            # Extract base test name\n            base_test_name = test_name.split(\" - \")[0]\n    \n            # Run the test logic for the current model\n            try:\n                api_and_xhr = create_api_and_xhr(driver)\n                if api_and_xhr is None or api_and_xhr[1] is None:\n                    logging.error(\"❌ Failed to initialize API and XHR capturer.\")\n                    allure.attach(\"❌ Failed to initialize API and XHR capturer.\", name=\"Initialization Error\", attachment_type=allure.attachment_type.TEXT)\n                    return\n                if base_test_name in test_mapping:\n>                   run_test(driver, base_test_name, market_code, model_code, model_name, body_type, 1, urls, api_and_xhr, screenshot_dir)\n\nQAAppAllure.py:339: \n_ _ _ _ _ _ _ _ _ _ _ _ _ _ _ _ _ _ _ _ _ _ _ _ _ _ _ _ _ _ _ _ _ _ _ _ _ _ _ _ \n\ndriver = <selenium.webdriver.chrome.webdriver.WebDriver (session=\"253f2671a58594633ebf8c6e699d5f80\")>\ntest_name = 'BFV2', market_code = 'BE/fr', model_code = 'X247-fl'\nmodel_name = 'GLB', body_type = 'SUV', attempt = 1\nurls = {'BODY_TYPE': 'SUV', 'CONFIGURATOR': 'https://www.mercedes-benz.be/fr/passengercars/mercedes-benz-cars/car-configurato...ization/CCci/BE/fr/GLB-KLASSE/OFFROADER', 'HOME_PAGE': 'https://www.mercedes-benz.be/fr', 'MODEL_CODE': 'X247-fl', ...}\napi_and_xhr = (<App.vehicle_api.VehicleAPI object at 0x7f8b42b68dd0>, <App.XHRResponseCapturer.XHRResponseCapturer object at 0x7f8b42b62890>)\nscreenshot_dir = '/home/runner/work/QA-Perso/QA-Perso/Tests'\n\n    def run_test(driver, test_name, market_code, model_code, model_name, body_type, attempt, urls, api_and_xhr, screenshot_dir):\n        vehicle_api, xhr_capturer = api_and_xhr\n        test_success = False\n    \n        if not urls or 'HOME_PAGE' not in urls or not urls['HOME_PAGE']:\n            allure.attach(f\"❌ Could not fetch valid URLs for test '{test_name}' (market: {market_code}, model: {model_code})\")\n            pytest.fail(f\"Missing HOME_PAGE URL for test '{test_name}'\")\n    \n        allure.step(f\"\uD83C\uDF10 Fetched URLs from API for test '{test_name}':\\n\"\n                    f\"Model Name: {urls.get('MODEL_NAME', 'N/A')}\\n\"\n                    f\"Body Type: {urls.get('BODY_TYPE', 'N/A')}\\n\"\n                    f\"URLs:\\n{json.dumps(urls, indent=2)}\")\n    \n        # BFV Logic\n        if 'CONFIGURATOR' not in urls or not urls['CONFIGURATOR']:\n            if test_name in [\"BFV1\", \"BFV2\", \"BFV3\", \"Last Configuration Started\", \"Last Configuration Completed\"]:\n                message = f\"❌ Skipping test '{test_name}' due to lack of CONFIGURATOR URL.\"\n                logging.warning(message)\n                allure.dynamic.description(message)\n                pytest.skip(message)\n    \n        if 'ONLINE_SHOP' not in urls or not urls['ONLINE_SHOP']:\n            if test_name in [\"BFV2\", \"BFV3\", \"Last Seen PDP\", \"Last Seen SRP\"]:\n                message = f\"❌ Skipping test '{test_name}' due to lack of ONLINE_SHOP URL.\"\n                logging.warning(message)\n                allure.dynamic.description(message)\n                pytest.skip(message)\n    \n        if 'TEST_DRIVE' not in urls or not urls['TEST_DRIVE']:\n            if test_name == \"BFV3\":\n                message = f\"❌ Skipping test '{test_name}' due to lack of TEST_DRIVE URL.\"\n                logging.warning(message)\n                allure.dynamic.description(message)\n                pytest.skip(message)\n    \n        try:\n            driver.get(urls['HOME_PAGE'])\n            WebDriverWait(driver, 15).until(lambda d: d.execute_script(\"return document.readyState\") == \"complete\")\n            logging.info(f\"\uD83C\uDF0D Navigated to: {urls['HOME_PAGE']}\")\n        except Exception as e:\n            logging.error(f\"❌ Error navigating to HOME_PAGE: {e}\")\n            pytest.fail(f\"Error navigating to HOME_PAGE: {e}\")\n    \n        try:\n            WebDriverWait(driver, 6).until(\n                EC.presence_of_element_located((By.CSS_SELECTOR, \"cmm-cookie-banner\"))\n            )\n            time.sleep(2)\n            logging.info(\"✅ Cookie banner detected.\")\n            driver.execute_script(\"\"\"\n                document.querySelector(\"cmm-cookie-banner\").shadowRoot.querySelector(\"wb7-button.button--accept-all\").click();\n            \"\"\")\n            allure.step(\"✅ Clicked on accept cookies.\")\n        except Exception as ex:\n            allure.attach(\"❌ Cookie banner not found or already accepted.\")\n    \n        # Execute test\n        if test_name in test_mapping:\n            test_instance = test_mapping[test_name](driver, urls)\n            test_instance.run()\n            allure.step(f\"✅ {test_name} test completed.\")\n            time.sleep(4)\n    \n            test_success = verify_personalization_and_capture(\n                driver, test_name, model_name, body_type, attempt, screenshot_dir,\n                test_success, xhr_capturer, urls\n            )\n    \n        if not test_success:\n            failure_message = f\"❌ Test '{test_name}' failed.\"\n            logging.error(failure_message)\n            allure.attach(failure_message, name=\"Test Failure\", attachment_type=allure.attachment_type.TEXT)\n>           pytest.fail(failure_message)\nE           Failed: ❌ Test 'BFV2' failed.\n\nQAAppAllure.py:174: Failed","steps":[{"name":"Setting up stealth mode for the browser","time":{"start":1746196204975,"stop":1746196205062,"duration":87},"status":"passed","steps":[],"attachments":[],"parameters":[],"shouldDisplayMessage":false,"attachmentsCount":0,"stepsCount":0,"hasContent":false,"attachmentStep":false},{"name":"Enabling network logging","time":{"start":1746196205063,"stop":1746196205065,"duration":2},"status":"passed","steps":[],"attachments":[],"parameters":[],"shouldDisplayMessage":false,"attachmentsCount":0,"stepsCount":0,"hasContent":false,"attachmentStep":false},{"name":"Perform BFV2 Test Logic","time":{"start":1746196212853,"stop":1746196230185,"duration":17332},"status":"broken","statusMessage":"selenium.common.exceptions.NoSuchElementException: Message: no such element: Unable to locate element: {\"method\":\"css selector\",\"selector\":\"#cc-app-container-main > div.cc-app-container__main-frame.cc-grid-container > div.cc-app-container__navigation.ng-star-inserted > cc-navigation > nav > div > ul > li:nth-child(3) > ccwb-text > a\"}\n  (Session info: chrome=135.0.7049.114); For documentation on this error, please visit: https://www.selenium.dev/documentation/webdriver/troubleshooting/errors#no-such-element-exception\nStacktrace:\n#0 0x556a6f47275a <unknown>\n#1 0x556a6ef254b0 <unknown>\n#2 0x556a6ef769b3 <unknown>\n#3 0x556a6ef76bd1 <unknown>\n#4 0x556a6ef6a4b6 <unknown>\n#5 0x556a6ef9c5bd <unknown>\n#6 0x556a6ef6a36a <unknown>\n#7 0x556a6ef9c75e <unknown>\n#8 0x556a6efc25e0 <unknown>\n#9 0x556a6ef9c363 <unknown>\n#10 0x556a6ef68d63 <unknown>\n#11 0x556a6ef699c1 <unknown>\n#12 0x556a6f437a6b <unknown>\n#13 0x556a6f43b951 <unknown>\n#14 0x556a6f41fb62 <unknown>\n#15 0x556a6f43c4c4 <unknown>\n#16 0x556a6f40413f <unknown>\n#17 0x556a6f4606f8 <unknown>\n#18 0x556a6f4608d6 <unknown>\n#19 0x556a6f4715a6 <unknown>\n#20 0x7f266089caa4 <unknown>\n#21 0x7f2660929c3c <unknown>\n\n","statusTrace":"  File \"/home/runner/.cache/pypoetry/virtualenvs/qa-allure-reporting-O8BnsWFA-py3.13/lib/python3.13/site-packages/allure_commons/_allure.py\", line 202, in impl\n    return func(*a, **kw)\n  File \"/home/runner/work/QA-Perso/QA-Perso/TestsCodes/test_bfv2.py\", line 75, in perform_bfv2_test\n    main_frame = shadow_root.find_element(By.CSS_SELECTOR, '#cc-app-container-main > div.cc-app-container__main-frame.cc-grid-container > div.cc-app-container__navigation.ng-star-inserted > cc-navigation > nav > div > ul > li:nth-child(3) > ccwb-text > a')\n  File \"/home/runner/.cache/pypoetry/virtualenvs/qa-allure-reporting-O8BnsWFA-py3.13/lib/python3.13/site-packages/selenium/webdriver/remote/shadowroot.py\", line 79, in find_element\n    return self._execute(Command.FIND_ELEMENT_FROM_SHADOW_ROOT, {\"using\": by, \"value\": value})[\"value\"]\n           ~~~~~~~~~~~~~^^^^^^^^^^^^^^^^^^^^^^^^^^^^^^^^^^^^^^^^^^^^^^^^^^^^^^^^^^^^^^^^^^^^^^\n  File \"/home/runner/.cache/pypoetry/virtualenvs/qa-allure-reporting-O8BnsWFA-py3.13/lib/python3.13/site-packages/selenium/webdriver/remote/shadowroot.py\", line 133, in _execute\n    return self.session.execute(command, params)\n           ~~~~~~~~~~~~~~~~~~~~^^^^^^^^^^^^^^^^^\n  File \"/home/runner/.cache/pypoetry/virtualenvs/qa-allure-reporting-O8BnsWFA-py3.13/lib/python3.13/site-packages/selenium/webdriver/remote/webdriver.py\", line 429, in execute\n    self.error_handler.check_response(response)\n    ~~~~~~~~~~~~~~~~~~~~~~~~~~~~~~~~~^^^^^^^^^^\n  File \"/home/runner/.cache/pypoetry/virtualenvs/qa-allure-reporting-O8BnsWFA-py3.13/lib/python3.13/site-packages/selenium/webdriver/remote/errorhandler.py\", line 232, in check_response\n    raise exception_class(message, screen, stacktrace)\n","steps":[{"name":"\uD83C\uDF0D Navigated to: https://www.mercedes-benz.be/fr/passengercars/models/suv/glb/overview.html","time":{"start":1746196212853,"stop":1746196221813,"duration":8960},"status":"passed","steps":[],"attachments":[],"parameters":[],"shouldDisplayMessage":false,"attachmentsCount":0,"stepsCount":0,"hasContent":false,"attachmentStep":false},{"name":"\uD83C\uDF0D Navigated to: https://www.mercedes-benz.be/fr/passengercars/mercedes-benz-cars/car-configurator.html/motorization/CCci/BE/fr/GLB-KLASSE/OFFROADER","time":{"start":1746196221813,"stop":1746196229707,"duration":7894},"status":"passed","steps":[],"attachments":[],"parameters":[],"shouldDisplayMessage":false,"attachmentsCount":0,"stepsCount":0,"hasContent":false,"attachmentStep":false},{"name":"✅ Executed actions in configurator","time":{"start":1746196229707,"stop":1746196230183,"duration":476},"status":"broken","statusMessage":"selenium.common.exceptions.NoSuchElementException: Message: no such element: Unable to locate element: {\"method\":\"css selector\",\"selector\":\"#cc-app-container-main > div.cc-app-container__main-frame.cc-grid-container > div.cc-app-container__navigation.ng-star-inserted > cc-navigation > nav > div > ul > li:nth-child(3) > ccwb-text > a\"}\n  (Session info: chrome=135.0.7049.114); For documentation on this error, please visit: https://www.selenium.dev/documentation/webdriver/troubleshooting/errors#no-such-element-exception\nStacktrace:\n#0 0x556a6f47275a <unknown>\n#1 0x556a6ef254b0 <unknown>\n#2 0x556a6ef769b3 <unknown>\n#3 0x556a6ef76bd1 <unknown>\n#4 0x556a6ef6a4b6 <unknown>\n#5 0x556a6ef9c5bd <unknown>\n#6 0x556a6ef6a36a <unknown>\n#7 0x556a6ef9c75e <unknown>\n#8 0x556a6efc25e0 <unknown>\n#9 0x556a6ef9c363 <unknown>\n#10 0x556a6ef68d63 <unknown>\n#11 0x556a6ef699c1 <unknown>\n#12 0x556a6f437a6b <unknown>\n#13 0x556a6f43b951 <unknown>\n#14 0x556a6f41fb62 <unknown>\n#15 0x556a6f43c4c4 <unknown>\n#16 0x556a6f40413f <unknown>\n#17 0x556a6f4606f8 <unknown>\n#18 0x556a6f4608d6 <unknown>\n#19 0x556a6f4715a6 <unknown>\n#20 0x7f266089caa4 <unknown>\n#21 0x7f2660929c3c <unknown>\n\n","statusTrace":"  File \"/home/runner/work/QA-Perso/QA-Perso/TestsCodes/test_bfv2.py\", line 75, in perform_bfv2_test\n    main_frame = shadow_root.find_element(By.CSS_SELECTOR, '#cc-app-container-main > div.cc-app-container__main-frame.cc-grid-container > div.cc-app-container__navigation.ng-star-inserted > cc-navigation > nav > div > ul > li:nth-child(3) > ccwb-text > a')\n  File \"/home/runner/.cache/pypoetry/virtualenvs/qa-allure-reporting-O8BnsWFA-py3.13/lib/python3.13/site-packages/selenium/webdriver/remote/shadowroot.py\", line 79, in find_element\n    return self._execute(Command.FIND_ELEMENT_FROM_SHADOW_ROOT, {\"using\": by, \"value\": value})[\"value\"]\n           ~~~~~~~~~~~~~^^^^^^^^^^^^^^^^^^^^^^^^^^^^^^^^^^^^^^^^^^^^^^^^^^^^^^^^^^^^^^^^^^^^^^\n  File \"/home/runner/.cache/pypoetry/virtualenvs/qa-allure-reporting-O8BnsWFA-py3.13/lib/python3.13/site-packages/selenium/webdriver/remote/shadowroot.py\", line 133, in _execute\n    return self.session.execute(command, params)\n           ~~~~~~~~~~~~~~~~~~~~^^^^^^^^^^^^^^^^^\n  File \"/home/runner/.cache/pypoetry/virtualenvs/qa-allure-reporting-O8BnsWFA-py3.13/lib/python3.13/site-packages/selenium/webdriver/remote/webdriver.py\", line 429, in execute\n    self.error_handler.check_response(response)\n    ~~~~~~~~~~~~~~~~~~~~~~~~~~~~~~~~~^^^^^^^^^^\n  File \"/home/runner/.cache/pypoetry/virtualenvs/qa-allure-reporting-O8BnsWFA-py3.13/lib/python3.13/site-packages/selenium/webdriver/remote/errorhandler.py\", line 232, in check_response\n    raise exception_class(message, screen, stacktrace)\n","steps":[],"attachments":[],"parameters":[],"shouldDisplayMessage":true,"attachmentsCount":0,"stepsCount":0,"hasContent":true,"attachmentStep":false}],"attachments":[],"parameters":[],"shouldDisplayMessage":false,"attachmentsCount":0,"stepsCount":3,"hasContent":true,"attachmentStep":false},{"name":"Perform BFV2 Test Logic","time":{"start":1746196230186,"stop":1746196248437,"duration":18251},"status":"broken","statusMessage":"selenium.common.exceptions.NoSuchElementException: Message: no such element: Unable to locate element: {\"method\":\"css selector\",\"selector\":\"#cc-app-container-main > div.cc-app-container__main-frame.cc-grid-container > div.cc-app-container__navigation.ng-star-inserted > cc-navigation > nav > div > ul > li:nth-child(3) > ccwb-text > a\"}\n  (Session info: chrome=135.0.7049.114); For documentation on this error, please visit: https://www.selenium.dev/documentation/webdriver/troubleshooting/errors#no-such-element-exception\nStacktrace:\n#0 0x556a6f47275a <unknown>\n#1 0x556a6ef254b0 <unknown>\n#2 0x556a6ef769b3 <unknown>\n#3 0x556a6ef76bd1 <unknown>\n#4 0x556a6ef6a4b6 <unknown>\n#5 0x556a6ef9c5bd <unknown>\n#6 0x556a6ef6a36a <unknown>\n#7 0x556a6ef9c75e <unknown>\n#8 0x556a6efc25e0 <unknown>\n#9 0x556a6ef9c363 <unknown>\n#10 0x556a6ef68d63 <unknown>\n#11 0x556a6ef699c1 <unknown>\n#12 0x556a6f437a6b <unknown>\n#13 0x556a6f43b951 <unknown>\n#14 0x556a6f41fb62 <unknown>\n#15 0x556a6f43c4c4 <unknown>\n#16 0x556a6f40413f <unknown>\n#17 0x556a6f4606f8 <unknown>\n#18 0x556a6f4608d6 <unknown>\n#19 0x556a6f4715a6 <unknown>\n#20 0x7f266089caa4 <unknown>\n#21 0x7f2660929c3c <unknown>\n\n","statusTrace":"  File \"/home/runner/.cache/pypoetry/virtualenvs/qa-allure-reporting-O8BnsWFA-py3.13/lib/python3.13/site-packages/allure_commons/_allure.py\", line 202, in impl\n    return func(*a, **kw)\n  File \"/home/runner/work/QA-Perso/QA-Perso/TestsCodes/test_bfv2.py\", line 75, in perform_bfv2_test\n    main_frame = shadow_root.find_element(By.CSS_SELECTOR, '#cc-app-container-main > div.cc-app-container__main-frame.cc-grid-container > div.cc-app-container__navigation.ng-star-inserted > cc-navigation > nav > div > ul > li:nth-child(3) > ccwb-text > a')\n  File \"/home/runner/.cache/pypoetry/virtualenvs/qa-allure-reporting-O8BnsWFA-py3.13/lib/python3.13/site-packages/selenium/webdriver/remote/shadowroot.py\", line 79, in find_element\n    return self._execute(Command.FIND_ELEMENT_FROM_SHADOW_ROOT, {\"using\": by, \"value\": value})[\"value\"]\n           ~~~~~~~~~~~~~^^^^^^^^^^^^^^^^^^^^^^^^^^^^^^^^^^^^^^^^^^^^^^^^^^^^^^^^^^^^^^^^^^^^^^\n  File \"/home/runner/.cache/pypoetry/virtualenvs/qa-allure-reporting-O8BnsWFA-py3.13/lib/python3.13/site-packages/selenium/webdriver/remote/shadowroot.py\", line 133, in _execute\n    return self.session.execute(command, params)\n           ~~~~~~~~~~~~~~~~~~~~^^^^^^^^^^^^^^^^^\n  File \"/home/runner/.cache/pypoetry/virtualenvs/qa-allure-reporting-O8BnsWFA-py3.13/lib/python3.13/site-packages/selenium/webdriver/remote/webdriver.py\", line 429, in execute\n    self.error_handler.check_response(response)\n    ~~~~~~~~~~~~~~~~~~~~~~~~~~~~~~~~~^^^^^^^^^^\n  File \"/home/runner/.cache/pypoetry/virtualenvs/qa-allure-reporting-O8BnsWFA-py3.13/lib/python3.13/site-packages/selenium/webdriver/remote/errorhandler.py\", line 232, in check_response\n    raise exception_class(message, screen, stacktrace)\n","steps":[{"name":"\uD83C\uDF0D Navigated to: https://www.mercedes-benz.be/fr/passengercars/models/suv/glb/overview.html","time":{"start":1746196230186,"stop":1746196241394,"duration":11208},"status":"passed","steps":[],"attachments":[],"parameters":[],"shouldDisplayMessage":false,"attachmentsCount":0,"stepsCount":0,"hasContent":false,"attachmentStep":false},{"name":"\uD83C\uDF0D Navigated to: https://www.mercedes-benz.be/fr/passengercars/mercedes-benz-cars/car-configurator.html/motorization/CCci/BE/fr/GLB-KLASSE/OFFROADER","time":{"start":1746196241394,"stop":1746196248141,"duration":6747},"status":"passed","steps":[],"attachments":[],"parameters":[],"shouldDisplayMessage":false,"attachmentsCount":0,"stepsCount":0,"hasContent":false,"attachmentStep":false},{"name":"✅ Executed actions in configurator","time":{"start":1746196248141,"stop":1746196248436,"duration":295},"status":"broken","statusMessage":"selenium.common.exceptions.NoSuchElementException: Message: no such element: Unable to locate element: {\"method\":\"css selector\",\"selector\":\"#cc-app-container-main > div.cc-app-container__main-frame.cc-grid-container > div.cc-app-container__navigation.ng-star-inserted > cc-navigation > nav > div > ul > li:nth-child(3) > ccwb-text > a\"}\n  (Session info: chrome=135.0.7049.114); For documentation on this error, please visit: https://www.selenium.dev/documentation/webdriver/troubleshooting/errors#no-such-element-exception\nStacktrace:\n#0 0x556a6f47275a <unknown>\n#1 0x556a6ef254b0 <unknown>\n#2 0x556a6ef769b3 <unknown>\n#3 0x556a6ef76bd1 <unknown>\n#4 0x556a6ef6a4b6 <unknown>\n#5 0x556a6ef9c5bd <unknown>\n#6 0x556a6ef6a36a <unknown>\n#7 0x556a6ef9c75e <unknown>\n#8 0x556a6efc25e0 <unknown>\n#9 0x556a6ef9c363 <unknown>\n#10 0x556a6ef68d63 <unknown>\n#11 0x556a6ef699c1 <unknown>\n#12 0x556a6f437a6b <unknown>\n#13 0x556a6f43b951 <unknown>\n#14 0x556a6f41fb62 <unknown>\n#15 0x556a6f43c4c4 <unknown>\n#16 0x556a6f40413f <unknown>\n#17 0x556a6f4606f8 <unknown>\n#18 0x556a6f4608d6 <unknown>\n#19 0x556a6f4715a6 <unknown>\n#20 0x7f266089caa4 <unknown>\n#21 0x7f2660929c3c <unknown>\n\n","statusTrace":"  File \"/home/runner/work/QA-Perso/QA-Perso/TestsCodes/test_bfv2.py\", line 75, in perform_bfv2_test\n    main_frame = shadow_root.find_element(By.CSS_SELECTOR, '#cc-app-container-main > div.cc-app-container__main-frame.cc-grid-container > div.cc-app-container__navigation.ng-star-inserted > cc-navigation > nav > div > ul > li:nth-child(3) > ccwb-text > a')\n  File \"/home/runner/.cache/pypoetry/virtualenvs/qa-allure-reporting-O8BnsWFA-py3.13/lib/python3.13/site-packages/selenium/webdriver/remote/shadowroot.py\", line 79, in find_element\n    return self._execute(Command.FIND_ELEMENT_FROM_SHADOW_ROOT, {\"using\": by, \"value\": value})[\"value\"]\n           ~~~~~~~~~~~~~^^^^^^^^^^^^^^^^^^^^^^^^^^^^^^^^^^^^^^^^^^^^^^^^^^^^^^^^^^^^^^^^^^^^^^\n  File \"/home/runner/.cache/pypoetry/virtualenvs/qa-allure-reporting-O8BnsWFA-py3.13/lib/python3.13/site-packages/selenium/webdriver/remote/shadowroot.py\", line 133, in _execute\n    return self.session.execute(command, params)\n           ~~~~~~~~~~~~~~~~~~~~^^^^^^^^^^^^^^^^^\n  File \"/home/runner/.cache/pypoetry/virtualenvs/qa-allure-reporting-O8BnsWFA-py3.13/lib/python3.13/site-packages/selenium/webdriver/remote/webdriver.py\", line 429, in execute\n    self.error_handler.check_response(response)\n    ~~~~~~~~~~~~~~~~~~~~~~~~~~~~~~~~~^^^^^^^^^^\n  File \"/home/runner/.cache/pypoetry/virtualenvs/qa-allure-reporting-O8BnsWFA-py3.13/lib/python3.13/site-packages/selenium/webdriver/remote/errorhandler.py\", line 232, in check_response\n    raise exception_class(message, screen, stacktrace)\n","steps":[],"attachments":[],"parameters":[],"shouldDisplayMessage":true,"attachmentsCount":0,"stepsCount":0,"hasContent":true,"attachmentStep":false}],"attachments":[],"parameters":[],"shouldDisplayMessage":false,"attachmentsCount":0,"stepsCount":3,"hasContent":true,"attachmentStep":false},{"name":"Perform BFV2 Test Logic","time":{"start":1746196248439,"stop":1746196264547,"duration":16108},"status":"broken","statusMessage":"selenium.common.exceptions.NoSuchElementException: Message: no such element: Unable to locate element: {\"method\":\"css selector\",\"selector\":\"#cc-app-container-main > div.cc-app-container__main-frame.cc-grid-container > div.cc-app-container__navigation.ng-star-inserted > cc-navigation > nav > div > ul > li:nth-child(3) > ccwb-text > a\"}\n  (Session info: chrome=135.0.7049.114); For documentation on this error, please visit: https://www.selenium.dev/documentation/webdriver/troubleshooting/errors#no-such-element-exception\nStacktrace:\n#0 0x556a6f47275a <unknown>\n#1 0x556a6ef254b0 <unknown>\n#2 0x556a6ef769b3 <unknown>\n#3 0x556a6ef76bd1 <unknown>\n#4 0x556a6ef6a4b6 <unknown>\n#5 0x556a6ef9c5bd <unknown>\n#6 0x556a6ef6a36a <unknown>\n#7 0x556a6ef9c75e <unknown>\n#8 0x556a6efc25e0 <unknown>\n#9 0x556a6ef9c363 <unknown>\n#10 0x556a6ef68d63 <unknown>\n#11 0x556a6ef699c1 <unknown>\n#12 0x556a6f437a6b <unknown>\n#13 0x556a6f43b951 <unknown>\n#14 0x556a6f41fb62 <unknown>\n#15 0x556a6f43c4c4 <unknown>\n#16 0x556a6f40413f <unknown>\n#17 0x556a6f4606f8 <unknown>\n#18 0x556a6f4608d6 <unknown>\n#19 0x556a6f4715a6 <unknown>\n#20 0x7f266089caa4 <unknown>\n#21 0x7f2660929c3c <unknown>\n\n","statusTrace":"  File \"/home/runner/.cache/pypoetry/virtualenvs/qa-allure-reporting-O8BnsWFA-py3.13/lib/python3.13/site-packages/allure_commons/_allure.py\", line 202, in impl\n    return func(*a, **kw)\n  File \"/home/runner/work/QA-Perso/QA-Perso/TestsCodes/test_bfv2.py\", line 75, in perform_bfv2_test\n    main_frame = shadow_root.find_element(By.CSS_SELECTOR, '#cc-app-container-main > div.cc-app-container__main-frame.cc-grid-container > div.cc-app-container__navigation.ng-star-inserted > cc-navigation > nav > div > ul > li:nth-child(3) > ccwb-text > a')\n  File \"/home/runner/.cache/pypoetry/virtualenvs/qa-allure-reporting-O8BnsWFA-py3.13/lib/python3.13/site-packages/selenium/webdriver/remote/shadowroot.py\", line 79, in find_element\n    return self._execute(Command.FIND_ELEMENT_FROM_SHADOW_ROOT, {\"using\": by, \"value\": value})[\"value\"]\n           ~~~~~~~~~~~~~^^^^^^^^^^^^^^^^^^^^^^^^^^^^^^^^^^^^^^^^^^^^^^^^^^^^^^^^^^^^^^^^^^^^^^\n  File \"/home/runner/.cache/pypoetry/virtualenvs/qa-allure-reporting-O8BnsWFA-py3.13/lib/python3.13/site-packages/selenium/webdriver/remote/shadowroot.py\", line 133, in _execute\n    return self.session.execute(command, params)\n           ~~~~~~~~~~~~~~~~~~~~^^^^^^^^^^^^^^^^^\n  File \"/home/runner/.cache/pypoetry/virtualenvs/qa-allure-reporting-O8BnsWFA-py3.13/lib/python3.13/site-packages/selenium/webdriver/remote/webdriver.py\", line 429, in execute\n    self.error_handler.check_response(response)\n    ~~~~~~~~~~~~~~~~~~~~~~~~~~~~~~~~~^^^^^^^^^^\n  File \"/home/runner/.cache/pypoetry/virtualenvs/qa-allure-reporting-O8BnsWFA-py3.13/lib/python3.13/site-packages/selenium/webdriver/remote/errorhandler.py\", line 232, in check_response\n    raise exception_class(message, screen, stacktrace)\n","steps":[{"name":"\uD83C\uDF0D Navigated to: https://www.mercedes-benz.be/fr/passengercars/models/suv/glb/overview.html","time":{"start":1746196248439,"stop":1746196258278,"duration":9839},"status":"passed","steps":[],"attachments":[],"parameters":[],"shouldDisplayMessage":false,"attachmentsCount":0,"stepsCount":0,"hasContent":false,"attachmentStep":false},{"name":"\uD83C\uDF0D Navigated to: https://www.mercedes-benz.be/fr/passengercars/mercedes-benz-cars/car-configurator.html/motorization/CCci/BE/fr/GLB-KLASSE/OFFROADER","time":{"start":1746196258279,"stop":1746196264353,"duration":6074},"status":"passed","steps":[],"attachments":[],"parameters":[],"shouldDisplayMessage":false,"attachmentsCount":0,"stepsCount":0,"hasContent":false,"attachmentStep":false},{"name":"✅ Executed actions in configurator","time":{"start":1746196264353,"stop":1746196264546,"duration":193},"status":"broken","statusMessage":"selenium.common.exceptions.NoSuchElementException: Message: no such element: Unable to locate element: {\"method\":\"css selector\",\"selector\":\"#cc-app-container-main > div.cc-app-container__main-frame.cc-grid-container > div.cc-app-container__navigation.ng-star-inserted > cc-navigation > nav > div > ul > li:nth-child(3) > ccwb-text > a\"}\n  (Session info: chrome=135.0.7049.114); For documentation on this error, please visit: https://www.selenium.dev/documentation/webdriver/troubleshooting/errors#no-such-element-exception\nStacktrace:\n#0 0x556a6f47275a <unknown>\n#1 0x556a6ef254b0 <unknown>\n#2 0x556a6ef769b3 <unknown>\n#3 0x556a6ef76bd1 <unknown>\n#4 0x556a6ef6a4b6 <unknown>\n#5 0x556a6ef9c5bd <unknown>\n#6 0x556a6ef6a36a <unknown>\n#7 0x556a6ef9c75e <unknown>\n#8 0x556a6efc25e0 <unknown>\n#9 0x556a6ef9c363 <unknown>\n#10 0x556a6ef68d63 <unknown>\n#11 0x556a6ef699c1 <unknown>\n#12 0x556a6f437a6b <unknown>\n#13 0x556a6f43b951 <unknown>\n#14 0x556a6f41fb62 <unknown>\n#15 0x556a6f43c4c4 <unknown>\n#16 0x556a6f40413f <unknown>\n#17 0x556a6f4606f8 <unknown>\n#18 0x556a6f4608d6 <unknown>\n#19 0x556a6f4715a6 <unknown>\n#20 0x7f266089caa4 <unknown>\n#21 0x7f2660929c3c <unknown>\n\n","statusTrace":"  File \"/home/runner/work/QA-Perso/QA-Perso/TestsCodes/test_bfv2.py\", line 75, in perform_bfv2_test\n    main_frame = shadow_root.find_element(By.CSS_SELECTOR, '#cc-app-container-main > div.cc-app-container__main-frame.cc-grid-container > div.cc-app-container__navigation.ng-star-inserted > cc-navigation > nav > div > ul > li:nth-child(3) > ccwb-text > a')\n  File \"/home/runner/.cache/pypoetry/virtualenvs/qa-allure-reporting-O8BnsWFA-py3.13/lib/python3.13/site-packages/selenium/webdriver/remote/shadowroot.py\", line 79, in find_element\n    return self._execute(Command.FIND_ELEMENT_FROM_SHADOW_ROOT, {\"using\": by, \"value\": value})[\"value\"]\n           ~~~~~~~~~~~~~^^^^^^^^^^^^^^^^^^^^^^^^^^^^^^^^^^^^^^^^^^^^^^^^^^^^^^^^^^^^^^^^^^^^^^\n  File \"/home/runner/.cache/pypoetry/virtualenvs/qa-allure-reporting-O8BnsWFA-py3.13/lib/python3.13/site-packages/selenium/webdriver/remote/shadowroot.py\", line 133, in _execute\n    return self.session.execute(command, params)\n           ~~~~~~~~~~~~~~~~~~~~^^^^^^^^^^^^^^^^^\n  File \"/home/runner/.cache/pypoetry/virtualenvs/qa-allure-reporting-O8BnsWFA-py3.13/lib/python3.13/site-packages/selenium/webdriver/remote/webdriver.py\", line 429, in execute\n    self.error_handler.check_response(response)\n    ~~~~~~~~~~~~~~~~~~~~~~~~~~~~~~~~~^^^^^^^^^^\n  File \"/home/runner/.cache/pypoetry/virtualenvs/qa-allure-reporting-O8BnsWFA-py3.13/lib/python3.13/site-packages/selenium/webdriver/remote/errorhandler.py\", line 232, in check_response\n    raise exception_class(message, screen, stacktrace)\n","steps":[],"attachments":[],"parameters":[],"shouldDisplayMessage":true,"attachmentsCount":0,"stepsCount":0,"hasContent":true,"attachmentStep":false}],"attachments":[],"parameters":[],"shouldDisplayMessage":false,"attachmentsCount":0,"stepsCount":3,"hasContent":true,"attachmentStep":false},{"name":"Perform BFV2 Test Logic","time":{"start":1746196264555,"stop":1746196279667,"duration":15112},"status":"broken","statusMessage":"selenium.common.exceptions.NoSuchElementException: Message: no such element: Unable to locate element: {\"method\":\"css selector\",\"selector\":\"#cc-app-container-main > div.cc-app-container__main-frame.cc-grid-container > div.cc-app-container__navigation.ng-star-inserted > cc-navigation > nav > div > ul > li:nth-child(3) > ccwb-text > a\"}\n  (Session info: chrome=135.0.7049.114); For documentation on this error, please visit: https://www.selenium.dev/documentation/webdriver/troubleshooting/errors#no-such-element-exception\nStacktrace:\n#0 0x556a6f47275a <unknown>\n#1 0x556a6ef254b0 <unknown>\n#2 0x556a6ef769b3 <unknown>\n#3 0x556a6ef76bd1 <unknown>\n#4 0x556a6ef6a4b6 <unknown>\n#5 0x556a6ef9c5bd <unknown>\n#6 0x556a6ef6a36a <unknown>\n#7 0x556a6ef9c75e <unknown>\n#8 0x556a6efc25e0 <unknown>\n#9 0x556a6ef9c363 <unknown>\n#10 0x556a6ef68d63 <unknown>\n#11 0x556a6ef699c1 <unknown>\n#12 0x556a6f437a6b <unknown>\n#13 0x556a6f43b951 <unknown>\n#14 0x556a6f41fb62 <unknown>\n#15 0x556a6f43c4c4 <unknown>\n#16 0x556a6f40413f <unknown>\n#17 0x556a6f4606f8 <unknown>\n#18 0x556a6f4608d6 <unknown>\n#19 0x556a6f4715a6 <unknown>\n#20 0x7f266089caa4 <unknown>\n#21 0x7f2660929c3c <unknown>\n\n","statusTrace":"  File \"/home/runner/.cache/pypoetry/virtualenvs/qa-allure-reporting-O8BnsWFA-py3.13/lib/python3.13/site-packages/allure_commons/_allure.py\", line 202, in impl\n    return func(*a, **kw)\n  File \"/home/runner/work/QA-Perso/QA-Perso/TestsCodes/test_bfv2.py\", line 75, in perform_bfv2_test\n    main_frame = shadow_root.find_element(By.CSS_SELECTOR, '#cc-app-container-main > div.cc-app-container__main-frame.cc-grid-container > div.cc-app-container__navigation.ng-star-inserted > cc-navigation > nav > div > ul > li:nth-child(3) > ccwb-text > a')\n  File \"/home/runner/.cache/pypoetry/virtualenvs/qa-allure-reporting-O8BnsWFA-py3.13/lib/python3.13/site-packages/selenium/webdriver/remote/shadowroot.py\", line 79, in find_element\n    return self._execute(Command.FIND_ELEMENT_FROM_SHADOW_ROOT, {\"using\": by, \"value\": value})[\"value\"]\n           ~~~~~~~~~~~~~^^^^^^^^^^^^^^^^^^^^^^^^^^^^^^^^^^^^^^^^^^^^^^^^^^^^^^^^^^^^^^^^^^^^^^\n  File \"/home/runner/.cache/pypoetry/virtualenvs/qa-allure-reporting-O8BnsWFA-py3.13/lib/python3.13/site-packages/selenium/webdriver/remote/shadowroot.py\", line 133, in _execute\n    return self.session.execute(command, params)\n           ~~~~~~~~~~~~~~~~~~~~^^^^^^^^^^^^^^^^^\n  File \"/home/runner/.cache/pypoetry/virtualenvs/qa-allure-reporting-O8BnsWFA-py3.13/lib/python3.13/site-packages/selenium/webdriver/remote/webdriver.py\", line 429, in execute\n    self.error_handler.check_response(response)\n    ~~~~~~~~~~~~~~~~~~~~~~~~~~~~~~~~~^^^^^^^^^^\n  File \"/home/runner/.cache/pypoetry/virtualenvs/qa-allure-reporting-O8BnsWFA-py3.13/lib/python3.13/site-packages/selenium/webdriver/remote/errorhandler.py\", line 232, in check_response\n    raise exception_class(message, screen, stacktrace)\n","steps":[{"name":"\uD83C\uDF0D Navigated to: https://www.mercedes-benz.be/fr/passengercars/models/suv/glb/overview.html","time":{"start":1746196264555,"stop":1746196272598,"duration":8043},"status":"passed","steps":[],"attachments":[],"parameters":[],"shouldDisplayMessage":false,"attachmentsCount":0,"stepsCount":0,"hasContent":false,"attachmentStep":false},{"name":"\uD83C\uDF0D Navigated to: https://www.mercedes-benz.be/fr/passengercars/mercedes-benz-cars/car-configurator.html/motorization/CCci/BE/fr/GLB-KLASSE/OFFROADER","time":{"start":1746196272598,"stop":1746196278525,"duration":5927},"status":"passed","steps":[],"attachments":[],"parameters":[],"shouldDisplayMessage":false,"attachmentsCount":0,"stepsCount":0,"hasContent":false,"attachmentStep":false},{"name":"✅ Executed actions in configurator","time":{"start":1746196278525,"stop":1746196279665,"duration":1140},"status":"broken","statusMessage":"selenium.common.exceptions.NoSuchElementException: Message: no such element: Unable to locate element: {\"method\":\"css selector\",\"selector\":\"#cc-app-container-main > div.cc-app-container__main-frame.cc-grid-container > div.cc-app-container__navigation.ng-star-inserted > cc-navigation > nav > div > ul > li:nth-child(3) > ccwb-text > a\"}\n  (Session info: chrome=135.0.7049.114); For documentation on this error, please visit: https://www.selenium.dev/documentation/webdriver/troubleshooting/errors#no-such-element-exception\nStacktrace:\n#0 0x556a6f47275a <unknown>\n#1 0x556a6ef254b0 <unknown>\n#2 0x556a6ef769b3 <unknown>\n#3 0x556a6ef76bd1 <unknown>\n#4 0x556a6ef6a4b6 <unknown>\n#5 0x556a6ef9c5bd <unknown>\n#6 0x556a6ef6a36a <unknown>\n#7 0x556a6ef9c75e <unknown>\n#8 0x556a6efc25e0 <unknown>\n#9 0x556a6ef9c363 <unknown>\n#10 0x556a6ef68d63 <unknown>\n#11 0x556a6ef699c1 <unknown>\n#12 0x556a6f437a6b <unknown>\n#13 0x556a6f43b951 <unknown>\n#14 0x556a6f41fb62 <unknown>\n#15 0x556a6f43c4c4 <unknown>\n#16 0x556a6f40413f <unknown>\n#17 0x556a6f4606f8 <unknown>\n#18 0x556a6f4608d6 <unknown>\n#19 0x556a6f4715a6 <unknown>\n#20 0x7f266089caa4 <unknown>\n#21 0x7f2660929c3c <unknown>\n\n","statusTrace":"  File \"/home/runner/work/QA-Perso/QA-Perso/TestsCodes/test_bfv2.py\", line 75, in perform_bfv2_test\n    main_frame = shadow_root.find_element(By.CSS_SELECTOR, '#cc-app-container-main > div.cc-app-container__main-frame.cc-grid-container > div.cc-app-container__navigation.ng-star-inserted > cc-navigation > nav > div > ul > li:nth-child(3) > ccwb-text > a')\n  File \"/home/runner/.cache/pypoetry/virtualenvs/qa-allure-reporting-O8BnsWFA-py3.13/lib/python3.13/site-packages/selenium/webdriver/remote/shadowroot.py\", line 79, in find_element\n    return self._execute(Command.FIND_ELEMENT_FROM_SHADOW_ROOT, {\"using\": by, \"value\": value})[\"value\"]\n           ~~~~~~~~~~~~~^^^^^^^^^^^^^^^^^^^^^^^^^^^^^^^^^^^^^^^^^^^^^^^^^^^^^^^^^^^^^^^^^^^^^^\n  File \"/home/runner/.cache/pypoetry/virtualenvs/qa-allure-reporting-O8BnsWFA-py3.13/lib/python3.13/site-packages/selenium/webdriver/remote/shadowroot.py\", line 133, in _execute\n    return self.session.execute(command, params)\n           ~~~~~~~~~~~~~~~~~~~~^^^^^^^^^^^^^^^^^\n  File \"/home/runner/.cache/pypoetry/virtualenvs/qa-allure-reporting-O8BnsWFA-py3.13/lib/python3.13/site-packages/selenium/webdriver/remote/webdriver.py\", line 429, in execute\n    self.error_handler.check_response(response)\n    ~~~~~~~~~~~~~~~~~~~~~~~~~~~~~~~~~^^^^^^^^^^\n  File \"/home/runner/.cache/pypoetry/virtualenvs/qa-allure-reporting-O8BnsWFA-py3.13/lib/python3.13/site-packages/selenium/webdriver/remote/errorhandler.py\", line 232, in check_response\n    raise exception_class(message, screen, stacktrace)\n","steps":[],"attachments":[],"parameters":[],"shouldDisplayMessage":true,"attachmentsCount":0,"stepsCount":0,"hasContent":true,"attachmentStep":false}],"attachments":[],"parameters":[],"shouldDisplayMessage":false,"attachmentsCount":0,"stepsCount":3,"hasContent":true,"attachmentStep":false},{"name":"Perform BFV2 Test Logic","time":{"start":1746196279673,"stop":1746196294018,"duration":14345},"status":"broken","statusMessage":"selenium.common.exceptions.NoSuchElementException: Message: no such element: Unable to locate element: {\"method\":\"css selector\",\"selector\":\"#cc-app-container-main > div.cc-app-container__main-frame.cc-grid-container > div.cc-app-container__navigation.ng-star-inserted > cc-navigation > nav > div > ul > li:nth-child(3) > ccwb-text > a\"}\n  (Session info: chrome=135.0.7049.114); For documentation on this error, please visit: https://www.selenium.dev/documentation/webdriver/troubleshooting/errors#no-such-element-exception\nStacktrace:\n#0 0x556a6f47275a <unknown>\n#1 0x556a6ef254b0 <unknown>\n#2 0x556a6ef769b3 <unknown>\n#3 0x556a6ef76bd1 <unknown>\n#4 0x556a6ef6a4b6 <unknown>\n#5 0x556a6ef9c5bd <unknown>\n#6 0x556a6ef6a36a <unknown>\n#7 0x556a6ef9c75e <unknown>\n#8 0x556a6efc25e0 <unknown>\n#9 0x556a6ef9c363 <unknown>\n#10 0x556a6ef68d63 <unknown>\n#11 0x556a6ef699c1 <unknown>\n#12 0x556a6f437a6b <unknown>\n#13 0x556a6f43b951 <unknown>\n#14 0x556a6f41fb62 <unknown>\n#15 0x556a6f43c4c4 <unknown>\n#16 0x556a6f40413f <unknown>\n#17 0x556a6f4606f8 <unknown>\n#18 0x556a6f4608d6 <unknown>\n#19 0x556a6f4715a6 <unknown>\n#20 0x7f266089caa4 <unknown>\n#21 0x7f2660929c3c <unknown>\n\n","statusTrace":"  File \"/home/runner/.cache/pypoetry/virtualenvs/qa-allure-reporting-O8BnsWFA-py3.13/lib/python3.13/site-packages/allure_commons/_allure.py\", line 202, in impl\n    return func(*a, **kw)\n  File \"/home/runner/work/QA-Perso/QA-Perso/TestsCodes/test_bfv2.py\", line 75, in perform_bfv2_test\n    main_frame = shadow_root.find_element(By.CSS_SELECTOR, '#cc-app-container-main > div.cc-app-container__main-frame.cc-grid-container > div.cc-app-container__navigation.ng-star-inserted > cc-navigation > nav > div > ul > li:nth-child(3) > ccwb-text > a')\n  File \"/home/runner/.cache/pypoetry/virtualenvs/qa-allure-reporting-O8BnsWFA-py3.13/lib/python3.13/site-packages/selenium/webdriver/remote/shadowroot.py\", line 79, in find_element\n    return self._execute(Command.FIND_ELEMENT_FROM_SHADOW_ROOT, {\"using\": by, \"value\": value})[\"value\"]\n           ~~~~~~~~~~~~~^^^^^^^^^^^^^^^^^^^^^^^^^^^^^^^^^^^^^^^^^^^^^^^^^^^^^^^^^^^^^^^^^^^^^^\n  File \"/home/runner/.cache/pypoetry/virtualenvs/qa-allure-reporting-O8BnsWFA-py3.13/lib/python3.13/site-packages/selenium/webdriver/remote/shadowroot.py\", line 133, in _execute\n    return self.session.execute(command, params)\n           ~~~~~~~~~~~~~~~~~~~~^^^^^^^^^^^^^^^^^\n  File \"/home/runner/.cache/pypoetry/virtualenvs/qa-allure-reporting-O8BnsWFA-py3.13/lib/python3.13/site-packages/selenium/webdriver/remote/webdriver.py\", line 429, in execute\n    self.error_handler.check_response(response)\n    ~~~~~~~~~~~~~~~~~~~~~~~~~~~~~~~~~^^^^^^^^^^\n  File \"/home/runner/.cache/pypoetry/virtualenvs/qa-allure-reporting-O8BnsWFA-py3.13/lib/python3.13/site-packages/selenium/webdriver/remote/errorhandler.py\", line 232, in check_response\n    raise exception_class(message, screen, stacktrace)\n","steps":[{"name":"\uD83C\uDF0D Navigated to: https://www.mercedes-benz.be/fr/passengercars/models/suv/glb/overview.html","time":{"start":1746196279673,"stop":1746196288149,"duration":8476},"status":"passed","steps":[],"attachments":[],"parameters":[],"shouldDisplayMessage":false,"attachmentsCount":0,"stepsCount":0,"hasContent":false,"attachmentStep":false},{"name":"\uD83C\uDF0D Navigated to: https://www.mercedes-benz.be/fr/passengercars/mercedes-benz-cars/car-configurator.html/motorization/CCci/BE/fr/GLB-KLASSE/OFFROADER","time":{"start":1746196288149,"stop":1746196293675,"duration":5526},"status":"passed","steps":[],"attachments":[],"parameters":[],"shouldDisplayMessage":false,"attachmentsCount":0,"stepsCount":0,"hasContent":false,"attachmentStep":false},{"name":"✅ Executed actions in configurator","time":{"start":1746196293676,"stop":1746196294017,"duration":341},"status":"broken","statusMessage":"selenium.common.exceptions.NoSuchElementException: Message: no such element: Unable to locate element: {\"method\":\"css selector\",\"selector\":\"#cc-app-container-main > div.cc-app-container__main-frame.cc-grid-container > div.cc-app-container__navigation.ng-star-inserted > cc-navigation > nav > div > ul > li:nth-child(3) > ccwb-text > a\"}\n  (Session info: chrome=135.0.7049.114); For documentation on this error, please visit: https://www.selenium.dev/documentation/webdriver/troubleshooting/errors#no-such-element-exception\nStacktrace:\n#0 0x556a6f47275a <unknown>\n#1 0x556a6ef254b0 <unknown>\n#2 0x556a6ef769b3 <unknown>\n#3 0x556a6ef76bd1 <unknown>\n#4 0x556a6ef6a4b6 <unknown>\n#5 0x556a6ef9c5bd <unknown>\n#6 0x556a6ef6a36a <unknown>\n#7 0x556a6ef9c75e <unknown>\n#8 0x556a6efc25e0 <unknown>\n#9 0x556a6ef9c363 <unknown>\n#10 0x556a6ef68d63 <unknown>\n#11 0x556a6ef699c1 <unknown>\n#12 0x556a6f437a6b <unknown>\n#13 0x556a6f43b951 <unknown>\n#14 0x556a6f41fb62 <unknown>\n#15 0x556a6f43c4c4 <unknown>\n#16 0x556a6f40413f <unknown>\n#17 0x556a6f4606f8 <unknown>\n#18 0x556a6f4608d6 <unknown>\n#19 0x556a6f4715a6 <unknown>\n#20 0x7f266089caa4 <unknown>\n#21 0x7f2660929c3c <unknown>\n\n","statusTrace":"  File \"/home/runner/work/QA-Perso/QA-Perso/TestsCodes/test_bfv2.py\", line 75, in perform_bfv2_test\n    main_frame = shadow_root.find_element(By.CSS_SELECTOR, '#cc-app-container-main > div.cc-app-container__main-frame.cc-grid-container > div.cc-app-container__navigation.ng-star-inserted > cc-navigation > nav > div > ul > li:nth-child(3) > ccwb-text > a')\n  File \"/home/runner/.cache/pypoetry/virtualenvs/qa-allure-reporting-O8BnsWFA-py3.13/lib/python3.13/site-packages/selenium/webdriver/remote/shadowroot.py\", line 79, in find_element\n    return self._execute(Command.FIND_ELEMENT_FROM_SHADOW_ROOT, {\"using\": by, \"value\": value})[\"value\"]\n           ~~~~~~~~~~~~~^^^^^^^^^^^^^^^^^^^^^^^^^^^^^^^^^^^^^^^^^^^^^^^^^^^^^^^^^^^^^^^^^^^^^^\n  File \"/home/runner/.cache/pypoetry/virtualenvs/qa-allure-reporting-O8BnsWFA-py3.13/lib/python3.13/site-packages/selenium/webdriver/remote/shadowroot.py\", line 133, in _execute\n    return self.session.execute(command, params)\n           ~~~~~~~~~~~~~~~~~~~~^^^^^^^^^^^^^^^^^\n  File \"/home/runner/.cache/pypoetry/virtualenvs/qa-allure-reporting-O8BnsWFA-py3.13/lib/python3.13/site-packages/selenium/webdriver/remote/webdriver.py\", line 429, in execute\n    self.error_handler.check_response(response)\n    ~~~~~~~~~~~~~~~~~~~~~~~~~~~~~~~~~^^^^^^^^^^\n  File \"/home/runner/.cache/pypoetry/virtualenvs/qa-allure-reporting-O8BnsWFA-py3.13/lib/python3.13/site-packages/selenium/webdriver/remote/errorhandler.py\", line 232, in check_response\n    raise exception_class(message, screen, stacktrace)\n","steps":[],"attachments":[],"parameters":[],"shouldDisplayMessage":true,"attachmentsCount":0,"stepsCount":0,"hasContent":true,"attachmentStep":false}],"attachments":[],"parameters":[],"shouldDisplayMessage":false,"attachmentsCount":0,"stepsCount":3,"hasContent":true,"attachmentStep":false},{"name":"\uD83D\uDD0D Verifying personalized image...","time":{"start":1746196298021,"stop":1746196308437,"duration":10416},"status":"passed","steps":[{"name":"❌ Image not found in the specified selector. Error: Message: \n","time":{"start":1746196308436,"stop":1746196308437,"duration":1},"status":"passed","steps":[],"attachments":[{"uid":"64f5eeec5a785a70","name":"Expected Image Source","source":"64f5eeec5a785a70.txt","type":"text/plain","size":61},{"uid":"8225262a69fef68d","name":"Image Verification Error","source":"8225262a69fef68d.txt","type":"text/plain","size":17}],"parameters":[],"shouldDisplayMessage":false,"attachmentsCount":2,"stepsCount":0,"hasContent":true,"attachmentStep":false}],"attachments":[],"parameters":[],"shouldDisplayMessage":false,"attachmentsCount":2,"stepsCount":1,"hasContent":true,"attachmentStep":false},{"name":"\uD83D\uDD0D Debugging campaign images...","time":{"start":1746196308437,"stop":1746196308445,"duration":8},"status":"passed","steps":[],"attachments":[{"uid":"6e5d9d7b4a9e0557","name":"Campaign Images","source":"6e5d9d7b4a9e0557.txt","type":"text/plain","size":0}],"parameters":[],"shouldDisplayMessage":false,"attachmentsCount":1,"stepsCount":0,"hasContent":true,"attachmentStep":false},{"name":"\uD83D\uDCDC Scrolling to specific elements and capturing screenshot","time":{"start":1746196308445,"stop":1746196308658,"duration":213},"status":"passed","steps":[],"attachments":[{"uid":"661d8a45638d6c0e","name":"Scroll Error","source":"661d8a45638d6c0e.txt","type":"text/plain","size":907}],"parameters":[],"shouldDisplayMessage":false,"attachmentsCount":1,"stepsCount":0,"hasContent":true,"attachmentStep":false},{"name":"✅ Screenshot captured and saved","time":{"start":1746196309104,"stop":1746196309104,"duration":0},"status":"passed","steps":[],"attachments":[{"uid":"429b8e3a0d26a4dd","name":"Final Screenshot","source":"429b8e3a0d26a4dd.png","type":"image/png","size":366672}],"parameters":[],"shouldDisplayMessage":false,"attachmentsCount":1,"stepsCount":0,"hasContent":true,"attachmentStep":false}],"attachments":[{"uid":"3f22273d36249599","name":"URLs for GLB (SUV)","source":"3f22273d36249599.json","type":"application/json","size":736},{"uid":"adf18f4d7d8eb945","name":"Test Failure","source":"adf18f4d7d8eb945.txt","type":"text/plain","size":23},{"uid":"15c6c3dcc32d0655","name":"log","source":"15c6c3dcc32d0655.txt","type":"text/plain","size":18875}],"parameters":[],"shouldDisplayMessage":true,"attachmentsCount":8,"stepsCount":27,"hasContent":true,"attachmentStep":false},"afterStages":[],"labels":[{"name":"as_id","value":"2958a8faf327571ce4bbbf6591f6a545"},{"name":"parentSuite","value":"BE/fr"},{"name":"suite","value":"BFV2"},{"name":"subSuite","value":"X247-fl - GLB (SUV)"},{"name":"tag","value":"BFV2"},{"name":"tag","value":"BE/fr"},{"name":"tag","value":"X247-fl"},{"name":"tag","value":"SUV"},{"name":"tag","value":"GLB"},{"name":"host","value":"fv-az1276-283"},{"name":"thread","value":"2272-MainThread"},{"name":"framework","value":"pytest"},{"name":"language","value":"cpython3"},{"name":"package","value":"QAAppAllure"},{"name":"resultFormat","value":"allure2"}],"parameters":[{"name":"test_case","value":"{'test_name': 'BFV2', 'market_code': 'BE/fr', 'model_code': 'X247-fl', 'model_name': 'GLB', 'body_type': 'SUV', 'urls': {'MODEL_CODE': 'X247-fl', 'PRODUCT_PAGE': 'https://www.mercedes-benz.be/fr/passengercars/models/suv/glb/overview.html', 'CONFIGURATOR': 'https://www.mercedes-benz.be/fr/passengercars/mercedes-benz-cars/car-configurator.html/motorization/CCci/BE/fr/GLB-KLASSE/OFFROADER', 'ONLINE_SHOP': 'https://www.mercedes-benz.be/fr/passengercars/buy/new-car/search-results.html/vehicleCategory-new-passenger-cars/brand-Mercedes-Benz/model-GLB/?emhsortType=price-asc&emhbodyType=SUV', 'TEST_DRIVE': 'https://www.mercedes-benz.be/fr/passengercars/mercedes-benz-cars/online-testdrive.html#/dealer?context=OWPC&modelSeries=X247-fl&modelType=ALL', 'HOME_PAGE': 'https://www.mercedes-benz.be/fr', 'BODY_TYPE': 'SUV', 'MODEL_NAME': 'GLB'}}"}],"links":[],"hidden":true,"retry":true,"extra":{"categories":[],"tags":["SUV","BE/fr","X247-fl","GLB","BFV2"]},"source":"1d3f722d484a8cb.json","parameterValues":["{'test_name': 'BFV2', 'market_code': 'BE/fr', 'model_code': 'X247-fl', 'model_name': 'GLB', 'body_type': 'SUV', 'urls': {'MODEL_CODE': 'X247-fl', 'PRODUCT_PAGE': 'https://www.mercedes-benz.be/fr/passengercars/models/suv/glb/overview.html', 'CONFIGURATOR': 'https://www.mercedes-benz.be/fr/passengercars/mercedes-benz-cars/car-configurator.html/motorization/CCci/BE/fr/GLB-KLASSE/OFFROADER', 'ONLINE_SHOP': 'https://www.mercedes-benz.be/fr/passengercars/buy/new-car/search-results.html/vehicleCategory-new-passenger-cars/brand-Mercedes-Benz/model-GLB/?emhsortType=price-asc&emhbodyType=SUV', 'TEST_DRIVE': 'https://www.mercedes-benz.be/fr/passengercars/mercedes-benz-cars/online-testdrive.html#/dealer?context=OWPC&modelSeries=X247-fl&modelType=ALL', 'HOME_PAGE': 'https://www.mercedes-benz.be/fr', 'BODY_TYPE': 'SUV', 'MODEL_NAME': 'GLB'}}"]}