{"uid":"c91b970b8fc46c0e","name":"test_run[test_case131]","fullName":"QAAppAllure#test_run","historyId":"947a95b954ae826930836c12b3d94eb6","time":{"start":1746192175791,"stop":1746192308405,"duration":132614},"description":"\nRuns a test for each test case, either manually defined or dynamically fetched.\n","descriptionHtml":"<p>Runs a test for each test case, either manually defined or dynamically fetched.</p>\n","status":"failed","statusMessage":"Failed: ❌ Test 'BFV3' failed.","statusTrace":"test_case = {'body_type': 'SALOON', 'market_code': 'AT/de', 'model_code': 'V295', 'model_name': 'EQE', ...}\nscreenshot_dir = '/home/runner/work/QA-Perso/QA-Perso/Tests'\n\n    @pytest.mark.parametrize(\"test_case\", all_test_cases)\n    def test_run(test_case, screenshot_dir):\n        \"\"\"\n        Runs a test for each test case, either manually defined or dynamically fetched.\n        \"\"\"\n        test_name = test_case['test_name']\n        market_code = test_case.get('market_code', 'BE/nl')\n        model_code = test_case.get('model_code', None)\n        model_name = test_case.get('model_name', None)\n        body_type = test_case.get('body_type', None)\n        urls = test_case.get('urls', {})\n    \n        # Log test case details\n        logging.info(f\"Running test case: {json.dumps(test_case, indent=2)}\")\n    \n        # Validate URLs\n        if not urls or 'HOME_PAGE' not in urls or not urls['HOME_PAGE']:\n            logging.error(f\"❌ Missing HOME_PAGE URL for test '{test_name}' (market: {market_code}, model: {model_code}).\")\n            allure.attach(f\"❌ Missing HOME_PAGE URL for test '{test_name}' (market: {market_code}, model: {model_code}).\")\n            return\n    \n    \n        # Generar ID único y consistente para Allure\n        uid_raw = f\"{test_name}_{market_code}_{model_code or 'unknown'}\"\n        uid_hashed = hashlib.md5(uid_raw.encode()).hexdigest()\n        allure.dynamic.id(uid_hashed)\n    \n        # Define browser options and create driver\n        options = build_chrome_options()\n        driver = create_driver(options)\n    \n        try:\n            # Set Allure suite hierarchy\n            allure.dynamic.parent_suite(f\"{market_code}\")  # Parent Suite\n            allure.dynamic.suite(f\"{test_name}\")  # Suite\n            allure.dynamic.sub_suite(f\"{model_code or 'N/A'} - {model_name or 'N/A'} ({body_type or 'N/A'})\")  # Sub-Suite\n    \n            # Add dynamic tags\n            allure.dynamic.tag(test_name)\n            allure.dynamic.tag(market_code)\n            if model_code:\n                allure.dynamic.tag(model_code)\n            if body_type:\n                allure.dynamic.tag(body_type)\n            if model_name:\n                allure.dynamic.tag(model_name)\n    \n            # Attach URLs to Allure\n            allure.attach(\n                json.dumps(urls, indent=2),\n                name=f\"URLs for {model_name or 'N/A'} ({body_type or 'N/A'})\",\n                attachment_type=allure.attachment_type.JSON\n            )\n    \n            # Extract base test name\n            base_test_name = test_name.split(\" - \")[0]\n    \n            # Run the test logic for the current model\n            try:\n                api_and_xhr = create_api_and_xhr(driver)\n                if api_and_xhr is None or api_and_xhr[1] is None:\n                    logging.error(\"❌ Failed to initialize API and XHR capturer.\")\n                    allure.attach(\"❌ Failed to initialize API and XHR capturer.\", name=\"Initialization Error\", attachment_type=allure.attachment_type.TEXT)\n                    return\n                if base_test_name in test_mapping:\n>                   run_test(driver, base_test_name, market_code, model_code, model_name, body_type, 1, urls, api_and_xhr, screenshot_dir)\n\nQAAppAllure.py:339: \n_ _ _ _ _ _ _ _ _ _ _ _ _ _ _ _ _ _ _ _ _ _ _ _ _ _ _ _ _ _ _ _ _ _ _ _ _ _ _ _ \n\ndriver = <selenium.webdriver.chrome.webdriver.WebDriver (session=\"2a71da8608cd295dfc102e75d7a7775d\")>\ntest_name = 'BFV3', market_code = 'AT/de', model_code = 'V295'\nmodel_name = 'EQE', body_type = 'SALOON', attempt = 1\nurls = {'BODY_TYPE': 'SALOON', 'CONFIGURATOR': 'https://www.mercedes-benz.at/passengercars/mercedes-benz-cars/car-configurato...ization/CCci/AT/de/EQE-KLASSE/LIMOUSINE_LANG', 'HOME_PAGE': 'https://www.mercedes-benz.at/', 'MODEL_CODE': 'V295', ...}\napi_and_xhr = (<App.vehicle_api.VehicleAPI object at 0x7fa474decbf0>, <App.XHRResponseCapturer.XHRResponseCapturer object at 0x7fa47541b9a0>)\nscreenshot_dir = '/home/runner/work/QA-Perso/QA-Perso/Tests'\n\n    def run_test(driver, test_name, market_code, model_code, model_name, body_type, attempt, urls, api_and_xhr, screenshot_dir):\n        vehicle_api, xhr_capturer = api_and_xhr\n        test_success = False\n    \n        if not urls or 'HOME_PAGE' not in urls or not urls['HOME_PAGE']:\n            allure.attach(f\"❌ Could not fetch valid URLs for test '{test_name}' (market: {market_code}, model: {model_code})\")\n            pytest.fail(f\"Missing HOME_PAGE URL for test '{test_name}'\")\n    \n        allure.step(f\"\uD83C\uDF10 Fetched URLs from API for test '{test_name}':\\n\"\n                    f\"Model Name: {urls.get('MODEL_NAME', 'N/A')}\\n\"\n                    f\"Body Type: {urls.get('BODY_TYPE', 'N/A')}\\n\"\n                    f\"URLs:\\n{json.dumps(urls, indent=2)}\")\n    \n        # BFV Logic\n        if 'CONFIGURATOR' not in urls or not urls['CONFIGURATOR']:\n            if test_name in [\"BFV1\", \"BFV2\", \"BFV3\", \"Last Configuration Started\", \"Last Configuration Completed\"]:\n                message = f\"❌ Skipping test '{test_name}' due to lack of CONFIGURATOR URL.\"\n                logging.warning(message)\n                allure.dynamic.description(message)\n                pytest.skip(message)\n    \n        if 'ONLINE_SHOP' not in urls or not urls['ONLINE_SHOP']:\n            if test_name in [\"BFV2\", \"BFV3\", \"Last Seen PDP\", \"Last Seen SRP\"]:\n                message = f\"❌ Skipping test '{test_name}' due to lack of ONLINE_SHOP URL.\"\n                logging.warning(message)\n                allure.dynamic.description(message)\n                pytest.skip(message)\n    \n        if 'TEST_DRIVE' not in urls or not urls['TEST_DRIVE']:\n            if test_name == \"BFV3\":\n                message = f\"❌ Skipping test '{test_name}' due to lack of TEST_DRIVE URL.\"\n                logging.warning(message)\n                allure.dynamic.description(message)\n                pytest.skip(message)\n    \n        try:\n            driver.get(urls['HOME_PAGE'])\n            WebDriverWait(driver, 15).until(lambda d: d.execute_script(\"return document.readyState\") == \"complete\")\n            logging.info(f\"\uD83C\uDF0D Navigated to: {urls['HOME_PAGE']}\")\n        except Exception as e:\n            logging.error(f\"❌ Error navigating to HOME_PAGE: {e}\")\n            pytest.fail(f\"Error navigating to HOME_PAGE: {e}\")\n    \n        try:\n            WebDriverWait(driver, 6).until(\n                EC.presence_of_element_located((By.CSS_SELECTOR, \"cmm-cookie-banner\"))\n            )\n            time.sleep(2)\n            logging.info(\"✅ Cookie banner detected.\")\n            driver.execute_script(\"\"\"\n                document.querySelector(\"cmm-cookie-banner\").shadowRoot.querySelector(\"wb7-button.button--accept-all\").click();\n            \"\"\")\n            allure.step(\"✅ Clicked on accept cookies.\")\n        except Exception as ex:\n            allure.attach(\"❌ Cookie banner not found or already accepted.\")\n    \n        # Execute test\n        if test_name in test_mapping:\n            test_instance = test_mapping[test_name](driver, urls)\n            test_instance.run()\n            allure.step(f\"✅ {test_name} test completed.\")\n            time.sleep(4)\n    \n            test_success = verify_personalization_and_capture(\n                driver, test_name, model_name, body_type, attempt, screenshot_dir,\n                test_success, xhr_capturer, urls\n            )\n    \n        if not test_success:\n            failure_message = f\"❌ Test '{test_name}' failed.\"\n            logging.error(failure_message)\n            allure.attach(failure_message, name=\"Test Failure\", attachment_type=allure.attachment_type.TEXT)\n>           pytest.fail(failure_message)\nE           Failed: ❌ Test 'BFV3' failed.\n\nQAAppAllure.py:174: Failed","flaky":false,"newFailed":false,"newBroken":false,"newPassed":false,"retriesCount":5,"retriesStatusChange":false,"beforeStages":[{"name":"screenshot_dir","time":{"start":1746192175789,"stop":1746192175789,"duration":0},"status":"passed","steps":[],"attachments":[],"parameters":[],"shouldDisplayMessage":false,"attachmentsCount":0,"stepsCount":0,"hasContent":false,"attachmentStep":false}],"testStage":{"description":"\nRuns a test for each test case, either manually defined or dynamically fetched.\n","status":"failed","statusMessage":"Failed: ❌ Test 'BFV3' failed.","statusTrace":"test_case = {'body_type': 'SALOON', 'market_code': 'AT/de', 'model_code': 'V295', 'model_name': 'EQE', ...}\nscreenshot_dir = '/home/runner/work/QA-Perso/QA-Perso/Tests'\n\n    @pytest.mark.parametrize(\"test_case\", all_test_cases)\n    def test_run(test_case, screenshot_dir):\n        \"\"\"\n        Runs a test for each test case, either manually defined or dynamically fetched.\n        \"\"\"\n        test_name = test_case['test_name']\n        market_code = test_case.get('market_code', 'BE/nl')\n        model_code = test_case.get('model_code', None)\n        model_name = test_case.get('model_name', None)\n        body_type = test_case.get('body_type', None)\n        urls = test_case.get('urls', {})\n    \n        # Log test case details\n        logging.info(f\"Running test case: {json.dumps(test_case, indent=2)}\")\n    \n        # Validate URLs\n        if not urls or 'HOME_PAGE' not in urls or not urls['HOME_PAGE']:\n            logging.error(f\"❌ Missing HOME_PAGE URL for test '{test_name}' (market: {market_code}, model: {model_code}).\")\n            allure.attach(f\"❌ Missing HOME_PAGE URL for test '{test_name}' (market: {market_code}, model: {model_code}).\")\n            return\n    \n    \n        # Generar ID único y consistente para Allure\n        uid_raw = f\"{test_name}_{market_code}_{model_code or 'unknown'}\"\n        uid_hashed = hashlib.md5(uid_raw.encode()).hexdigest()\n        allure.dynamic.id(uid_hashed)\n    \n        # Define browser options and create driver\n        options = build_chrome_options()\n        driver = create_driver(options)\n    \n        try:\n            # Set Allure suite hierarchy\n            allure.dynamic.parent_suite(f\"{market_code}\")  # Parent Suite\n            allure.dynamic.suite(f\"{test_name}\")  # Suite\n            allure.dynamic.sub_suite(f\"{model_code or 'N/A'} - {model_name or 'N/A'} ({body_type or 'N/A'})\")  # Sub-Suite\n    \n            # Add dynamic tags\n            allure.dynamic.tag(test_name)\n            allure.dynamic.tag(market_code)\n            if model_code:\n                allure.dynamic.tag(model_code)\n            if body_type:\n                allure.dynamic.tag(body_type)\n            if model_name:\n                allure.dynamic.tag(model_name)\n    \n            # Attach URLs to Allure\n            allure.attach(\n                json.dumps(urls, indent=2),\n                name=f\"URLs for {model_name or 'N/A'} ({body_type or 'N/A'})\",\n                attachment_type=allure.attachment_type.JSON\n            )\n    \n            # Extract base test name\n            base_test_name = test_name.split(\" - \")[0]\n    \n            # Run the test logic for the current model\n            try:\n                api_and_xhr = create_api_and_xhr(driver)\n                if api_and_xhr is None or api_and_xhr[1] is None:\n                    logging.error(\"❌ Failed to initialize API and XHR capturer.\")\n                    allure.attach(\"❌ Failed to initialize API and XHR capturer.\", name=\"Initialization Error\", attachment_type=allure.attachment_type.TEXT)\n                    return\n                if base_test_name in test_mapping:\n>                   run_test(driver, base_test_name, market_code, model_code, model_name, body_type, 1, urls, api_and_xhr, screenshot_dir)\n\nQAAppAllure.py:339: \n_ _ _ _ _ _ _ _ _ _ _ _ _ _ _ _ _ _ _ _ _ _ _ _ _ _ _ _ _ _ _ _ _ _ _ _ _ _ _ _ \n\ndriver = <selenium.webdriver.chrome.webdriver.WebDriver (session=\"2a71da8608cd295dfc102e75d7a7775d\")>\ntest_name = 'BFV3', market_code = 'AT/de', model_code = 'V295'\nmodel_name = 'EQE', body_type = 'SALOON', attempt = 1\nurls = {'BODY_TYPE': 'SALOON', 'CONFIGURATOR': 'https://www.mercedes-benz.at/passengercars/mercedes-benz-cars/car-configurato...ization/CCci/AT/de/EQE-KLASSE/LIMOUSINE_LANG', 'HOME_PAGE': 'https://www.mercedes-benz.at/', 'MODEL_CODE': 'V295', ...}\napi_and_xhr = (<App.vehicle_api.VehicleAPI object at 0x7fa474decbf0>, <App.XHRResponseCapturer.XHRResponseCapturer object at 0x7fa47541b9a0>)\nscreenshot_dir = '/home/runner/work/QA-Perso/QA-Perso/Tests'\n\n    def run_test(driver, test_name, market_code, model_code, model_name, body_type, attempt, urls, api_and_xhr, screenshot_dir):\n        vehicle_api, xhr_capturer = api_and_xhr\n        test_success = False\n    \n        if not urls or 'HOME_PAGE' not in urls or not urls['HOME_PAGE']:\n            allure.attach(f\"❌ Could not fetch valid URLs for test '{test_name}' (market: {market_code}, model: {model_code})\")\n            pytest.fail(f\"Missing HOME_PAGE URL for test '{test_name}'\")\n    \n        allure.step(f\"\uD83C\uDF10 Fetched URLs from API for test '{test_name}':\\n\"\n                    f\"Model Name: {urls.get('MODEL_NAME', 'N/A')}\\n\"\n                    f\"Body Type: {urls.get('BODY_TYPE', 'N/A')}\\n\"\n                    f\"URLs:\\n{json.dumps(urls, indent=2)}\")\n    \n        # BFV Logic\n        if 'CONFIGURATOR' not in urls or not urls['CONFIGURATOR']:\n            if test_name in [\"BFV1\", \"BFV2\", \"BFV3\", \"Last Configuration Started\", \"Last Configuration Completed\"]:\n                message = f\"❌ Skipping test '{test_name}' due to lack of CONFIGURATOR URL.\"\n                logging.warning(message)\n                allure.dynamic.description(message)\n                pytest.skip(message)\n    \n        if 'ONLINE_SHOP' not in urls or not urls['ONLINE_SHOP']:\n            if test_name in [\"BFV2\", \"BFV3\", \"Last Seen PDP\", \"Last Seen SRP\"]:\n                message = f\"❌ Skipping test '{test_name}' due to lack of ONLINE_SHOP URL.\"\n                logging.warning(message)\n                allure.dynamic.description(message)\n                pytest.skip(message)\n    \n        if 'TEST_DRIVE' not in urls or not urls['TEST_DRIVE']:\n            if test_name == \"BFV3\":\n                message = f\"❌ Skipping test '{test_name}' due to lack of TEST_DRIVE URL.\"\n                logging.warning(message)\n                allure.dynamic.description(message)\n                pytest.skip(message)\n    \n        try:\n            driver.get(urls['HOME_PAGE'])\n            WebDriverWait(driver, 15).until(lambda d: d.execute_script(\"return document.readyState\") == \"complete\")\n            logging.info(f\"\uD83C\uDF0D Navigated to: {urls['HOME_PAGE']}\")\n        except Exception as e:\n            logging.error(f\"❌ Error navigating to HOME_PAGE: {e}\")\n            pytest.fail(f\"Error navigating to HOME_PAGE: {e}\")\n    \n        try:\n            WebDriverWait(driver, 6).until(\n                EC.presence_of_element_located((By.CSS_SELECTOR, \"cmm-cookie-banner\"))\n            )\n            time.sleep(2)\n            logging.info(\"✅ Cookie banner detected.\")\n            driver.execute_script(\"\"\"\n                document.querySelector(\"cmm-cookie-banner\").shadowRoot.querySelector(\"wb7-button.button--accept-all\").click();\n            \"\"\")\n            allure.step(\"✅ Clicked on accept cookies.\")\n        except Exception as ex:\n            allure.attach(\"❌ Cookie banner not found or already accepted.\")\n    \n        # Execute test\n        if test_name in test_mapping:\n            test_instance = test_mapping[test_name](driver, urls)\n            test_instance.run()\n            allure.step(f\"✅ {test_name} test completed.\")\n            time.sleep(4)\n    \n            test_success = verify_personalization_and_capture(\n                driver, test_name, model_name, body_type, attempt, screenshot_dir,\n                test_success, xhr_capturer, urls\n            )\n    \n        if not test_success:\n            failure_message = f\"❌ Test '{test_name}' failed.\"\n            logging.error(failure_message)\n            allure.attach(failure_message, name=\"Test Failure\", attachment_type=allure.attachment_type.TEXT)\n>           pytest.fail(failure_message)\nE           Failed: ❌ Test 'BFV3' failed.\n\nQAAppAllure.py:174: Failed","steps":[{"name":"Setting up stealth mode for the browser","time":{"start":1746192176493,"stop":1746192176543,"duration":50},"status":"passed","steps":[],"attachments":[],"parameters":[],"shouldDisplayMessage":false,"attachmentsCount":0,"stepsCount":0,"hasContent":false,"attachmentStep":false},{"name":"Enabling network logging","time":{"start":1746192176543,"stop":1746192176545,"duration":2},"status":"passed","steps":[],"attachments":[],"parameters":[],"shouldDisplayMessage":false,"attachmentsCount":0,"stepsCount":0,"hasContent":false,"attachmentStep":false},{"name":"Perform BFV3 Test Logic","time":{"start":1746192190713,"stop":1746192212660,"duration":21947},"status":"broken","statusMessage":"selenium.common.exceptions.NoSuchElementException: Message: no such element: Unable to locate element: {\"method\":\"css selector\",\"selector\":\"#cc-app-container-main > div.cc-app-container__main-frame.cc-grid-container > div.cc-app-container__navigation.ng-star-inserted > cc-navigation > nav > div > ul > li:nth-child(3) > ccwb-text > a\"}\n  (Session info: chrome=135.0.7049.114); For documentation on this error, please visit: https://www.selenium.dev/documentation/webdriver/troubleshooting/errors#no-such-element-exception\nStacktrace:\n#0 0x55f1d5c2e75a <unknown>\n#1 0x55f1d56e14b0 <unknown>\n#2 0x55f1d57329b3 <unknown>\n#3 0x55f1d5732bd1 <unknown>\n#4 0x55f1d57264b6 <unknown>\n#5 0x55f1d57585bd <unknown>\n#6 0x55f1d572636a <unknown>\n#7 0x55f1d575875e <unknown>\n#8 0x55f1d577e5e0 <unknown>\n#9 0x55f1d5758363 <unknown>\n#10 0x55f1d5724d63 <unknown>\n#11 0x55f1d57259c1 <unknown>\n#12 0x55f1d5bf3a6b <unknown>\n#13 0x55f1d5bf7951 <unknown>\n#14 0x55f1d5bdbb62 <unknown>\n#15 0x55f1d5bf84c4 <unknown>\n#16 0x55f1d5bc013f <unknown>\n#17 0x55f1d5c1c6f8 <unknown>\n#18 0x55f1d5c1c8d6 <unknown>\n#19 0x55f1d5c2d5a6 <unknown>\n#20 0x7f04d969caa4 <unknown>\n#21 0x7f04d9729c3c <unknown>\n\n","statusTrace":"  File \"/home/runner/.cache/pypoetry/virtualenvs/qa-allure-reporting-O8BnsWFA-py3.13/lib/python3.13/site-packages/allure_commons/_allure.py\", line 202, in impl\n    return func(*a, **kw)\n  File \"/home/runner/work/QA-Perso/QA-Perso/TestsCodes/test_bfv3.py\", line 79, in perform_bfv3_test\n    main_frame = shadow_root.find_element(By.CSS_SELECTOR, '#cc-app-container-main > div.cc-app-container__main-frame.cc-grid-container > div.cc-app-container__navigation.ng-star-inserted > cc-navigation > nav > div > ul > li:nth-child(3) > ccwb-text > a')\n  File \"/home/runner/.cache/pypoetry/virtualenvs/qa-allure-reporting-O8BnsWFA-py3.13/lib/python3.13/site-packages/selenium/webdriver/remote/shadowroot.py\", line 79, in find_element\n    return self._execute(Command.FIND_ELEMENT_FROM_SHADOW_ROOT, {\"using\": by, \"value\": value})[\"value\"]\n           ~~~~~~~~~~~~~^^^^^^^^^^^^^^^^^^^^^^^^^^^^^^^^^^^^^^^^^^^^^^^^^^^^^^^^^^^^^^^^^^^^^^\n  File \"/home/runner/.cache/pypoetry/virtualenvs/qa-allure-reporting-O8BnsWFA-py3.13/lib/python3.13/site-packages/selenium/webdriver/remote/shadowroot.py\", line 133, in _execute\n    return self.session.execute(command, params)\n           ~~~~~~~~~~~~~~~~~~~~^^^^^^^^^^^^^^^^^\n  File \"/home/runner/.cache/pypoetry/virtualenvs/qa-allure-reporting-O8BnsWFA-py3.13/lib/python3.13/site-packages/selenium/webdriver/remote/webdriver.py\", line 429, in execute\n    self.error_handler.check_response(response)\n    ~~~~~~~~~~~~~~~~~~~~~~~~~~~~~~~~~^^^^^^^^^^\n  File \"/home/runner/.cache/pypoetry/virtualenvs/qa-allure-reporting-O8BnsWFA-py3.13/lib/python3.13/site-packages/selenium/webdriver/remote/errorhandler.py\", line 232, in check_response\n    raise exception_class(message, screen, stacktrace)\n","steps":[{"name":"\uD83C\uDF0D Navigated to: https://www.mercedes-benz.at/passengercars/models/saloon/eqe/overview.html","time":{"start":1746192198541,"stop":1746192205257,"duration":6716},"status":"passed","steps":[],"attachments":[],"parameters":[],"shouldDisplayMessage":false,"attachmentsCount":0,"stepsCount":0,"hasContent":false,"attachmentStep":false},{"name":"\uD83C\uDF0D Navigated to: https://www.mercedes-benz.at/passengercars/mercedes-benz-cars/car-configurator.html/motorization/CCci/AT/de/EQE-KLASSE/LIMOUSINE_LANG","time":{"start":1746192205257,"stop":1746192212373,"duration":7116},"status":"passed","steps":[],"attachments":[],"parameters":[],"shouldDisplayMessage":false,"attachmentsCount":0,"stepsCount":0,"hasContent":false,"attachmentStep":false},{"name":"✅ Executed actions in configurator","time":{"start":1746192212373,"stop":1746192212658,"duration":285},"status":"broken","statusMessage":"selenium.common.exceptions.NoSuchElementException: Message: no such element: Unable to locate element: {\"method\":\"css selector\",\"selector\":\"#cc-app-container-main > div.cc-app-container__main-frame.cc-grid-container > div.cc-app-container__navigation.ng-star-inserted > cc-navigation > nav > div > ul > li:nth-child(3) > ccwb-text > a\"}\n  (Session info: chrome=135.0.7049.114); For documentation on this error, please visit: https://www.selenium.dev/documentation/webdriver/troubleshooting/errors#no-such-element-exception\nStacktrace:\n#0 0x55f1d5c2e75a <unknown>\n#1 0x55f1d56e14b0 <unknown>\n#2 0x55f1d57329b3 <unknown>\n#3 0x55f1d5732bd1 <unknown>\n#4 0x55f1d57264b6 <unknown>\n#5 0x55f1d57585bd <unknown>\n#6 0x55f1d572636a <unknown>\n#7 0x55f1d575875e <unknown>\n#8 0x55f1d577e5e0 <unknown>\n#9 0x55f1d5758363 <unknown>\n#10 0x55f1d5724d63 <unknown>\n#11 0x55f1d57259c1 <unknown>\n#12 0x55f1d5bf3a6b <unknown>\n#13 0x55f1d5bf7951 <unknown>\n#14 0x55f1d5bdbb62 <unknown>\n#15 0x55f1d5bf84c4 <unknown>\n#16 0x55f1d5bc013f <unknown>\n#17 0x55f1d5c1c6f8 <unknown>\n#18 0x55f1d5c1c8d6 <unknown>\n#19 0x55f1d5c2d5a6 <unknown>\n#20 0x7f04d969caa4 <unknown>\n#21 0x7f04d9729c3c <unknown>\n\n","statusTrace":"  File \"/home/runner/work/QA-Perso/QA-Perso/TestsCodes/test_bfv3.py\", line 79, in perform_bfv3_test\n    main_frame = shadow_root.find_element(By.CSS_SELECTOR, '#cc-app-container-main > div.cc-app-container__main-frame.cc-grid-container > div.cc-app-container__navigation.ng-star-inserted > cc-navigation > nav > div > ul > li:nth-child(3) > ccwb-text > a')\n  File \"/home/runner/.cache/pypoetry/virtualenvs/qa-allure-reporting-O8BnsWFA-py3.13/lib/python3.13/site-packages/selenium/webdriver/remote/shadowroot.py\", line 79, in find_element\n    return self._execute(Command.FIND_ELEMENT_FROM_SHADOW_ROOT, {\"using\": by, \"value\": value})[\"value\"]\n           ~~~~~~~~~~~~~^^^^^^^^^^^^^^^^^^^^^^^^^^^^^^^^^^^^^^^^^^^^^^^^^^^^^^^^^^^^^^^^^^^^^^\n  File \"/home/runner/.cache/pypoetry/virtualenvs/qa-allure-reporting-O8BnsWFA-py3.13/lib/python3.13/site-packages/selenium/webdriver/remote/shadowroot.py\", line 133, in _execute\n    return self.session.execute(command, params)\n           ~~~~~~~~~~~~~~~~~~~~^^^^^^^^^^^^^^^^^\n  File \"/home/runner/.cache/pypoetry/virtualenvs/qa-allure-reporting-O8BnsWFA-py3.13/lib/python3.13/site-packages/selenium/webdriver/remote/webdriver.py\", line 429, in execute\n    self.error_handler.check_response(response)\n    ~~~~~~~~~~~~~~~~~~~~~~~~~~~~~~~~~^^^^^^^^^^\n  File \"/home/runner/.cache/pypoetry/virtualenvs/qa-allure-reporting-O8BnsWFA-py3.13/lib/python3.13/site-packages/selenium/webdriver/remote/errorhandler.py\", line 232, in check_response\n    raise exception_class(message, screen, stacktrace)\n","steps":[],"attachments":[],"parameters":[],"shouldDisplayMessage":true,"attachmentsCount":0,"stepsCount":0,"hasContent":true,"attachmentStep":false}],"attachments":[],"parameters":[],"shouldDisplayMessage":false,"attachmentsCount":0,"stepsCount":3,"hasContent":true,"attachmentStep":false},{"name":"Perform BFV3 Test Logic","time":{"start":1746192212664,"stop":1746192229582,"duration":16918},"status":"broken","statusMessage":"selenium.common.exceptions.NoSuchElementException: Message: no such element: Unable to locate element: {\"method\":\"css selector\",\"selector\":\"#cc-app-container-main > div.cc-app-container__main-frame.cc-grid-container > div.cc-app-container__navigation.ng-star-inserted > cc-navigation > nav > div > ul > li:nth-child(3) > ccwb-text > a\"}\n  (Session info: chrome=135.0.7049.114); For documentation on this error, please visit: https://www.selenium.dev/documentation/webdriver/troubleshooting/errors#no-such-element-exception\nStacktrace:\n#0 0x55f1d5c2e75a <unknown>\n#1 0x55f1d56e14b0 <unknown>\n#2 0x55f1d57329b3 <unknown>\n#3 0x55f1d5732bd1 <unknown>\n#4 0x55f1d57264b6 <unknown>\n#5 0x55f1d57585bd <unknown>\n#6 0x55f1d572636a <unknown>\n#7 0x55f1d575875e <unknown>\n#8 0x55f1d577e5e0 <unknown>\n#9 0x55f1d5758363 <unknown>\n#10 0x55f1d5724d63 <unknown>\n#11 0x55f1d57259c1 <unknown>\n#12 0x55f1d5bf3a6b <unknown>\n#13 0x55f1d5bf7951 <unknown>\n#14 0x55f1d5bdbb62 <unknown>\n#15 0x55f1d5bf84c4 <unknown>\n#16 0x55f1d5bc013f <unknown>\n#17 0x55f1d5c1c6f8 <unknown>\n#18 0x55f1d5c1c8d6 <unknown>\n#19 0x55f1d5c2d5a6 <unknown>\n#20 0x7f04d969caa4 <unknown>\n#21 0x7f04d9729c3c <unknown>\n\n","statusTrace":"  File \"/home/runner/.cache/pypoetry/virtualenvs/qa-allure-reporting-O8BnsWFA-py3.13/lib/python3.13/site-packages/allure_commons/_allure.py\", line 202, in impl\n    return func(*a, **kw)\n  File \"/home/runner/work/QA-Perso/QA-Perso/TestsCodes/test_bfv3.py\", line 79, in perform_bfv3_test\n    main_frame = shadow_root.find_element(By.CSS_SELECTOR, '#cc-app-container-main > div.cc-app-container__main-frame.cc-grid-container > div.cc-app-container__navigation.ng-star-inserted > cc-navigation > nav > div > ul > li:nth-child(3) > ccwb-text > a')\n  File \"/home/runner/.cache/pypoetry/virtualenvs/qa-allure-reporting-O8BnsWFA-py3.13/lib/python3.13/site-packages/selenium/webdriver/remote/shadowroot.py\", line 79, in find_element\n    return self._execute(Command.FIND_ELEMENT_FROM_SHADOW_ROOT, {\"using\": by, \"value\": value})[\"value\"]\n           ~~~~~~~~~~~~~^^^^^^^^^^^^^^^^^^^^^^^^^^^^^^^^^^^^^^^^^^^^^^^^^^^^^^^^^^^^^^^^^^^^^^\n  File \"/home/runner/.cache/pypoetry/virtualenvs/qa-allure-reporting-O8BnsWFA-py3.13/lib/python3.13/site-packages/selenium/webdriver/remote/shadowroot.py\", line 133, in _execute\n    return self.session.execute(command, params)\n           ~~~~~~~~~~~~~~~~~~~~^^^^^^^^^^^^^^^^^\n  File \"/home/runner/.cache/pypoetry/virtualenvs/qa-allure-reporting-O8BnsWFA-py3.13/lib/python3.13/site-packages/selenium/webdriver/remote/webdriver.py\", line 429, in execute\n    self.error_handler.check_response(response)\n    ~~~~~~~~~~~~~~~~~~~~~~~~~~~~~~~~~^^^^^^^^^^\n  File \"/home/runner/.cache/pypoetry/virtualenvs/qa-allure-reporting-O8BnsWFA-py3.13/lib/python3.13/site-packages/selenium/webdriver/remote/errorhandler.py\", line 232, in check_response\n    raise exception_class(message, screen, stacktrace)\n","steps":[{"name":"\uD83C\uDF0D Navigated to: https://www.mercedes-benz.at/passengercars/models/saloon/eqe/overview.html","time":{"start":1746192218488,"stop":1746192223663,"duration":5175},"status":"passed","steps":[],"attachments":[],"parameters":[],"shouldDisplayMessage":false,"attachmentsCount":0,"stepsCount":0,"hasContent":false,"attachmentStep":false},{"name":"\uD83C\uDF0D Navigated to: https://www.mercedes-benz.at/passengercars/mercedes-benz-cars/car-configurator.html/motorization/CCci/AT/de/EQE-KLASSE/LIMOUSINE_LANG","time":{"start":1746192223663,"stop":1746192229410,"duration":5747},"status":"passed","steps":[],"attachments":[],"parameters":[],"shouldDisplayMessage":false,"attachmentsCount":0,"stepsCount":0,"hasContent":false,"attachmentStep":false},{"name":"✅ Executed actions in configurator","time":{"start":1746192229410,"stop":1746192229581,"duration":171},"status":"broken","statusMessage":"selenium.common.exceptions.NoSuchElementException: Message: no such element: Unable to locate element: {\"method\":\"css selector\",\"selector\":\"#cc-app-container-main > div.cc-app-container__main-frame.cc-grid-container > div.cc-app-container__navigation.ng-star-inserted > cc-navigation > nav > div > ul > li:nth-child(3) > ccwb-text > a\"}\n  (Session info: chrome=135.0.7049.114); For documentation on this error, please visit: https://www.selenium.dev/documentation/webdriver/troubleshooting/errors#no-such-element-exception\nStacktrace:\n#0 0x55f1d5c2e75a <unknown>\n#1 0x55f1d56e14b0 <unknown>\n#2 0x55f1d57329b3 <unknown>\n#3 0x55f1d5732bd1 <unknown>\n#4 0x55f1d57264b6 <unknown>\n#5 0x55f1d57585bd <unknown>\n#6 0x55f1d572636a <unknown>\n#7 0x55f1d575875e <unknown>\n#8 0x55f1d577e5e0 <unknown>\n#9 0x55f1d5758363 <unknown>\n#10 0x55f1d5724d63 <unknown>\n#11 0x55f1d57259c1 <unknown>\n#12 0x55f1d5bf3a6b <unknown>\n#13 0x55f1d5bf7951 <unknown>\n#14 0x55f1d5bdbb62 <unknown>\n#15 0x55f1d5bf84c4 <unknown>\n#16 0x55f1d5bc013f <unknown>\n#17 0x55f1d5c1c6f8 <unknown>\n#18 0x55f1d5c1c8d6 <unknown>\n#19 0x55f1d5c2d5a6 <unknown>\n#20 0x7f04d969caa4 <unknown>\n#21 0x7f04d9729c3c <unknown>\n\n","statusTrace":"  File \"/home/runner/work/QA-Perso/QA-Perso/TestsCodes/test_bfv3.py\", line 79, in perform_bfv3_test\n    main_frame = shadow_root.find_element(By.CSS_SELECTOR, '#cc-app-container-main > div.cc-app-container__main-frame.cc-grid-container > div.cc-app-container__navigation.ng-star-inserted > cc-navigation > nav > div > ul > li:nth-child(3) > ccwb-text > a')\n  File \"/home/runner/.cache/pypoetry/virtualenvs/qa-allure-reporting-O8BnsWFA-py3.13/lib/python3.13/site-packages/selenium/webdriver/remote/shadowroot.py\", line 79, in find_element\n    return self._execute(Command.FIND_ELEMENT_FROM_SHADOW_ROOT, {\"using\": by, \"value\": value})[\"value\"]\n           ~~~~~~~~~~~~~^^^^^^^^^^^^^^^^^^^^^^^^^^^^^^^^^^^^^^^^^^^^^^^^^^^^^^^^^^^^^^^^^^^^^^\n  File \"/home/runner/.cache/pypoetry/virtualenvs/qa-allure-reporting-O8BnsWFA-py3.13/lib/python3.13/site-packages/selenium/webdriver/remote/shadowroot.py\", line 133, in _execute\n    return self.session.execute(command, params)\n           ~~~~~~~~~~~~~~~~~~~~^^^^^^^^^^^^^^^^^\n  File \"/home/runner/.cache/pypoetry/virtualenvs/qa-allure-reporting-O8BnsWFA-py3.13/lib/python3.13/site-packages/selenium/webdriver/remote/webdriver.py\", line 429, in execute\n    self.error_handler.check_response(response)\n    ~~~~~~~~~~~~~~~~~~~~~~~~~~~~~~~~~^^^^^^^^^^\n  File \"/home/runner/.cache/pypoetry/virtualenvs/qa-allure-reporting-O8BnsWFA-py3.13/lib/python3.13/site-packages/selenium/webdriver/remote/errorhandler.py\", line 232, in check_response\n    raise exception_class(message, screen, stacktrace)\n","steps":[],"attachments":[],"parameters":[],"shouldDisplayMessage":true,"attachmentsCount":0,"stepsCount":0,"hasContent":true,"attachmentStep":false}],"attachments":[],"parameters":[],"shouldDisplayMessage":false,"attachmentsCount":0,"stepsCount":3,"hasContent":true,"attachmentStep":false},{"name":"Perform BFV3 Test Logic","time":{"start":1746192229583,"stop":1746192249715,"duration":20132},"status":"broken","statusMessage":"selenium.common.exceptions.NoSuchElementException: Message: no such element: Unable to locate element: {\"method\":\"css selector\",\"selector\":\"#cc-app-container-main > div.cc-app-container__main-frame.cc-grid-container > div.cc-app-container__navigation.ng-star-inserted > cc-navigation > nav > div > ul > li:nth-child(3) > ccwb-text > a\"}\n  (Session info: chrome=135.0.7049.114); For documentation on this error, please visit: https://www.selenium.dev/documentation/webdriver/troubleshooting/errors#no-such-element-exception\nStacktrace:\n#0 0x55f1d5c2e75a <unknown>\n#1 0x55f1d56e14b0 <unknown>\n#2 0x55f1d57329b3 <unknown>\n#3 0x55f1d5732bd1 <unknown>\n#4 0x55f1d57264b6 <unknown>\n#5 0x55f1d57585bd <unknown>\n#6 0x55f1d572636a <unknown>\n#7 0x55f1d575875e <unknown>\n#8 0x55f1d577e5e0 <unknown>\n#9 0x55f1d5758363 <unknown>\n#10 0x55f1d5724d63 <unknown>\n#11 0x55f1d57259c1 <unknown>\n#12 0x55f1d5bf3a6b <unknown>\n#13 0x55f1d5bf7951 <unknown>\n#14 0x55f1d5bdbb62 <unknown>\n#15 0x55f1d5bf84c4 <unknown>\n#16 0x55f1d5bc013f <unknown>\n#17 0x55f1d5c1c6f8 <unknown>\n#18 0x55f1d5c1c8d6 <unknown>\n#19 0x55f1d5c2d5a6 <unknown>\n#20 0x7f04d969caa4 <unknown>\n#21 0x7f04d9729c3c <unknown>\n\n","statusTrace":"  File \"/home/runner/.cache/pypoetry/virtualenvs/qa-allure-reporting-O8BnsWFA-py3.13/lib/python3.13/site-packages/allure_commons/_allure.py\", line 202, in impl\n    return func(*a, **kw)\n  File \"/home/runner/work/QA-Perso/QA-Perso/TestsCodes/test_bfv3.py\", line 79, in perform_bfv3_test\n    main_frame = shadow_root.find_element(By.CSS_SELECTOR, '#cc-app-container-main > div.cc-app-container__main-frame.cc-grid-container > div.cc-app-container__navigation.ng-star-inserted > cc-navigation > nav > div > ul > li:nth-child(3) > ccwb-text > a')\n  File \"/home/runner/.cache/pypoetry/virtualenvs/qa-allure-reporting-O8BnsWFA-py3.13/lib/python3.13/site-packages/selenium/webdriver/remote/shadowroot.py\", line 79, in find_element\n    return self._execute(Command.FIND_ELEMENT_FROM_SHADOW_ROOT, {\"using\": by, \"value\": value})[\"value\"]\n           ~~~~~~~~~~~~~^^^^^^^^^^^^^^^^^^^^^^^^^^^^^^^^^^^^^^^^^^^^^^^^^^^^^^^^^^^^^^^^^^^^^^\n  File \"/home/runner/.cache/pypoetry/virtualenvs/qa-allure-reporting-O8BnsWFA-py3.13/lib/python3.13/site-packages/selenium/webdriver/remote/shadowroot.py\", line 133, in _execute\n    return self.session.execute(command, params)\n           ~~~~~~~~~~~~~~~~~~~~^^^^^^^^^^^^^^^^^\n  File \"/home/runner/.cache/pypoetry/virtualenvs/qa-allure-reporting-O8BnsWFA-py3.13/lib/python3.13/site-packages/selenium/webdriver/remote/webdriver.py\", line 429, in execute\n    self.error_handler.check_response(response)\n    ~~~~~~~~~~~~~~~~~~~~~~~~~~~~~~~~~^^^^^^^^^^\n  File \"/home/runner/.cache/pypoetry/virtualenvs/qa-allure-reporting-O8BnsWFA-py3.13/lib/python3.13/site-packages/selenium/webdriver/remote/errorhandler.py\", line 232, in check_response\n    raise exception_class(message, screen, stacktrace)\n","steps":[{"name":"\uD83C\uDF0D Navigated to: https://www.mercedes-benz.at/passengercars/models/saloon/eqe/overview.html","time":{"start":1746192236522,"stop":1746192242329,"duration":5807},"status":"passed","steps":[],"attachments":[],"parameters":[],"shouldDisplayMessage":false,"attachmentsCount":0,"stepsCount":0,"hasContent":false,"attachmentStep":false},{"name":"\uD83C\uDF0D Navigated to: https://www.mercedes-benz.at/passengercars/mercedes-benz-cars/car-configurator.html/motorization/CCci/AT/de/EQE-KLASSE/LIMOUSINE_LANG","time":{"start":1746192242329,"stop":1746192248504,"duration":6175},"status":"passed","steps":[],"attachments":[],"parameters":[],"shouldDisplayMessage":false,"attachmentsCount":0,"stepsCount":0,"hasContent":false,"attachmentStep":false},{"name":"✅ Executed actions in configurator","time":{"start":1746192248504,"stop":1746192249714,"duration":1210},"status":"broken","statusMessage":"selenium.common.exceptions.NoSuchElementException: Message: no such element: Unable to locate element: {\"method\":\"css selector\",\"selector\":\"#cc-app-container-main > div.cc-app-container__main-frame.cc-grid-container > div.cc-app-container__navigation.ng-star-inserted > cc-navigation > nav > div > ul > li:nth-child(3) > ccwb-text > a\"}\n  (Session info: chrome=135.0.7049.114); For documentation on this error, please visit: https://www.selenium.dev/documentation/webdriver/troubleshooting/errors#no-such-element-exception\nStacktrace:\n#0 0x55f1d5c2e75a <unknown>\n#1 0x55f1d56e14b0 <unknown>\n#2 0x55f1d57329b3 <unknown>\n#3 0x55f1d5732bd1 <unknown>\n#4 0x55f1d57264b6 <unknown>\n#5 0x55f1d57585bd <unknown>\n#6 0x55f1d572636a <unknown>\n#7 0x55f1d575875e <unknown>\n#8 0x55f1d577e5e0 <unknown>\n#9 0x55f1d5758363 <unknown>\n#10 0x55f1d5724d63 <unknown>\n#11 0x55f1d57259c1 <unknown>\n#12 0x55f1d5bf3a6b <unknown>\n#13 0x55f1d5bf7951 <unknown>\n#14 0x55f1d5bdbb62 <unknown>\n#15 0x55f1d5bf84c4 <unknown>\n#16 0x55f1d5bc013f <unknown>\n#17 0x55f1d5c1c6f8 <unknown>\n#18 0x55f1d5c1c8d6 <unknown>\n#19 0x55f1d5c2d5a6 <unknown>\n#20 0x7f04d969caa4 <unknown>\n#21 0x7f04d9729c3c <unknown>\n\n","statusTrace":"  File \"/home/runner/work/QA-Perso/QA-Perso/TestsCodes/test_bfv3.py\", line 79, in perform_bfv3_test\n    main_frame = shadow_root.find_element(By.CSS_SELECTOR, '#cc-app-container-main > div.cc-app-container__main-frame.cc-grid-container > div.cc-app-container__navigation.ng-star-inserted > cc-navigation > nav > div > ul > li:nth-child(3) > ccwb-text > a')\n  File \"/home/runner/.cache/pypoetry/virtualenvs/qa-allure-reporting-O8BnsWFA-py3.13/lib/python3.13/site-packages/selenium/webdriver/remote/shadowroot.py\", line 79, in find_element\n    return self._execute(Command.FIND_ELEMENT_FROM_SHADOW_ROOT, {\"using\": by, \"value\": value})[\"value\"]\n           ~~~~~~~~~~~~~^^^^^^^^^^^^^^^^^^^^^^^^^^^^^^^^^^^^^^^^^^^^^^^^^^^^^^^^^^^^^^^^^^^^^^\n  File \"/home/runner/.cache/pypoetry/virtualenvs/qa-allure-reporting-O8BnsWFA-py3.13/lib/python3.13/site-packages/selenium/webdriver/remote/shadowroot.py\", line 133, in _execute\n    return self.session.execute(command, params)\n           ~~~~~~~~~~~~~~~~~~~~^^^^^^^^^^^^^^^^^\n  File \"/home/runner/.cache/pypoetry/virtualenvs/qa-allure-reporting-O8BnsWFA-py3.13/lib/python3.13/site-packages/selenium/webdriver/remote/webdriver.py\", line 429, in execute\n    self.error_handler.check_response(response)\n    ~~~~~~~~~~~~~~~~~~~~~~~~~~~~~~~~~^^^^^^^^^^\n  File \"/home/runner/.cache/pypoetry/virtualenvs/qa-allure-reporting-O8BnsWFA-py3.13/lib/python3.13/site-packages/selenium/webdriver/remote/errorhandler.py\", line 232, in check_response\n    raise exception_class(message, screen, stacktrace)\n","steps":[],"attachments":[],"parameters":[],"shouldDisplayMessage":true,"attachmentsCount":0,"stepsCount":0,"hasContent":true,"attachmentStep":false}],"attachments":[],"parameters":[],"shouldDisplayMessage":false,"attachmentsCount":0,"stepsCount":3,"hasContent":true,"attachmentStep":false},{"name":"Perform BFV3 Test Logic","time":{"start":1746192249723,"stop":1746192273253,"duration":23530},"status":"broken","statusMessage":"selenium.common.exceptions.NoSuchElementException: Message: no such element: Unable to locate element: {\"method\":\"css selector\",\"selector\":\"#cc-app-container-main > div.cc-app-container__main-frame.cc-grid-container > div.cc-app-container__navigation.ng-star-inserted > cc-navigation > nav > div > ul > li:nth-child(3) > ccwb-text > a\"}\n  (Session info: chrome=135.0.7049.114); For documentation on this error, please visit: https://www.selenium.dev/documentation/webdriver/troubleshooting/errors#no-such-element-exception\nStacktrace:\n#0 0x55f1d5c2e75a <unknown>\n#1 0x55f1d56e14b0 <unknown>\n#2 0x55f1d57329b3 <unknown>\n#3 0x55f1d5732bd1 <unknown>\n#4 0x55f1d57264b6 <unknown>\n#5 0x55f1d57585bd <unknown>\n#6 0x55f1d572636a <unknown>\n#7 0x55f1d575875e <unknown>\n#8 0x55f1d577e5e0 <unknown>\n#9 0x55f1d5758363 <unknown>\n#10 0x55f1d5724d63 <unknown>\n#11 0x55f1d57259c1 <unknown>\n#12 0x55f1d5bf3a6b <unknown>\n#13 0x55f1d5bf7951 <unknown>\n#14 0x55f1d5bdbb62 <unknown>\n#15 0x55f1d5bf84c4 <unknown>\n#16 0x55f1d5bc013f <unknown>\n#17 0x55f1d5c1c6f8 <unknown>\n#18 0x55f1d5c1c8d6 <unknown>\n#19 0x55f1d5c2d5a6 <unknown>\n#20 0x7f04d969caa4 <unknown>\n#21 0x7f04d9729c3c <unknown>\n\n","statusTrace":"  File \"/home/runner/.cache/pypoetry/virtualenvs/qa-allure-reporting-O8BnsWFA-py3.13/lib/python3.13/site-packages/allure_commons/_allure.py\", line 202, in impl\n    return func(*a, **kw)\n  File \"/home/runner/work/QA-Perso/QA-Perso/TestsCodes/test_bfv3.py\", line 79, in perform_bfv3_test\n    main_frame = shadow_root.find_element(By.CSS_SELECTOR, '#cc-app-container-main > div.cc-app-container__main-frame.cc-grid-container > div.cc-app-container__navigation.ng-star-inserted > cc-navigation > nav > div > ul > li:nth-child(3) > ccwb-text > a')\n  File \"/home/runner/.cache/pypoetry/virtualenvs/qa-allure-reporting-O8BnsWFA-py3.13/lib/python3.13/site-packages/selenium/webdriver/remote/shadowroot.py\", line 79, in find_element\n    return self._execute(Command.FIND_ELEMENT_FROM_SHADOW_ROOT, {\"using\": by, \"value\": value})[\"value\"]\n           ~~~~~~~~~~~~~^^^^^^^^^^^^^^^^^^^^^^^^^^^^^^^^^^^^^^^^^^^^^^^^^^^^^^^^^^^^^^^^^^^^^^\n  File \"/home/runner/.cache/pypoetry/virtualenvs/qa-allure-reporting-O8BnsWFA-py3.13/lib/python3.13/site-packages/selenium/webdriver/remote/shadowroot.py\", line 133, in _execute\n    return self.session.execute(command, params)\n           ~~~~~~~~~~~~~~~~~~~~^^^^^^^^^^^^^^^^^\n  File \"/home/runner/.cache/pypoetry/virtualenvs/qa-allure-reporting-O8BnsWFA-py3.13/lib/python3.13/site-packages/selenium/webdriver/remote/webdriver.py\", line 429, in execute\n    self.error_handler.check_response(response)\n    ~~~~~~~~~~~~~~~~~~~~~~~~~~~~~~~~~^^^^^^^^^^\n  File \"/home/runner/.cache/pypoetry/virtualenvs/qa-allure-reporting-O8BnsWFA-py3.13/lib/python3.13/site-packages/selenium/webdriver/remote/errorhandler.py\", line 232, in check_response\n    raise exception_class(message, screen, stacktrace)\n","steps":[{"name":"\uD83C\uDF0D Navigated to: https://www.mercedes-benz.at/passengercars/models/saloon/eqe/overview.html","time":{"start":1746192259273,"stop":1746192266878,"duration":7605},"status":"passed","steps":[],"attachments":[],"parameters":[],"shouldDisplayMessage":false,"attachmentsCount":0,"stepsCount":0,"hasContent":false,"attachmentStep":false},{"name":"\uD83C\uDF0D Navigated to: https://www.mercedes-benz.at/passengercars/mercedes-benz-cars/car-configurator.html/motorization/CCci/AT/de/EQE-KLASSE/LIMOUSINE_LANG","time":{"start":1746192266878,"stop":1746192273001,"duration":6123},"status":"passed","steps":[],"attachments":[],"parameters":[],"shouldDisplayMessage":false,"attachmentsCount":0,"stepsCount":0,"hasContent":false,"attachmentStep":false},{"name":"✅ Executed actions in configurator","time":{"start":1746192273001,"stop":1746192273253,"duration":252},"status":"broken","statusMessage":"selenium.common.exceptions.NoSuchElementException: Message: no such element: Unable to locate element: {\"method\":\"css selector\",\"selector\":\"#cc-app-container-main > div.cc-app-container__main-frame.cc-grid-container > div.cc-app-container__navigation.ng-star-inserted > cc-navigation > nav > div > ul > li:nth-child(3) > ccwb-text > a\"}\n  (Session info: chrome=135.0.7049.114); For documentation on this error, please visit: https://www.selenium.dev/documentation/webdriver/troubleshooting/errors#no-such-element-exception\nStacktrace:\n#0 0x55f1d5c2e75a <unknown>\n#1 0x55f1d56e14b0 <unknown>\n#2 0x55f1d57329b3 <unknown>\n#3 0x55f1d5732bd1 <unknown>\n#4 0x55f1d57264b6 <unknown>\n#5 0x55f1d57585bd <unknown>\n#6 0x55f1d572636a <unknown>\n#7 0x55f1d575875e <unknown>\n#8 0x55f1d577e5e0 <unknown>\n#9 0x55f1d5758363 <unknown>\n#10 0x55f1d5724d63 <unknown>\n#11 0x55f1d57259c1 <unknown>\n#12 0x55f1d5bf3a6b <unknown>\n#13 0x55f1d5bf7951 <unknown>\n#14 0x55f1d5bdbb62 <unknown>\n#15 0x55f1d5bf84c4 <unknown>\n#16 0x55f1d5bc013f <unknown>\n#17 0x55f1d5c1c6f8 <unknown>\n#18 0x55f1d5c1c8d6 <unknown>\n#19 0x55f1d5c2d5a6 <unknown>\n#20 0x7f04d969caa4 <unknown>\n#21 0x7f04d9729c3c <unknown>\n\n","statusTrace":"  File \"/home/runner/work/QA-Perso/QA-Perso/TestsCodes/test_bfv3.py\", line 79, in perform_bfv3_test\n    main_frame = shadow_root.find_element(By.CSS_SELECTOR, '#cc-app-container-main > div.cc-app-container__main-frame.cc-grid-container > div.cc-app-container__navigation.ng-star-inserted > cc-navigation > nav > div > ul > li:nth-child(3) > ccwb-text > a')\n  File \"/home/runner/.cache/pypoetry/virtualenvs/qa-allure-reporting-O8BnsWFA-py3.13/lib/python3.13/site-packages/selenium/webdriver/remote/shadowroot.py\", line 79, in find_element\n    return self._execute(Command.FIND_ELEMENT_FROM_SHADOW_ROOT, {\"using\": by, \"value\": value})[\"value\"]\n           ~~~~~~~~~~~~~^^^^^^^^^^^^^^^^^^^^^^^^^^^^^^^^^^^^^^^^^^^^^^^^^^^^^^^^^^^^^^^^^^^^^^\n  File \"/home/runner/.cache/pypoetry/virtualenvs/qa-allure-reporting-O8BnsWFA-py3.13/lib/python3.13/site-packages/selenium/webdriver/remote/shadowroot.py\", line 133, in _execute\n    return self.session.execute(command, params)\n           ~~~~~~~~~~~~~~~~~~~~^^^^^^^^^^^^^^^^^\n  File \"/home/runner/.cache/pypoetry/virtualenvs/qa-allure-reporting-O8BnsWFA-py3.13/lib/python3.13/site-packages/selenium/webdriver/remote/webdriver.py\", line 429, in execute\n    self.error_handler.check_response(response)\n    ~~~~~~~~~~~~~~~~~~~~~~~~~~~~~~~~~^^^^^^^^^^\n  File \"/home/runner/.cache/pypoetry/virtualenvs/qa-allure-reporting-O8BnsWFA-py3.13/lib/python3.13/site-packages/selenium/webdriver/remote/errorhandler.py\", line 232, in check_response\n    raise exception_class(message, screen, stacktrace)\n","steps":[],"attachments":[],"parameters":[],"shouldDisplayMessage":true,"attachmentsCount":0,"stepsCount":0,"hasContent":true,"attachmentStep":false}],"attachments":[],"parameters":[],"shouldDisplayMessage":false,"attachmentsCount":0,"stepsCount":3,"hasContent":true,"attachmentStep":false},{"name":"Perform BFV3 Test Logic","time":{"start":1746192273255,"stop":1746192293402,"duration":20147},"status":"broken","statusMessage":"selenium.common.exceptions.NoSuchElementException: Message: no such element: Unable to locate element: {\"method\":\"css selector\",\"selector\":\"#cc-app-container-main > div.cc-app-container__main-frame.cc-grid-container > div.cc-app-container__navigation.ng-star-inserted > cc-navigation > nav > div > ul > li:nth-child(3) > ccwb-text > a\"}\n  (Session info: chrome=135.0.7049.114); For documentation on this error, please visit: https://www.selenium.dev/documentation/webdriver/troubleshooting/errors#no-such-element-exception\nStacktrace:\n#0 0x55f1d5c2e75a <unknown>\n#1 0x55f1d56e14b0 <unknown>\n#2 0x55f1d57329b3 <unknown>\n#3 0x55f1d5732bd1 <unknown>\n#4 0x55f1d57264b6 <unknown>\n#5 0x55f1d57585bd <unknown>\n#6 0x55f1d572636a <unknown>\n#7 0x55f1d575875e <unknown>\n#8 0x55f1d577e5e0 <unknown>\n#9 0x55f1d5758363 <unknown>\n#10 0x55f1d5724d63 <unknown>\n#11 0x55f1d57259c1 <unknown>\n#12 0x55f1d5bf3a6b <unknown>\n#13 0x55f1d5bf7951 <unknown>\n#14 0x55f1d5bdbb62 <unknown>\n#15 0x55f1d5bf84c4 <unknown>\n#16 0x55f1d5bc013f <unknown>\n#17 0x55f1d5c1c6f8 <unknown>\n#18 0x55f1d5c1c8d6 <unknown>\n#19 0x55f1d5c2d5a6 <unknown>\n#20 0x7f04d969caa4 <unknown>\n#21 0x7f04d9729c3c <unknown>\n\n","statusTrace":"  File \"/home/runner/.cache/pypoetry/virtualenvs/qa-allure-reporting-O8BnsWFA-py3.13/lib/python3.13/site-packages/allure_commons/_allure.py\", line 202, in impl\n    return func(*a, **kw)\n  File \"/home/runner/work/QA-Perso/QA-Perso/TestsCodes/test_bfv3.py\", line 79, in perform_bfv3_test\n    main_frame = shadow_root.find_element(By.CSS_SELECTOR, '#cc-app-container-main > div.cc-app-container__main-frame.cc-grid-container > div.cc-app-container__navigation.ng-star-inserted > cc-navigation > nav > div > ul > li:nth-child(3) > ccwb-text > a')\n  File \"/home/runner/.cache/pypoetry/virtualenvs/qa-allure-reporting-O8BnsWFA-py3.13/lib/python3.13/site-packages/selenium/webdriver/remote/shadowroot.py\", line 79, in find_element\n    return self._execute(Command.FIND_ELEMENT_FROM_SHADOW_ROOT, {\"using\": by, \"value\": value})[\"value\"]\n           ~~~~~~~~~~~~~^^^^^^^^^^^^^^^^^^^^^^^^^^^^^^^^^^^^^^^^^^^^^^^^^^^^^^^^^^^^^^^^^^^^^^\n  File \"/home/runner/.cache/pypoetry/virtualenvs/qa-allure-reporting-O8BnsWFA-py3.13/lib/python3.13/site-packages/selenium/webdriver/remote/shadowroot.py\", line 133, in _execute\n    return self.session.execute(command, params)\n           ~~~~~~~~~~~~~~~~~~~~^^^^^^^^^^^^^^^^^\n  File \"/home/runner/.cache/pypoetry/virtualenvs/qa-allure-reporting-O8BnsWFA-py3.13/lib/python3.13/site-packages/selenium/webdriver/remote/webdriver.py\", line 429, in execute\n    self.error_handler.check_response(response)\n    ~~~~~~~~~~~~~~~~~~~~~~~~~~~~~~~~~^^^^^^^^^^\n  File \"/home/runner/.cache/pypoetry/virtualenvs/qa-allure-reporting-O8BnsWFA-py3.13/lib/python3.13/site-packages/selenium/webdriver/remote/errorhandler.py\", line 232, in check_response\n    raise exception_class(message, screen, stacktrace)\n","steps":[{"name":"\uD83C\uDF0D Navigated to: https://www.mercedes-benz.at/passengercars/models/saloon/eqe/overview.html","time":{"start":1746192279341,"stop":1746192287313,"duration":7972},"status":"passed","steps":[],"attachments":[],"parameters":[],"shouldDisplayMessage":false,"attachmentsCount":0,"stepsCount":0,"hasContent":false,"attachmentStep":false},{"name":"\uD83C\uDF0D Navigated to: https://www.mercedes-benz.at/passengercars/mercedes-benz-cars/car-configurator.html/motorization/CCci/AT/de/EQE-KLASSE/LIMOUSINE_LANG","time":{"start":1746192287313,"stop":1746192292993,"duration":5680},"status":"passed","steps":[],"attachments":[],"parameters":[],"shouldDisplayMessage":false,"attachmentsCount":0,"stepsCount":0,"hasContent":false,"attachmentStep":false},{"name":"✅ Executed actions in configurator","time":{"start":1746192292993,"stop":1746192293400,"duration":407},"status":"broken","statusMessage":"selenium.common.exceptions.NoSuchElementException: Message: no such element: Unable to locate element: {\"method\":\"css selector\",\"selector\":\"#cc-app-container-main > div.cc-app-container__main-frame.cc-grid-container > div.cc-app-container__navigation.ng-star-inserted > cc-navigation > nav > div > ul > li:nth-child(3) > ccwb-text > a\"}\n  (Session info: chrome=135.0.7049.114); For documentation on this error, please visit: https://www.selenium.dev/documentation/webdriver/troubleshooting/errors#no-such-element-exception\nStacktrace:\n#0 0x55f1d5c2e75a <unknown>\n#1 0x55f1d56e14b0 <unknown>\n#2 0x55f1d57329b3 <unknown>\n#3 0x55f1d5732bd1 <unknown>\n#4 0x55f1d57264b6 <unknown>\n#5 0x55f1d57585bd <unknown>\n#6 0x55f1d572636a <unknown>\n#7 0x55f1d575875e <unknown>\n#8 0x55f1d577e5e0 <unknown>\n#9 0x55f1d5758363 <unknown>\n#10 0x55f1d5724d63 <unknown>\n#11 0x55f1d57259c1 <unknown>\n#12 0x55f1d5bf3a6b <unknown>\n#13 0x55f1d5bf7951 <unknown>\n#14 0x55f1d5bdbb62 <unknown>\n#15 0x55f1d5bf84c4 <unknown>\n#16 0x55f1d5bc013f <unknown>\n#17 0x55f1d5c1c6f8 <unknown>\n#18 0x55f1d5c1c8d6 <unknown>\n#19 0x55f1d5c2d5a6 <unknown>\n#20 0x7f04d969caa4 <unknown>\n#21 0x7f04d9729c3c <unknown>\n\n","statusTrace":"  File \"/home/runner/work/QA-Perso/QA-Perso/TestsCodes/test_bfv3.py\", line 79, in perform_bfv3_test\n    main_frame = shadow_root.find_element(By.CSS_SELECTOR, '#cc-app-container-main > div.cc-app-container__main-frame.cc-grid-container > div.cc-app-container__navigation.ng-star-inserted > cc-navigation > nav > div > ul > li:nth-child(3) > ccwb-text > a')\n  File \"/home/runner/.cache/pypoetry/virtualenvs/qa-allure-reporting-O8BnsWFA-py3.13/lib/python3.13/site-packages/selenium/webdriver/remote/shadowroot.py\", line 79, in find_element\n    return self._execute(Command.FIND_ELEMENT_FROM_SHADOW_ROOT, {\"using\": by, \"value\": value})[\"value\"]\n           ~~~~~~~~~~~~~^^^^^^^^^^^^^^^^^^^^^^^^^^^^^^^^^^^^^^^^^^^^^^^^^^^^^^^^^^^^^^^^^^^^^^\n  File \"/home/runner/.cache/pypoetry/virtualenvs/qa-allure-reporting-O8BnsWFA-py3.13/lib/python3.13/site-packages/selenium/webdriver/remote/shadowroot.py\", line 133, in _execute\n    return self.session.execute(command, params)\n           ~~~~~~~~~~~~~~~~~~~~^^^^^^^^^^^^^^^^^\n  File \"/home/runner/.cache/pypoetry/virtualenvs/qa-allure-reporting-O8BnsWFA-py3.13/lib/python3.13/site-packages/selenium/webdriver/remote/webdriver.py\", line 429, in execute\n    self.error_handler.check_response(response)\n    ~~~~~~~~~~~~~~~~~~~~~~~~~~~~~~~~~^^^^^^^^^^\n  File \"/home/runner/.cache/pypoetry/virtualenvs/qa-allure-reporting-O8BnsWFA-py3.13/lib/python3.13/site-packages/selenium/webdriver/remote/errorhandler.py\", line 232, in check_response\n    raise exception_class(message, screen, stacktrace)\n","steps":[],"attachments":[],"parameters":[],"shouldDisplayMessage":true,"attachmentsCount":0,"stepsCount":0,"hasContent":true,"attachmentStep":false}],"attachments":[],"parameters":[],"shouldDisplayMessage":false,"attachmentsCount":0,"stepsCount":3,"hasContent":true,"attachmentStep":false},{"name":"\uD83D\uDD0D Verifying personalized image...","time":{"start":1746192297407,"stop":1746192307716,"duration":10309},"status":"passed","steps":[{"name":"❌ Image not found in the specified selector. Error: Message: \n","time":{"start":1746192307716,"stop":1746192307716,"duration":0},"status":"passed","steps":[],"attachments":[{"uid":"b1453e46520b3a70","name":"Expected Image Source","source":"b1453e46520b3a70.txt","type":"text/plain","size":61},{"uid":"7c8735ba8f0de48b","name":"Image Verification Error","source":"7c8735ba8f0de48b.txt","type":"text/plain","size":17}],"parameters":[],"shouldDisplayMessage":false,"attachmentsCount":2,"stepsCount":0,"hasContent":true,"attachmentStep":false}],"attachments":[],"parameters":[],"shouldDisplayMessage":false,"attachmentsCount":2,"stepsCount":1,"hasContent":true,"attachmentStep":false},{"name":"\uD83D\uDD0D Debugging campaign images...","time":{"start":1746192307716,"stop":1746192307728,"duration":12},"status":"passed","steps":[],"attachments":[{"uid":"ba05d697f6dd149c","name":"Campaign Images","source":"ba05d697f6dd149c.txt","type":"text/plain","size":0}],"parameters":[],"shouldDisplayMessage":false,"attachmentsCount":1,"stepsCount":0,"hasContent":true,"attachmentStep":false},{"name":"\uD83D\uDCDC Scrolling to specific elements and capturing screenshot","time":{"start":1746192307729,"stop":1746192307918,"duration":189},"status":"passed","steps":[],"attachments":[{"uid":"c80038cbbecd4120","name":"Scroll Error","source":"c80038cbbecd4120.txt","type":"text/plain","size":907}],"parameters":[],"shouldDisplayMessage":false,"attachmentsCount":1,"stepsCount":0,"hasContent":true,"attachmentStep":false},{"name":"✅ Screenshot captured and saved","time":{"start":1746192308216,"stop":1746192308217,"duration":1},"status":"passed","steps":[],"attachments":[{"uid":"b14388cafda52e07","name":"Final Screenshot","source":"b14388cafda52e07.png","type":"image/png","size":418581}],"parameters":[],"shouldDisplayMessage":false,"attachmentsCount":1,"stepsCount":0,"hasContent":true,"attachmentStep":false}],"attachments":[{"uid":"9bd81627f6c5a81a","name":"URLs for EQE (SALOON)","source":"9bd81627f6c5a81a.json","type":"application/json","size":764},{"uid":"16ff2253d3c5d529","name":"Test Failure","source":"16ff2253d3c5d529.txt","type":"text/plain","size":23},{"uid":"c65ba73ba8f9124f","name":"log","source":"c65ba73ba8f9124f.txt","type":"text/plain","size":37751}],"parameters":[],"shouldDisplayMessage":true,"attachmentsCount":8,"stepsCount":27,"hasContent":true,"attachmentStep":false},"afterStages":[],"labels":[{"name":"as_id","value":"62b5205748bcccbca2ebffc8cd45aeb7"},{"name":"parentSuite","value":"AT/de"},{"name":"suite","value":"BFV3"},{"name":"subSuite","value":"V295 - EQE (SALOON)"},{"name":"tag","value":"BFV3"},{"name":"tag","value":"AT/de"},{"name":"tag","value":"V295"},{"name":"tag","value":"SALOON"},{"name":"tag","value":"EQE"},{"name":"host","value":"fv-az1276-283"},{"name":"thread","value":"2269-MainThread"},{"name":"framework","value":"pytest"},{"name":"language","value":"cpython3"},{"name":"package","value":"QAAppAllure"},{"name":"resultFormat","value":"allure2"}],"parameters":[{"name":"test_case","value":"{'test_name': 'BFV3', 'market_code': 'AT/de', 'model_code': 'V295', 'model_name': 'EQE', 'body_type': 'SALOON', 'urls': {'MODEL_CODE': 'V295', 'PRODUCT_PAGE': 'https://www.mercedes-benz.at/passengercars/models/saloon/eqe/overview.html', 'CONFIGURATOR': 'https://www.mercedes-benz.at/passengercars/mercedes-benz-cars/car-configurator.html/motorization/CCci/AT/de/EQE-KLASSE/LIMOUSINE_LANG', 'ONLINE_SHOP': 'https://www.mercedes-benz.at/passengercars/buy/new-car/search-results.html/vehicleCategory-new-passenger-cars/brand-Mercedes-Benz/modelIdentifier-EQE/?emhsortType=price-asc&emhbodyType=LIMOUSINE&emhfuelType=ELECTRIC', 'TEST_DRIVE': 'https://www.mercedes-benz.at/passengercars/mercedes-benz-cars/online-testdrive.html#/dealer?context=OWPC&modelSeries=V295&modelType=ALL', 'HOME_PAGE': 'https://www.mercedes-benz.at/', 'BODY_TYPE': 'SALOON', 'MODEL_NAME': 'EQE'}}"}],"links":[],"hidden":false,"retry":false,"extra":{"severity":"normal","retries":[{"uid":"4ddc9b16209e45cc","status":"failed","statusDetails":"Failed: ❌ Test 'BFV3' failed.","time":{"start":1746192043375,"stop":1746192175743,"duration":132368}},{"uid":"ae3da06c89a584cd","status":"failed","statusDetails":"Failed: ❌ Test 'BFV3' failed.","time":{"start":1746191909634,"stop":1746192043340,"duration":133706}},{"uid":"d71f90f4a78ae9fd","status":"failed","statusDetails":"Failed: ❌ Test 'BFV3' failed.","time":{"start":1746191758219,"stop":1746191909607,"duration":151388}},{"uid":"fa53ee858cee338c","status":"failed","statusDetails":"Failed: ❌ Test 'BFV3' failed.","time":{"start":1746191605640,"stop":1746191758188,"duration":152548}},{"uid":"f109910bf6757403","status":"failed","statusDetails":"Failed: ❌ Test 'BFV3' failed.","time":{"start":1746191458968,"stop":1746191605571,"duration":146603}}],"categories":[{"name":"Product defects","matchedStatuses":[],"flaky":false}],"tags":["AT/de","EQE","SALOON","BFV3","V295"]},"source":"c91b970b8fc46c0e.json","parameterValues":["{'test_name': 'BFV3', 'market_code': 'AT/de', 'model_code': 'V295', 'model_name': 'EQE', 'body_type': 'SALOON', 'urls': {'MODEL_CODE': 'V295', 'PRODUCT_PAGE': 'https://www.mercedes-benz.at/passengercars/models/saloon/eqe/overview.html', 'CONFIGURATOR': 'https://www.mercedes-benz.at/passengercars/mercedes-benz-cars/car-configurator.html/motorization/CCci/AT/de/EQE-KLASSE/LIMOUSINE_LANG', 'ONLINE_SHOP': 'https://www.mercedes-benz.at/passengercars/buy/new-car/search-results.html/vehicleCategory-new-passenger-cars/brand-Mercedes-Benz/modelIdentifier-EQE/?emhsortType=price-asc&emhbodyType=LIMOUSINE&emhfuelType=ELECTRIC', 'TEST_DRIVE': 'https://www.mercedes-benz.at/passengercars/mercedes-benz-cars/online-testdrive.html#/dealer?context=OWPC&modelSeries=V295&modelType=ALL', 'HOME_PAGE': 'https://www.mercedes-benz.at/', 'BODY_TYPE': 'SALOON', 'MODEL_NAME': 'EQE'}}"]}