{"uid":"68eca1da3fc21dd0","name":"test_run[test_case609]","fullName":"QAAppAllure#test_run","historyId":"cdaddeabf00df4b23fef126ade462bbc","time":{"start":1747132780161,"stop":1747132792906,"duration":12745},"description":"\nRuns a test for each test case, either manually defined or dynamically fetched.\n","descriptionHtml":"<p>Runs a test for each test case, either manually defined or dynamically fetched.</p>\n","status":"failed","statusMessage":"Failed: Failed to accept cookies.","statusTrace":"driver = <selenium.webdriver.chrome.webdriver.WebDriver (session=\"a1e11514b62fa8fa70c5496adebcc37a\")>\ntest_name = 'BFV1', market_code = 'RO/ro', model_code = 'V223'\nmodel_name = 'S-CLASS', body_type = 'SALOON-LONG', attempt = 1\nurls = {'BODY_TYPE': 'SALOON-LONG?internal_test=true', 'CONFIGURATOR': 'https://www.mercedes-benz.ro/passengercars/mercedes-b...t=true', 'HOME_PAGE': 'https://www.mercedes-benz.ro/?internal_test=true', 'MODEL_CODE': 'V223?internal_test=true', ...}\napi_and_xhr = (<App.vehicle_api.VehicleAPI object at 0x7f28277cd7f0>, <App.XHRResponseCapturer.XHRResponseCapturer object at 0x7f282772e9e0>)\nscreenshot_dir = '/home/runner/work/QA-Allure-Testing/QA-Allure-Testing/Tests'\n\n    def run_test(driver, test_name, market_code, model_code, model_name, body_type, attempt, urls, api_and_xhr, screenshot_dir):\n        vehicle_api, xhr_capturer = api_and_xhr\n        test_success = False\n    \n        if not urls or 'HOME_PAGE' not in urls or not urls['HOME_PAGE']:\n            allure.attach(f\"❌ Could not fetch valid URLs for test '{test_name}' (market: {market_code}, model: {model_code})\")\n            pytest.fail(f\"Missing HOME_PAGE URL for test '{test_name}'\")\n    \n        allure.step(f\"\uD83C\uDF10 Fetched URLs from API for test '{test_name}':\\n\"\n                    f\"Model Name: {urls.get('MODEL_NAME', 'N/A')}\\n\"\n                    f\"Body Type: {urls.get('BODY_TYPE', 'N/A')}\\n\"\n                    f\"URLs:\\n{json.dumps(urls, indent=2)}\")\n    \n        # BFV Logic\n        if 'CONFIGURATOR' not in urls or not urls['CONFIGURATOR']:\n            if test_name in [\"BFV1\", \"BFV2\", \"BFV3\", \"Last Configuration Started\", \"Last Configuration Completed\"]:\n                message = f\"❌ Skipping test '{test_name}' due to lack of CONFIGURATOR URL.\"\n                logging.warning(message)\n                allure.dynamic.description(message)\n                pytest.skip(message)\n    \n        if 'ONLINE_SHOP' not in urls or not urls['ONLINE_SHOP']:\n            if test_name in [\"BFV2\", \"BFV3\", \"Last Seen PDP\", \"Last Seen SRP\"]:\n                message = f\"❌ Skipping test '{test_name}' due to lack of ONLINE_SHOP URL.\"\n                logging.warning(message)\n                allure.dynamic.description(message)\n                pytest.skip(message)\n    \n        if 'TEST_DRIVE' not in urls or not urls['TEST_DRIVE']:\n            if test_name == \"BFV3\":\n                message = f\"❌ Skipping test '{test_name}' due to lack of TEST_DRIVE URL.\"\n                logging.warning(message)\n                allure.dynamic.description(message)\n                pytest.skip(message)\n    \n        try:\n            with allure.step(f\"\uD83C\uDF0D Navigating to HOME_PAGE: {urls['HOME_PAGE']}\"):\n                driver.get(urls['HOME_PAGE'])\n                WebDriverWait(driver, 15).until(lambda d: d.execute_script(\"return document.readyState\") == \"complete\")\n                logging.info(f\"\uD83C\uDF0D Navigated to: {urls['HOME_PAGE']}\")\n        except Exception as e:\n            logging.error(f\"❌ Error navigating to HOME_PAGE: {e}\")\n            pytest.fail(f\"Error navigating to HOME_PAGE: {e}\")\n    \n        try:\n            with allure.step(\"✅ Detecting and accepting cookies\"):\n                WebDriverWait(driver, 6).until(\n                    EC.presence_of_element_located((By.CSS_SELECTOR, \"cmm-cookie-banner\"))\n                )\n                time.sleep(2)\n                logging.info(\"✅ Cookie banner detected.\")\n>               driver.execute_script(\"\"\"\n                    document.querySelector(\"cmm-cookie-banner\").shadowRoot.querySelector(\"wb7-button.button--accept-all\").click();\n                \"\"\")\n\nQAAppAllure.py:153: \n_ _ _ _ _ _ _ _ _ _ _ _ _ _ _ _ _ _ _ _ _ _ _ _ _ _ _ _ _ _ _ _ _ _ _ _ _ _ _ _ \n../../../.cache/pypoetry/virtualenvs/qa-allure-reporting-zz3bSAuT-py3.13/lib/python3.13/site-packages/selenium/webdriver/remote/webdriver.py:528: in execute_script\n    return self.execute(command, {\"script\": script, \"args\": converted_args})[\"value\"]\n../../../.cache/pypoetry/virtualenvs/qa-allure-reporting-zz3bSAuT-py3.13/lib/python3.13/site-packages/selenium/webdriver/remote/webdriver.py:429: in execute\n    self.error_handler.check_response(response)\n_ _ _ _ _ _ _ _ _ _ _ _ _ _ _ _ _ _ _ _ _ _ _ _ _ _ _ _ _ _ _ _ _ _ _ _ _ _ _ _ \n\nself = <selenium.webdriver.remote.errorhandler.ErrorHandler object at 0x7f282775a490>\nresponse = {'status': 500, 'value': '{\"value\":{\"error\":\"javascript error\",\"message\":\"javascript error: Cannot read properties of ...\\\\n#17 0x556709e8d666 \\\\u003Cunknown>\\\\n#18 0x7f2c6949caa4 \\\\u003Cunknown>\\\\n#19 0x7f2c69529c3c \\\\u003Cunknown>\\\\n\"}}'}\n\n    def check_response(self, response: Dict[str, Any]) -> None:\n        \"\"\"Checks that a JSON response from the WebDriver does not have an\n        error.\n    \n        :Args:\n         - response - The JSON response from the WebDriver server as a dictionary\n           object.\n    \n        :Raises: If the response contains an error message.\n        \"\"\"\n        status = response.get(\"status\", None)\n        if not status or status == ErrorCode.SUCCESS:\n            return\n        value = None\n        message = response.get(\"message\", \"\")\n        screen: str = response.get(\"screen\", \"\")\n        stacktrace = None\n        if isinstance(status, int):\n            value_json = response.get(\"value\", None)\n            if value_json and isinstance(value_json, str):\n                import json\n    \n                try:\n                    value = json.loads(value_json)\n                    if len(value) == 1:\n                        value = value[\"value\"]\n                    status = value.get(\"error\", None)\n                    if not status:\n                        status = value.get(\"status\", ErrorCode.UNKNOWN_ERROR)\n                        message = value.get(\"value\") or value.get(\"message\")\n                        if not isinstance(message, str):\n                            value = message\n                            message = message.get(\"message\")\n                    else:\n                        message = value.get(\"message\", None)\n                except ValueError:\n                    pass\n    \n        exception_class: Type[WebDriverException]\n        e = ErrorCode()\n        error_codes = [item for item in dir(e) if not item.startswith(\"__\")]\n        for error_code in error_codes:\n            error_info = getattr(ErrorCode, error_code)\n            if isinstance(error_info, list) and status in error_info:\n                exception_class = getattr(ExceptionMapping, error_code, WebDriverException)\n                break\n        else:\n            exception_class = WebDriverException\n    \n        if not value:\n            value = response[\"value\"]\n        if isinstance(value, str):\n            raise exception_class(value)\n        if message == \"\" and \"message\" in value:\n            message = value[\"message\"]\n    \n        screen = None  # type: ignore[assignment]\n        if \"screen\" in value:\n            screen = value[\"screen\"]\n    \n        stacktrace = None\n        st_value = value.get(\"stackTrace\") or value.get(\"stacktrace\")\n        if st_value:\n            if isinstance(st_value, str):\n                stacktrace = st_value.split(\"\\n\")\n            else:\n                stacktrace = []\n                try:\n                    for frame in st_value:\n                        line = frame.get(\"lineNumber\", \"\")\n                        file = frame.get(\"fileName\", \"<anonymous>\")\n                        if line:\n                            file = f\"{file}:{line}\"\n                        meth = frame.get(\"methodName\", \"<anonymous>\")\n                        if \"className\" in frame:\n                            meth = f\"{frame['className']}.{meth}\"\n                        msg = \"    at %s (%s)\"\n                        msg = msg % (meth, file)\n                        stacktrace.append(msg)\n                except TypeError:\n                    pass\n        if exception_class == UnexpectedAlertPresentException:\n            alert_text = None\n            if \"data\" in value:\n                alert_text = value[\"data\"].get(\"text\")\n            elif \"alert\" in value:\n                alert_text = value[\"alert\"].get(\"text\")\n            raise exception_class(message, screen, stacktrace, alert_text)  # type: ignore[call-arg]  # mypy is not smart enough here\n>       raise exception_class(message, screen, stacktrace)\nE       selenium.common.exceptions.JavascriptException: Message: javascript error: Cannot read properties of null (reading 'click')\nE         (Session info: chrome=136.0.7103.59)\nE       Stacktrace:\nE       #0 0x556709e8e7fa <unknown>\nE       #1 0x556709932e90 <unknown>\nE       #2 0x556709939b3f <unknown>\nE       #3 0x55670993c697 <unknown>\nE       #4 0x5567099d10ee <unknown>\nE       #5 0x5567099aa242 <unknown>\nE       #6 0x5567099d0135 <unknown>\nE       #7 0x5567099aa013 <unknown>\nE       #8 0x556709976b3b <unknown>\nE       #9 0x5567099777a1 <unknown>\nE       #10 0x556709e53b9b <unknown>\nE       #11 0x556709e57a8a <unknown>\nE       #12 0x556709e3b912 <unknown>\nE       #13 0x556709e58604 <unknown>\nE       #14 0x556709e2074f <unknown>\nE       #15 0x556709e7c678 <unknown>\nE       #16 0x556709e7c856 <unknown>\nE       #17 0x556709e8d666 <unknown>\nE       #18 0x7f2c6949caa4 <unknown>\nE       #19 0x7f2c69529c3c <unknown>\n\n../../../.cache/pypoetry/virtualenvs/qa-allure-reporting-zz3bSAuT-py3.13/lib/python3.13/site-packages/selenium/webdriver/remote/errorhandler.py:232: JavascriptException\n\nDuring handling of the above exception, another exception occurred:\n\ntest_case = {'body_type': 'SALOON-LONG', 'market_code': 'RO/ro', 'model_code': 'V223', 'model_name': 'S-CLASS', ...}\nscreenshot_dir = '/home/runner/work/QA-Allure-Testing/QA-Allure-Testing/Tests'\n\n    @pytest.mark.parametrize(\"test_case\", all_test_cases)\n    def test_run(test_case, screenshot_dir):\n        \"\"\"\n        Runs a test for each test case, either manually defined or dynamically fetched.\n        \"\"\"\n        test_name = test_case['test_name']\n        market_code = test_case.get('market_code', 'BE/nl')\n        model_code = test_case.get('model_code', None)\n        model_name = test_case.get('model_name', None)\n        body_type = test_case.get('body_type', None)\n        urls = test_case.get('urls', {})\n    \n        # Log test case details\n        logging.info(f\"Running test case: {json.dumps(test_case, indent=2)}\")\n    \n        # Validate URLs\n        if not urls or 'HOME_PAGE' not in urls or not urls['HOME_PAGE']:\n            logging.error(f\"❌ Missing HOME_PAGE URL for test '{test_name}' (market: {market_code}, model: {model_code}).\")\n            allure.attach(f\"❌ Missing HOME_PAGE URL for test '{test_name}' (market: {market_code}, model: {model_code}).\")\n            return\n    \n    \n        # Generar ID único y consistente para Allure\n        uid_raw = f\"{test_name}_{market_code}_{model_code or 'unknown'}\"\n        uid_hashed = hashlib.md5(uid_raw.encode()).hexdigest()\n        allure.dynamic.id(uid_hashed)\n    \n        # Define browser options and create driver\n        options = build_chrome_options()\n        driver = create_driver(options)\n    \n        try:\n            # Set Allure suite hierarchy\n            allure.dynamic.parent_suite(f\"{market_code}\")  # Parent Suite\n            allure.dynamic.suite(f\"{test_name}\")  # Suite\n            allure.dynamic.sub_suite(f\"{model_code or 'N/A'} - {model_name or 'N/A'} ({body_type or 'N/A'})\")  # Sub-Suite\n    \n            # Add dynamic tags\n            allure.dynamic.tag(test_name)\n            allure.dynamic.tag(market_code)\n            if model_code:\n                allure.dynamic.tag(model_code)\n            if body_type:\n                allure.dynamic.tag(body_type)\n            if model_name:\n                allure.dynamic.tag(model_name)\n    \n            # Attach URLs to Allure\n            allure.attach(\n                json.dumps(urls, indent=2),\n                name=f\"URLs for {model_name or 'N/A'} ({body_type or 'N/A'})\",\n                attachment_type=allure.attachment_type.JSON\n            )\n    \n            # Extract base test name\n            base_test_name = test_name.split(\" - \")[0]\n    \n            # Run the test logic for the current model\n            try:\n                api_and_xhr = create_api_and_xhr(driver)\n                if api_and_xhr is None or api_and_xhr[1] is None:\n                    logging.error(\"❌ Failed to initialize API and XHR capturer.\")\n                    allure.attach(\"❌ Failed to initialize API and XHR capturer.\", name=\"Initialization Error\", attachment_type=allure.attachment_type.TEXT)\n                    return\n                if base_test_name in test_mapping:\n>                   run_test(driver, base_test_name, market_code, model_code, model_name, body_type, 1, urls, api_and_xhr, screenshot_dir)\n\nQAAppAllure.py:341: \n_ _ _ _ _ _ _ _ _ _ _ _ _ _ _ _ _ _ _ _ _ _ _ _ _ _ _ _ _ _ _ _ _ _ _ _ _ _ _ _ \n\ndriver = <selenium.webdriver.chrome.webdriver.WebDriver (session=\"a1e11514b62fa8fa70c5496adebcc37a\")>\ntest_name = 'BFV1', market_code = 'RO/ro', model_code = 'V223'\nmodel_name = 'S-CLASS', body_type = 'SALOON-LONG', attempt = 1\nurls = {'BODY_TYPE': 'SALOON-LONG?internal_test=true', 'CONFIGURATOR': 'https://www.mercedes-benz.ro/passengercars/mercedes-b...t=true', 'HOME_PAGE': 'https://www.mercedes-benz.ro/?internal_test=true', 'MODEL_CODE': 'V223?internal_test=true', ...}\napi_and_xhr = (<App.vehicle_api.VehicleAPI object at 0x7f28277cd7f0>, <App.XHRResponseCapturer.XHRResponseCapturer object at 0x7f282772e9e0>)\nscreenshot_dir = '/home/runner/work/QA-Allure-Testing/QA-Allure-Testing/Tests'\n\n    def run_test(driver, test_name, market_code, model_code, model_name, body_type, attempt, urls, api_and_xhr, screenshot_dir):\n        vehicle_api, xhr_capturer = api_and_xhr\n        test_success = False\n    \n        if not urls or 'HOME_PAGE' not in urls or not urls['HOME_PAGE']:\n            allure.attach(f\"❌ Could not fetch valid URLs for test '{test_name}' (market: {market_code}, model: {model_code})\")\n            pytest.fail(f\"Missing HOME_PAGE URL for test '{test_name}'\")\n    \n        allure.step(f\"\uD83C\uDF10 Fetched URLs from API for test '{test_name}':\\n\"\n                    f\"Model Name: {urls.get('MODEL_NAME', 'N/A')}\\n\"\n                    f\"Body Type: {urls.get('BODY_TYPE', 'N/A')}\\n\"\n                    f\"URLs:\\n{json.dumps(urls, indent=2)}\")\n    \n        # BFV Logic\n        if 'CONFIGURATOR' not in urls or not urls['CONFIGURATOR']:\n            if test_name in [\"BFV1\", \"BFV2\", \"BFV3\", \"Last Configuration Started\", \"Last Configuration Completed\"]:\n                message = f\"❌ Skipping test '{test_name}' due to lack of CONFIGURATOR URL.\"\n                logging.warning(message)\n                allure.dynamic.description(message)\n                pytest.skip(message)\n    \n        if 'ONLINE_SHOP' not in urls or not urls['ONLINE_SHOP']:\n            if test_name in [\"BFV2\", \"BFV3\", \"Last Seen PDP\", \"Last Seen SRP\"]:\n                message = f\"❌ Skipping test '{test_name}' due to lack of ONLINE_SHOP URL.\"\n                logging.warning(message)\n                allure.dynamic.description(message)\n                pytest.skip(message)\n    \n        if 'TEST_DRIVE' not in urls or not urls['TEST_DRIVE']:\n            if test_name == \"BFV3\":\n                message = f\"❌ Skipping test '{test_name}' due to lack of TEST_DRIVE URL.\"\n                logging.warning(message)\n                allure.dynamic.description(message)\n                pytest.skip(message)\n    \n        try:\n            with allure.step(f\"\uD83C\uDF0D Navigating to HOME_PAGE: {urls['HOME_PAGE']}\"):\n                driver.get(urls['HOME_PAGE'])\n                WebDriverWait(driver, 15).until(lambda d: d.execute_script(\"return document.readyState\") == \"complete\")\n                logging.info(f\"\uD83C\uDF0D Navigated to: {urls['HOME_PAGE']}\")\n        except Exception as e:\n            logging.error(f\"❌ Error navigating to HOME_PAGE: {e}\")\n            pytest.fail(f\"Error navigating to HOME_PAGE: {e}\")\n    \n        try:\n            with allure.step(\"✅ Detecting and accepting cookies\"):\n                WebDriverWait(driver, 6).until(\n                    EC.presence_of_element_located((By.CSS_SELECTOR, \"cmm-cookie-banner\"))\n                )\n                time.sleep(2)\n                logging.info(\"✅ Cookie banner detected.\")\n                driver.execute_script(\"\"\"\n                    document.querySelector(\"cmm-cookie-banner\").shadowRoot.querySelector(\"wb7-button.button--accept-all\").click();\n                \"\"\")\n                logging.info(\"✅ Clicked on accept cookies.\")\n        except Exception as ex:\n            # Attach the error to Allure\n            allure.attach(\"❌ Cookie banner not found or already accepted.\", name=\"Cookie Acceptance Error\", attachment_type=allure.attachment_type.TEXT)\n            # Add a custom defect category\n            allure.dynamic.label(\"defect\", \"Cookie Acceptance Failure\")\n            allure.dynamic.tag(\"Cookie Issue\")\n    \n            # Log the error\n            logging.error(\"❌ Failed to accept cookies.\")\n>           pytest.fail(\"Failed to accept cookies.\")\nE           Failed: Failed to accept cookies.\n\nQAAppAllure.py:166: Failed","flaky":false,"newFailed":false,"newBroken":false,"newPassed":false,"retriesCount":0,"retriesStatusChange":false,"beforeStages":[{"name":"screenshot_dir","time":{"start":1747132780160,"stop":1747132780160,"duration":0},"status":"passed","steps":[],"attachments":[],"parameters":[],"shouldDisplayMessage":false,"attachmentsCount":0,"stepsCount":0,"hasContent":false,"attachmentStep":false}],"testStage":{"description":"\nRuns a test for each test case, either manually defined or dynamically fetched.\n","status":"failed","statusMessage":"Failed: Failed to accept cookies.","statusTrace":"driver = <selenium.webdriver.chrome.webdriver.WebDriver (session=\"a1e11514b62fa8fa70c5496adebcc37a\")>\ntest_name = 'BFV1', market_code = 'RO/ro', model_code = 'V223'\nmodel_name = 'S-CLASS', body_type = 'SALOON-LONG', attempt = 1\nurls = {'BODY_TYPE': 'SALOON-LONG?internal_test=true', 'CONFIGURATOR': 'https://www.mercedes-benz.ro/passengercars/mercedes-b...t=true', 'HOME_PAGE': 'https://www.mercedes-benz.ro/?internal_test=true', 'MODEL_CODE': 'V223?internal_test=true', ...}\napi_and_xhr = (<App.vehicle_api.VehicleAPI object at 0x7f28277cd7f0>, <App.XHRResponseCapturer.XHRResponseCapturer object at 0x7f282772e9e0>)\nscreenshot_dir = '/home/runner/work/QA-Allure-Testing/QA-Allure-Testing/Tests'\n\n    def run_test(driver, test_name, market_code, model_code, model_name, body_type, attempt, urls, api_and_xhr, screenshot_dir):\n        vehicle_api, xhr_capturer = api_and_xhr\n        test_success = False\n    \n        if not urls or 'HOME_PAGE' not in urls or not urls['HOME_PAGE']:\n            allure.attach(f\"❌ Could not fetch valid URLs for test '{test_name}' (market: {market_code}, model: {model_code})\")\n            pytest.fail(f\"Missing HOME_PAGE URL for test '{test_name}'\")\n    \n        allure.step(f\"\uD83C\uDF10 Fetched URLs from API for test '{test_name}':\\n\"\n                    f\"Model Name: {urls.get('MODEL_NAME', 'N/A')}\\n\"\n                    f\"Body Type: {urls.get('BODY_TYPE', 'N/A')}\\n\"\n                    f\"URLs:\\n{json.dumps(urls, indent=2)}\")\n    \n        # BFV Logic\n        if 'CONFIGURATOR' not in urls or not urls['CONFIGURATOR']:\n            if test_name in [\"BFV1\", \"BFV2\", \"BFV3\", \"Last Configuration Started\", \"Last Configuration Completed\"]:\n                message = f\"❌ Skipping test '{test_name}' due to lack of CONFIGURATOR URL.\"\n                logging.warning(message)\n                allure.dynamic.description(message)\n                pytest.skip(message)\n    \n        if 'ONLINE_SHOP' not in urls or not urls['ONLINE_SHOP']:\n            if test_name in [\"BFV2\", \"BFV3\", \"Last Seen PDP\", \"Last Seen SRP\"]:\n                message = f\"❌ Skipping test '{test_name}' due to lack of ONLINE_SHOP URL.\"\n                logging.warning(message)\n                allure.dynamic.description(message)\n                pytest.skip(message)\n    \n        if 'TEST_DRIVE' not in urls or not urls['TEST_DRIVE']:\n            if test_name == \"BFV3\":\n                message = f\"❌ Skipping test '{test_name}' due to lack of TEST_DRIVE URL.\"\n                logging.warning(message)\n                allure.dynamic.description(message)\n                pytest.skip(message)\n    \n        try:\n            with allure.step(f\"\uD83C\uDF0D Navigating to HOME_PAGE: {urls['HOME_PAGE']}\"):\n                driver.get(urls['HOME_PAGE'])\n                WebDriverWait(driver, 15).until(lambda d: d.execute_script(\"return document.readyState\") == \"complete\")\n                logging.info(f\"\uD83C\uDF0D Navigated to: {urls['HOME_PAGE']}\")\n        except Exception as e:\n            logging.error(f\"❌ Error navigating to HOME_PAGE: {e}\")\n            pytest.fail(f\"Error navigating to HOME_PAGE: {e}\")\n    \n        try:\n            with allure.step(\"✅ Detecting and accepting cookies\"):\n                WebDriverWait(driver, 6).until(\n                    EC.presence_of_element_located((By.CSS_SELECTOR, \"cmm-cookie-banner\"))\n                )\n                time.sleep(2)\n                logging.info(\"✅ Cookie banner detected.\")\n>               driver.execute_script(\"\"\"\n                    document.querySelector(\"cmm-cookie-banner\").shadowRoot.querySelector(\"wb7-button.button--accept-all\").click();\n                \"\"\")\n\nQAAppAllure.py:153: \n_ _ _ _ _ _ _ _ _ _ _ _ _ _ _ _ _ _ _ _ _ _ _ _ _ _ _ _ _ _ _ _ _ _ _ _ _ _ _ _ \n../../../.cache/pypoetry/virtualenvs/qa-allure-reporting-zz3bSAuT-py3.13/lib/python3.13/site-packages/selenium/webdriver/remote/webdriver.py:528: in execute_script\n    return self.execute(command, {\"script\": script, \"args\": converted_args})[\"value\"]\n../../../.cache/pypoetry/virtualenvs/qa-allure-reporting-zz3bSAuT-py3.13/lib/python3.13/site-packages/selenium/webdriver/remote/webdriver.py:429: in execute\n    self.error_handler.check_response(response)\n_ _ _ _ _ _ _ _ _ _ _ _ _ _ _ _ _ _ _ _ _ _ _ _ _ _ _ _ _ _ _ _ _ _ _ _ _ _ _ _ \n\nself = <selenium.webdriver.remote.errorhandler.ErrorHandler object at 0x7f282775a490>\nresponse = {'status': 500, 'value': '{\"value\":{\"error\":\"javascript error\",\"message\":\"javascript error: Cannot read properties of ...\\\\n#17 0x556709e8d666 \\\\u003Cunknown>\\\\n#18 0x7f2c6949caa4 \\\\u003Cunknown>\\\\n#19 0x7f2c69529c3c \\\\u003Cunknown>\\\\n\"}}'}\n\n    def check_response(self, response: Dict[str, Any]) -> None:\n        \"\"\"Checks that a JSON response from the WebDriver does not have an\n        error.\n    \n        :Args:\n         - response - The JSON response from the WebDriver server as a dictionary\n           object.\n    \n        :Raises: If the response contains an error message.\n        \"\"\"\n        status = response.get(\"status\", None)\n        if not status or status == ErrorCode.SUCCESS:\n            return\n        value = None\n        message = response.get(\"message\", \"\")\n        screen: str = response.get(\"screen\", \"\")\n        stacktrace = None\n        if isinstance(status, int):\n            value_json = response.get(\"value\", None)\n            if value_json and isinstance(value_json, str):\n                import json\n    \n                try:\n                    value = json.loads(value_json)\n                    if len(value) == 1:\n                        value = value[\"value\"]\n                    status = value.get(\"error\", None)\n                    if not status:\n                        status = value.get(\"status\", ErrorCode.UNKNOWN_ERROR)\n                        message = value.get(\"value\") or value.get(\"message\")\n                        if not isinstance(message, str):\n                            value = message\n                            message = message.get(\"message\")\n                    else:\n                        message = value.get(\"message\", None)\n                except ValueError:\n                    pass\n    \n        exception_class: Type[WebDriverException]\n        e = ErrorCode()\n        error_codes = [item for item in dir(e) if not item.startswith(\"__\")]\n        for error_code in error_codes:\n            error_info = getattr(ErrorCode, error_code)\n            if isinstance(error_info, list) and status in error_info:\n                exception_class = getattr(ExceptionMapping, error_code, WebDriverException)\n                break\n        else:\n            exception_class = WebDriverException\n    \n        if not value:\n            value = response[\"value\"]\n        if isinstance(value, str):\n            raise exception_class(value)\n        if message == \"\" and \"message\" in value:\n            message = value[\"message\"]\n    \n        screen = None  # type: ignore[assignment]\n        if \"screen\" in value:\n            screen = value[\"screen\"]\n    \n        stacktrace = None\n        st_value = value.get(\"stackTrace\") or value.get(\"stacktrace\")\n        if st_value:\n            if isinstance(st_value, str):\n                stacktrace = st_value.split(\"\\n\")\n            else:\n                stacktrace = []\n                try:\n                    for frame in st_value:\n                        line = frame.get(\"lineNumber\", \"\")\n                        file = frame.get(\"fileName\", \"<anonymous>\")\n                        if line:\n                            file = f\"{file}:{line}\"\n                        meth = frame.get(\"methodName\", \"<anonymous>\")\n                        if \"className\" in frame:\n                            meth = f\"{frame['className']}.{meth}\"\n                        msg = \"    at %s (%s)\"\n                        msg = msg % (meth, file)\n                        stacktrace.append(msg)\n                except TypeError:\n                    pass\n        if exception_class == UnexpectedAlertPresentException:\n            alert_text = None\n            if \"data\" in value:\n                alert_text = value[\"data\"].get(\"text\")\n            elif \"alert\" in value:\n                alert_text = value[\"alert\"].get(\"text\")\n            raise exception_class(message, screen, stacktrace, alert_text)  # type: ignore[call-arg]  # mypy is not smart enough here\n>       raise exception_class(message, screen, stacktrace)\nE       selenium.common.exceptions.JavascriptException: Message: javascript error: Cannot read properties of null (reading 'click')\nE         (Session info: chrome=136.0.7103.59)\nE       Stacktrace:\nE       #0 0x556709e8e7fa <unknown>\nE       #1 0x556709932e90 <unknown>\nE       #2 0x556709939b3f <unknown>\nE       #3 0x55670993c697 <unknown>\nE       #4 0x5567099d10ee <unknown>\nE       #5 0x5567099aa242 <unknown>\nE       #6 0x5567099d0135 <unknown>\nE       #7 0x5567099aa013 <unknown>\nE       #8 0x556709976b3b <unknown>\nE       #9 0x5567099777a1 <unknown>\nE       #10 0x556709e53b9b <unknown>\nE       #11 0x556709e57a8a <unknown>\nE       #12 0x556709e3b912 <unknown>\nE       #13 0x556709e58604 <unknown>\nE       #14 0x556709e2074f <unknown>\nE       #15 0x556709e7c678 <unknown>\nE       #16 0x556709e7c856 <unknown>\nE       #17 0x556709e8d666 <unknown>\nE       #18 0x7f2c6949caa4 <unknown>\nE       #19 0x7f2c69529c3c <unknown>\n\n../../../.cache/pypoetry/virtualenvs/qa-allure-reporting-zz3bSAuT-py3.13/lib/python3.13/site-packages/selenium/webdriver/remote/errorhandler.py:232: JavascriptException\n\nDuring handling of the above exception, another exception occurred:\n\ntest_case = {'body_type': 'SALOON-LONG', 'market_code': 'RO/ro', 'model_code': 'V223', 'model_name': 'S-CLASS', ...}\nscreenshot_dir = '/home/runner/work/QA-Allure-Testing/QA-Allure-Testing/Tests'\n\n    @pytest.mark.parametrize(\"test_case\", all_test_cases)\n    def test_run(test_case, screenshot_dir):\n        \"\"\"\n        Runs a test for each test case, either manually defined or dynamically fetched.\n        \"\"\"\n        test_name = test_case['test_name']\n        market_code = test_case.get('market_code', 'BE/nl')\n        model_code = test_case.get('model_code', None)\n        model_name = test_case.get('model_name', None)\n        body_type = test_case.get('body_type', None)\n        urls = test_case.get('urls', {})\n    \n        # Log test case details\n        logging.info(f\"Running test case: {json.dumps(test_case, indent=2)}\")\n    \n        # Validate URLs\n        if not urls or 'HOME_PAGE' not in urls or not urls['HOME_PAGE']:\n            logging.error(f\"❌ Missing HOME_PAGE URL for test '{test_name}' (market: {market_code}, model: {model_code}).\")\n            allure.attach(f\"❌ Missing HOME_PAGE URL for test '{test_name}' (market: {market_code}, model: {model_code}).\")\n            return\n    \n    \n        # Generar ID único y consistente para Allure\n        uid_raw = f\"{test_name}_{market_code}_{model_code or 'unknown'}\"\n        uid_hashed = hashlib.md5(uid_raw.encode()).hexdigest()\n        allure.dynamic.id(uid_hashed)\n    \n        # Define browser options and create driver\n        options = build_chrome_options()\n        driver = create_driver(options)\n    \n        try:\n            # Set Allure suite hierarchy\n            allure.dynamic.parent_suite(f\"{market_code}\")  # Parent Suite\n            allure.dynamic.suite(f\"{test_name}\")  # Suite\n            allure.dynamic.sub_suite(f\"{model_code or 'N/A'} - {model_name or 'N/A'} ({body_type or 'N/A'})\")  # Sub-Suite\n    \n            # Add dynamic tags\n            allure.dynamic.tag(test_name)\n            allure.dynamic.tag(market_code)\n            if model_code:\n                allure.dynamic.tag(model_code)\n            if body_type:\n                allure.dynamic.tag(body_type)\n            if model_name:\n                allure.dynamic.tag(model_name)\n    \n            # Attach URLs to Allure\n            allure.attach(\n                json.dumps(urls, indent=2),\n                name=f\"URLs for {model_name or 'N/A'} ({body_type or 'N/A'})\",\n                attachment_type=allure.attachment_type.JSON\n            )\n    \n            # Extract base test name\n            base_test_name = test_name.split(\" - \")[0]\n    \n            # Run the test logic for the current model\n            try:\n                api_and_xhr = create_api_and_xhr(driver)\n                if api_and_xhr is None or api_and_xhr[1] is None:\n                    logging.error(\"❌ Failed to initialize API and XHR capturer.\")\n                    allure.attach(\"❌ Failed to initialize API and XHR capturer.\", name=\"Initialization Error\", attachment_type=allure.attachment_type.TEXT)\n                    return\n                if base_test_name in test_mapping:\n>                   run_test(driver, base_test_name, market_code, model_code, model_name, body_type, 1, urls, api_and_xhr, screenshot_dir)\n\nQAAppAllure.py:341: \n_ _ _ _ _ _ _ _ _ _ _ _ _ _ _ _ _ _ _ _ _ _ _ _ _ _ _ _ _ _ _ _ _ _ _ _ _ _ _ _ \n\ndriver = <selenium.webdriver.chrome.webdriver.WebDriver (session=\"a1e11514b62fa8fa70c5496adebcc37a\")>\ntest_name = 'BFV1', market_code = 'RO/ro', model_code = 'V223'\nmodel_name = 'S-CLASS', body_type = 'SALOON-LONG', attempt = 1\nurls = {'BODY_TYPE': 'SALOON-LONG?internal_test=true', 'CONFIGURATOR': 'https://www.mercedes-benz.ro/passengercars/mercedes-b...t=true', 'HOME_PAGE': 'https://www.mercedes-benz.ro/?internal_test=true', 'MODEL_CODE': 'V223?internal_test=true', ...}\napi_and_xhr = (<App.vehicle_api.VehicleAPI object at 0x7f28277cd7f0>, <App.XHRResponseCapturer.XHRResponseCapturer object at 0x7f282772e9e0>)\nscreenshot_dir = '/home/runner/work/QA-Allure-Testing/QA-Allure-Testing/Tests'\n\n    def run_test(driver, test_name, market_code, model_code, model_name, body_type, attempt, urls, api_and_xhr, screenshot_dir):\n        vehicle_api, xhr_capturer = api_and_xhr\n        test_success = False\n    \n        if not urls or 'HOME_PAGE' not in urls or not urls['HOME_PAGE']:\n            allure.attach(f\"❌ Could not fetch valid URLs for test '{test_name}' (market: {market_code}, model: {model_code})\")\n            pytest.fail(f\"Missing HOME_PAGE URL for test '{test_name}'\")\n    \n        allure.step(f\"\uD83C\uDF10 Fetched URLs from API for test '{test_name}':\\n\"\n                    f\"Model Name: {urls.get('MODEL_NAME', 'N/A')}\\n\"\n                    f\"Body Type: {urls.get('BODY_TYPE', 'N/A')}\\n\"\n                    f\"URLs:\\n{json.dumps(urls, indent=2)}\")\n    \n        # BFV Logic\n        if 'CONFIGURATOR' not in urls or not urls['CONFIGURATOR']:\n            if test_name in [\"BFV1\", \"BFV2\", \"BFV3\", \"Last Configuration Started\", \"Last Configuration Completed\"]:\n                message = f\"❌ Skipping test '{test_name}' due to lack of CONFIGURATOR URL.\"\n                logging.warning(message)\n                allure.dynamic.description(message)\n                pytest.skip(message)\n    \n        if 'ONLINE_SHOP' not in urls or not urls['ONLINE_SHOP']:\n            if test_name in [\"BFV2\", \"BFV3\", \"Last Seen PDP\", \"Last Seen SRP\"]:\n                message = f\"❌ Skipping test '{test_name}' due to lack of ONLINE_SHOP URL.\"\n                logging.warning(message)\n                allure.dynamic.description(message)\n                pytest.skip(message)\n    \n        if 'TEST_DRIVE' not in urls or not urls['TEST_DRIVE']:\n            if test_name == \"BFV3\":\n                message = f\"❌ Skipping test '{test_name}' due to lack of TEST_DRIVE URL.\"\n                logging.warning(message)\n                allure.dynamic.description(message)\n                pytest.skip(message)\n    \n        try:\n            with allure.step(f\"\uD83C\uDF0D Navigating to HOME_PAGE: {urls['HOME_PAGE']}\"):\n                driver.get(urls['HOME_PAGE'])\n                WebDriverWait(driver, 15).until(lambda d: d.execute_script(\"return document.readyState\") == \"complete\")\n                logging.info(f\"\uD83C\uDF0D Navigated to: {urls['HOME_PAGE']}\")\n        except Exception as e:\n            logging.error(f\"❌ Error navigating to HOME_PAGE: {e}\")\n            pytest.fail(f\"Error navigating to HOME_PAGE: {e}\")\n    \n        try:\n            with allure.step(\"✅ Detecting and accepting cookies\"):\n                WebDriverWait(driver, 6).until(\n                    EC.presence_of_element_located((By.CSS_SELECTOR, \"cmm-cookie-banner\"))\n                )\n                time.sleep(2)\n                logging.info(\"✅ Cookie banner detected.\")\n                driver.execute_script(\"\"\"\n                    document.querySelector(\"cmm-cookie-banner\").shadowRoot.querySelector(\"wb7-button.button--accept-all\").click();\n                \"\"\")\n                logging.info(\"✅ Clicked on accept cookies.\")\n        except Exception as ex:\n            # Attach the error to Allure\n            allure.attach(\"❌ Cookie banner not found or already accepted.\", name=\"Cookie Acceptance Error\", attachment_type=allure.attachment_type.TEXT)\n            # Add a custom defect category\n            allure.dynamic.label(\"defect\", \"Cookie Acceptance Failure\")\n            allure.dynamic.tag(\"Cookie Issue\")\n    \n            # Log the error\n            logging.error(\"❌ Failed to accept cookies.\")\n>           pytest.fail(\"Failed to accept cookies.\")\nE           Failed: Failed to accept cookies.\n\nQAAppAllure.py:166: Failed","steps":[{"name":"Setting up stealth mode for the browser","time":{"start":1747132780589,"stop":1747132780624,"duration":35},"status":"passed","steps":[],"attachments":[],"parameters":[],"shouldDisplayMessage":false,"attachmentsCount":0,"stepsCount":0,"hasContent":false,"attachmentStep":false},{"name":"Enabling network logging","time":{"start":1747132780624,"stop":1747132780626,"duration":2},"status":"passed","steps":[],"attachments":[],"parameters":[],"shouldDisplayMessage":false,"attachmentsCount":0,"stepsCount":0,"hasContent":false,"attachmentStep":false},{"name":"\uD83C\uDF0D Navigating to HOME_PAGE: https://www.mercedes-benz.ro/?internal_test=true","time":{"start":1747132780626,"stop":1747132790732,"duration":10106},"status":"passed","steps":[],"attachments":[],"parameters":[],"shouldDisplayMessage":false,"attachmentsCount":0,"stepsCount":0,"hasContent":false,"attachmentStep":false},{"name":"✅ Detecting and accepting cookies","time":{"start":1747132790732,"stop":1747132792812,"duration":2080},"status":"broken","statusMessage":"selenium.common.exceptions.JavascriptException: Message: javascript error: Cannot read properties of null (reading 'click')\n  (Session info: chrome=136.0.7103.59)\nStacktrace:\n#0 0x556709e8e7fa <unknown>\n#1 0x556709932e90 <unknown>\n#2 0x556709939b3f <unknown>\n#3 0x55670993c697 <unknown>\n#4 0x5567099d10ee <unknown>\n#5 0x5567099aa242 <unknown>\n#6 0x5567099d0135 <unknown>\n#7 0x5567099aa013 <unknown>\n#8 0x556709976b3b <unknown>\n#9 0x5567099777a1 <unknown>\n#10 0x556709e53b9b <unknown>\n#11 0x556709e57a8a <unknown>\n#12 0x556709e3b912 <unknown>\n#13 0x556709e58604 <unknown>\n#14 0x556709e2074f <unknown>\n#15 0x556709e7c678 <unknown>\n#16 0x556709e7c856 <unknown>\n#17 0x556709e8d666 <unknown>\n#18 0x7f2c6949caa4 <unknown>\n#19 0x7f2c69529c3c <unknown>\n\n","statusTrace":"  File \"/home/runner/work/QA-Allure-Testing/QA-Allure-Testing/QAAppAllure.py\", line 153, in run_test\n    driver.execute_script(\"\"\"\n    ~~~~~~~~~~~~~~~~~~~~~^^^^\n        document.querySelector(\"cmm-cookie-banner\").shadowRoot.querySelector(\"wb7-button.button--accept-all\").click();\n        ^^^^^^^^^^^^^^^^^^^^^^^^^^^^^^^^^^^^^^^^^^^^^^^^^^^^^^^^^^^^^^^^^^^^^^^^^^^^^^^^^^^^^^^^^^^^^^^^^^^^^^^^^^^^^^\n    \"\"\")\n    ^^^^\n  File \"/home/runner/.cache/pypoetry/virtualenvs/qa-allure-reporting-zz3bSAuT-py3.13/lib/python3.13/site-packages/selenium/webdriver/remote/webdriver.py\", line 528, in execute_script\n    return self.execute(command, {\"script\": script, \"args\": converted_args})[\"value\"]\n           ~~~~~~~~~~~~^^^^^^^^^^^^^^^^^^^^^^^^^^^^^^^^^^^^^^^^^^^^^^^^^^^^^\n  File \"/home/runner/.cache/pypoetry/virtualenvs/qa-allure-reporting-zz3bSAuT-py3.13/lib/python3.13/site-packages/selenium/webdriver/remote/webdriver.py\", line 429, in execute\n    self.error_handler.check_response(response)\n    ~~~~~~~~~~~~~~~~~~~~~~~~~~~~~~~~~^^^^^^^^^^\n  File \"/home/runner/.cache/pypoetry/virtualenvs/qa-allure-reporting-zz3bSAuT-py3.13/lib/python3.13/site-packages/selenium/webdriver/remote/errorhandler.py\", line 232, in check_response\n    raise exception_class(message, screen, stacktrace)\n","steps":[],"attachments":[],"parameters":[],"shouldDisplayMessage":true,"attachmentsCount":0,"stepsCount":0,"hasContent":true,"attachmentStep":false}],"attachments":[{"uid":"7ec0903fe98129d7","name":"URLs for S-CLASS (SALOON-LONG)","source":"7ec0903fe98129d7.json","type":"application/json","size":906},{"uid":"48cd838f8f635c9a","name":"Cookie Acceptance Error","source":"48cd838f8f635c9a.txt","type":"text/plain","size":48},{"uid":"224b718e4f83dac0","name":"log","source":"224b718e4f83dac0.txt","type":"text/plain","size":62}],"parameters":[],"shouldDisplayMessage":true,"attachmentsCount":3,"stepsCount":4,"hasContent":true,"attachmentStep":false},"afterStages":[],"labels":[{"name":"as_id","value":"06f13d95f6b3e277c5c997760563f4bf"},{"name":"parentSuite","value":"RO/ro"},{"name":"suite","value":"BFV1"},{"name":"subSuite","value":"V223 - S-CLASS (SALOON-LONG)"},{"name":"tag","value":"BFV1"},{"name":"tag","value":"RO/ro"},{"name":"tag","value":"V223"},{"name":"tag","value":"SALOON-LONG"},{"name":"tag","value":"S-CLASS"},{"name":"defect","value":"Cookie Acceptance Failure"},{"name":"tag","value":"Cookie Issue"},{"name":"host","value":"fv-az788-445"},{"name":"thread","value":"2308-MainThread"},{"name":"framework","value":"pytest"},{"name":"language","value":"cpython3"},{"name":"package","value":"QAAppAllure"},{"name":"resultFormat","value":"allure2"}],"parameters":[{"name":"test_case","value":"{'test_name': 'BFV1', 'market_code': 'RO/ro', 'model_code': 'V223', 'model_name': 'S-CLASS', 'body_type': 'SALOON-LONG', 'urls': {'MODEL_CODE': 'V223?internal_test=true', 'PRODUCT_PAGE': 'https://www.mercedes-benz.ro/passengercars/models/saloon-long/s-class/overview.html?internal_test=true', 'CONFIGURATOR': 'https://www.mercedes-benz.ro/passengercars/mercedes-benz-cars/car-configurator.html/motorization/CCci/RO/ro/S-KLASSE/LIMOUSINE_LANG?internal_test=true', 'ONLINE_SHOP': 'https://www.mercedes-benz.ro/passengercars/buy/new-car/search-results.html/vehicleCategory-vehicles/brand-Mercedes-Benz/modelIdentifier-S_CLASS/?emhsortType=price-asc&emhbodyType=LONG_SEDAN?internal_test=true', 'TEST_DRIVE': 'https://www.mercedes-benz.ro/passengercars/mercedes-benz-cars/online-testdrive.html#/dealer?context=OWPC&modelSeries=V223&modelType=ALL?internal_test=true', 'HOME_PAGE': 'https://www.mercedes-benz.ro/?internal_test=true', 'BODY_TYPE': 'SALOON-LONG?internal_test=true', 'MODEL_NAME': 'S-CLASS?internal_test=true'}}"}],"links":[],"hidden":true,"retry":true,"extra":{"categories":[],"tags":["BFV1","SALOON-LONG","RO/ro","V223","S-CLASS","Cookie Issue"]},"source":"68eca1da3fc21dd0.json","parameterValues":["{'test_name': 'BFV1', 'market_code': 'RO/ro', 'model_code': 'V223', 'model_name': 'S-CLASS', 'body_type': 'SALOON-LONG', 'urls': {'MODEL_CODE': 'V223?internal_test=true', 'PRODUCT_PAGE': 'https://www.mercedes-benz.ro/passengercars/models/saloon-long/s-class/overview.html?internal_test=true', 'CONFIGURATOR': 'https://www.mercedes-benz.ro/passengercars/mercedes-benz-cars/car-configurator.html/motorization/CCci/RO/ro/S-KLASSE/LIMOUSINE_LANG?internal_test=true', 'ONLINE_SHOP': 'https://www.mercedes-benz.ro/passengercars/buy/new-car/search-results.html/vehicleCategory-vehicles/brand-Mercedes-Benz/modelIdentifier-S_CLASS/?emhsortType=price-asc&emhbodyType=LONG_SEDAN?internal_test=true', 'TEST_DRIVE': 'https://www.mercedes-benz.ro/passengercars/mercedes-benz-cars/online-testdrive.html#/dealer?context=OWPC&modelSeries=V223&modelType=ALL?internal_test=true', 'HOME_PAGE': 'https://www.mercedes-benz.ro/?internal_test=true', 'BODY_TYPE': 'SALOON-LONG?internal_test=true', 'MODEL_NAME': 'S-CLASS?internal_test=true'}}"]}